<?xml version="1.0" encoding="UTF-8"?>
<testng-results ignored="0" total="22" passed="22" failed="0" skipped="0">
  <reporter-output>
  </reporter-output>
  <suite started-at="2024-06-23T21:57:49 IST" name="Surefire suite" finished-at="2024-06-23T22:02:31 IST" duration-ms="282344">
    <groups>
    </groups>
    <test started-at="2024-06-23T21:57:49 IST" name="Surefire test" finished-at="2024-06-23T22:02:31 IST" duration-ms="282344">
      <class name="Test.FlipkartStoriesTest">
        <test-method is-config="true" signature="setUp()[pri:0, instance:Test.FlipkartStoriesTest@165b8a71]" started-at="2024-06-23T22:00:08 IST" name="setUp" finished-at="2024-06-23T22:00:12 IST" duration-ms="4836" status="PASS">
          <reporter-output>
          </reporter-output>
        </test-method> <!-- setUp -->
        <test-method is-config="true" signature="setup()[pri:0, instance:Test.FlipkartStoriesTest@165b8a71]" started-at="2024-06-23T22:00:12 IST" name="setup" finished-at="2024-06-23T22:00:12 IST" duration-ms="0" status="PASS">
          <reporter-output>
          </reporter-output>
        </test-method> <!-- setup -->
        <test-method signature="testFlipkartStoriesSubscribe()[pri:11, instance:Test.FlipkartStoriesTest@165b8a71]" started-at="2024-06-23T22:00:12 IST" name="testFlipkartStoriesSubscribe" finished-at="2024-06-23T22:00:45 IST" duration-ms="32616" status="PASS">
          <reporter-output>
          </reporter-output>
        </test-method> <!-- testFlipkartStoriesSubscribe -->
        <test-method is-config="true" signature="tearDown()[pri:0, instance:Test.FlipkartStoriesTest@165b8a71]" started-at="2024-06-23T22:00:45 IST" name="tearDown" finished-at="2024-06-23T22:00:45 IST" duration-ms="32" status="PASS">
          <reporter-output>
          </reporter-output>
        </test-method> <!-- tearDown -->
      </class> <!-- Test.FlipkartStoriesTest -->
      <class name="Test.AddToCartTest">
        <test-method is-config="true" signature="setUp()[pri:0, instance:Test.AddToCartTest@716a7124]" started-at="2024-06-23T21:57:49 IST" name="setUp" finished-at="2024-06-23T21:57:55 IST" duration-ms="5767" status="PASS">
          <reporter-output>
          </reporter-output>
        </test-method> <!-- setUp -->
        <test-method is-config="true" signature="setup()[pri:0, instance:Test.AddToCartTest@716a7124]" started-at="2024-06-23T21:57:55 IST" name="setup" finished-at="2024-06-23T21:57:56 IST" duration-ms="1460" status="PASS">
          <reporter-output>
          </reporter-output>
        </test-method> <!-- setup -->
        <test-method signature="testAddProductToCart(java.lang.String,java.lang.String,java.lang.String)[pri:1, instance:Test.AddToCartTest@716a7124]" started-at="2024-06-23T21:57:56 IST" name="testAddProductToCart" data-provider="addToCartData" finished-at="2024-06-23T21:58:07 IST" duration-ms="10427" status="PASS">
          <params>
            <param index="0">
              <value>
                <![CDATA[addtocartpage]]>
              </value>
            </param>
            <param index="1">
              <value>
                <![CDATA[headphone]]>
              </value>
            </param>
            <param index="2">
              <value>
                <![CDATA[yes]]>
              </value>
            </param>
          </params>
          <reporter-output>
          </reporter-output>
        </test-method> <!-- testAddProductToCart -->
        <test-method signature="testAddProductToCart(java.lang.String,java.lang.String,java.lang.String)[pri:1, instance:Test.AddToCartTest@716a7124]" started-at="2024-06-23T21:58:07 IST" name="testAddProductToCart" data-provider="addToCartData" finished-at="2024-06-23T21:58:07 IST" duration-ms="0" status="PASS">
          <params>
            <param index="0">
              <value>
                <![CDATA[loginpage]]>
              </value>
            </param>
            <param index="1">
              <value>
                <![CDATA[person1@gmail.com]]>
              </value>
            </param>
            <param index="2">
              <value>
                <![CDATA[yes]]>
              </value>
            </param>
          </params>
          <reporter-output>
          </reporter-output>
        </test-method> <!-- testAddProductToCart -->
        <test-method signature="testAddProductToCart(java.lang.String,java.lang.String,java.lang.String)[pri:1, instance:Test.AddToCartTest@716a7124]" started-at="2024-06-23T21:58:07 IST" name="testAddProductToCart" data-provider="addToCartData" finished-at="2024-06-23T21:58:07 IST" duration-ms="0" status="PASS">
          <params>
            <param index="0">
              <value>
                <![CDATA[productfilterpage]]>
              </value>
            </param>
            <param index="1">
              <value>
                <![CDATA[mobile]]>
              </value>
            </param>
            <param index="2">
              <value>
                <![CDATA[yes]]>
              </value>
            </param>
          </params>
          <reporter-output>
          </reporter-output>
        </test-method> <!-- testAddProductToCart -->
        <test-method is-config="true" signature="tearDown()[pri:0, instance:Test.AddToCartTest@716a7124]" started-at="2024-06-23T21:58:07 IST" name="tearDown" finished-at="2024-06-23T21:58:08 IST" duration-ms="738" status="PASS">
          <reporter-output>
          </reporter-output>
        </test-method> <!-- tearDown -->
      </class> <!-- Test.AddToCartTest -->
      <class name="Test.RemoveProductTest">
        <test-method is-config="true" signature="setUp()[pri:0, instance:Test.RemoveProductTest@751d3241]" started-at="2024-06-23T22:01:49 IST" name="setUp" finished-at="2024-06-23T22:01:54 IST" duration-ms="4869" status="PASS">
          <reporter-output>
          </reporter-output>
        </test-method> <!-- setUp -->
        <test-method signature="testRemoveItemFromCart()[pri:18, instance:Test.RemoveProductTest@751d3241]" started-at="2024-06-23T22:01:54 IST" name="testRemoveItemFromCart" finished-at="2024-06-23T22:02:08 IST" duration-ms="14582" status="PASS">
          <reporter-output>
          </reporter-output>
        </test-method> <!-- testRemoveItemFromCart -->
        <test-method is-config="true" signature="setup()[pri:0, instance:Test.RemoveProductTest@751d3241]" started-at="2024-06-23T22:01:54 IST" name="setup" finished-at="2024-06-23T22:01:54 IST" duration-ms="0" status="PASS">
          <reporter-output>
          </reporter-output>
        </test-method> <!-- setup -->
        <test-method is-config="true" signature="tearDown()[pri:0, instance:Test.RemoveProductTest@751d3241]" started-at="2024-06-23T22:02:08 IST" name="tearDown" finished-at="2024-06-23T22:02:08 IST" duration-ms="31" status="PASS">
          <reporter-output>
          </reporter-output>
        </test-method> <!-- tearDown -->
      </class> <!-- Test.RemoveProductTest -->
      <class name="Test.FlipkartCareerTest">
        <test-method is-config="true" signature="setUp()[pri:0, instance:Test.FlipkartCareerTest@72bd06ca]" started-at="2024-06-23T21:58:17 IST" name="setUp" finished-at="2024-06-23T21:58:22 IST" duration-ms="4674" status="PASS">
          <reporter-output>
          </reporter-output>
        </test-method> <!-- setUp -->
        <test-method signature="testCareerLink()[pri:3, instance:Test.FlipkartCareerTest@72bd06ca]" started-at="2024-06-23T21:58:22 IST" name="testCareerLink" finished-at="2024-06-23T21:58:32 IST" duration-ms="9981" status="PASS">
          <reporter-output>
          </reporter-output>
        </test-method> <!-- testCareerLink -->
        <test-method is-config="true" signature="setup()[pri:0, instance:Test.FlipkartCareerTest@72bd06ca]" started-at="2024-06-23T21:58:22 IST" name="setup" finished-at="2024-06-23T21:58:22 IST" duration-ms="0" status="PASS">
          <reporter-output>
          </reporter-output>
        </test-method> <!-- setup -->
        <test-method is-config="true" signature="tearDown()[pri:0, instance:Test.FlipkartCareerTest@72bd06ca]" started-at="2024-06-23T21:58:32 IST" name="tearDown" finished-at="2024-06-23T21:58:32 IST" duration-ms="63" status="PASS">
          <reporter-output>
          </reporter-output>
        </test-method> <!-- tearDown -->
      </class> <!-- Test.FlipkartCareerTest -->
      <class name="Test.SellerTest">
        <test-method is-config="true" signature="setUp()[pri:0, instance:Test.SellerTest@64337702]" started-at="2024-06-23T22:02:19 IST" name="setUp" finished-at="2024-06-23T22:02:24 IST" duration-ms="5477" status="PASS">
          <reporter-output>
          </reporter-output>
        </test-method> <!-- setUp -->
        <test-method signature="testSellerPage()[pri:20, instance:Test.SellerTest@64337702]" started-at="2024-06-23T22:02:24 IST" name="testSellerPage" finished-at="2024-06-23T22:02:31 IST" duration-ms="6944" status="PASS">
          <reporter-output>
          </reporter-output>
        </test-method> <!-- testSellerPage -->
        <test-method is-config="true" signature="setup()[pri:0, instance:Test.SellerTest@64337702]" started-at="2024-06-23T22:02:24 IST" name="setup" finished-at="2024-06-23T22:02:24 IST" duration-ms="0" status="PASS">
          <reporter-output>
          </reporter-output>
        </test-method> <!-- setup -->
        <test-method is-config="true" signature="tearDown()[pri:0, instance:Test.SellerTest@64337702]" started-at="2024-06-23T22:02:31 IST" name="tearDown" finished-at="2024-06-23T22:02:31 IST" duration-ms="29" status="PASS">
          <reporter-output>
          </reporter-output>
        </test-method> <!-- tearDown -->
      </class> <!-- Test.SellerTest -->
      <class name="Test.FlipkartMyntraTest">
        <test-method is-config="true" signature="setUp()[pri:0, instance:Test.FlipkartMyntraTest@3d08f3f5]" started-at="2024-06-23T21:59:21 IST" name="setUp" finished-at="2024-06-23T21:59:25 IST" duration-ms="4029" status="PASS">
          <reporter-output>
          </reporter-output>
        </test-method> <!-- setUp -->
        <test-method signature="testMyntraLink()[pri:8, instance:Test.FlipkartMyntraTest@3d08f3f5]" started-at="2024-06-23T21:59:25 IST" name="testMyntraLink" finished-at="2024-06-23T21:59:47 IST" duration-ms="22175" status="PASS">
          <reporter-output>
          </reporter-output>
        </test-method> <!-- testMyntraLink -->
        <test-method is-config="true" signature="setup()[pri:0, instance:Test.FlipkartMyntraTest@3d08f3f5]" started-at="2024-06-23T21:59:25 IST" name="setup" finished-at="2024-06-23T21:59:25 IST" duration-ms="0" status="PASS">
          <reporter-output>
          </reporter-output>
        </test-method> <!-- setup -->
        <test-method is-config="true" signature="tearDown()[pri:0, instance:Test.FlipkartMyntraTest@3d08f3f5]" started-at="2024-06-23T21:59:47 IST" name="tearDown" finished-at="2024-06-23T21:59:47 IST" duration-ms="62" status="PASS">
          <reporter-output>
          </reporter-output>
        </test-method> <!-- tearDown -->
      </class> <!-- Test.FlipkartMyntraTest -->
      <class name="Test.LoginTest">
        <test-method is-config="true" signature="setUp()[pri:0, instance:Test.LoginTest@2f058b8a]" started-at="2024-06-23T22:00:54 IST" name="setUp" finished-at="2024-06-23T22:01:00 IST" duration-ms="6345" status="PASS">
          <reporter-output>
          </reporter-output>
        </test-method> <!-- setUp -->
        <test-method is-config="true" signature="setup()[pri:0, instance:Test.LoginTest@2f058b8a]" started-at="2024-06-23T22:01:00 IST" name="setup" finished-at="2024-06-23T22:01:00 IST" duration-ms="64" status="PASS">
          <reporter-output>
          </reporter-output>
        </test-method> <!-- setup -->
        <test-method signature="testLoginLink(java.lang.String,java.lang.String,java.lang.String)[pri:13, instance:Test.LoginTest@2f058b8a]" started-at="2024-06-23T22:01:00 IST" name="testLoginLink" data-provider="loginData" finished-at="2024-06-23T22:01:00 IST" duration-ms="40" status="PASS">
          <params>
            <param index="0">
              <value>
                <![CDATA[addtocartpage]]>
              </value>
            </param>
            <param index="1">
              <value>
                <![CDATA[headphone]]>
              </value>
            </param>
            <param index="2">
              <value>
                <![CDATA[yes]]>
              </value>
            </param>
          </params>
          <reporter-output>
          </reporter-output>
        </test-method> <!-- testLoginLink -->
        <test-method signature="testLoginLink(java.lang.String,java.lang.String,java.lang.String)[pri:13, instance:Test.LoginTest@2f058b8a]" started-at="2024-06-23T22:01:00 IST" name="testLoginLink" data-provider="loginData" finished-at="2024-06-23T22:01:05 IST" duration-ms="5016" status="PASS">
          <params>
            <param index="0">
              <value>
                <![CDATA[loginpage]]>
              </value>
            </param>
            <param index="1">
              <value>
                <![CDATA[person1@gmail.com]]>
              </value>
            </param>
            <param index="2">
              <value>
                <![CDATA[yes]]>
              </value>
            </param>
          </params>
          <reporter-output>
          </reporter-output>
        </test-method> <!-- testLoginLink -->
        <test-method signature="testLoginLink(java.lang.String,java.lang.String,java.lang.String)[pri:13, instance:Test.LoginTest@2f058b8a]" started-at="2024-06-23T22:01:05 IST" name="testLoginLink" data-provider="loginData" finished-at="2024-06-23T22:01:05 IST" duration-ms="0" status="PASS">
          <params>
            <param index="0">
              <value>
                <![CDATA[productfilterpage]]>
              </value>
            </param>
            <param index="1">
              <value>
                <![CDATA[mobile]]>
              </value>
            </param>
            <param index="2">
              <value>
                <![CDATA[yes]]>
              </value>
            </param>
          </params>
          <reporter-output>
          </reporter-output>
        </test-method> <!-- testLoginLink -->
        <test-method is-config="true" signature="tearDown()[pri:0, instance:Test.LoginTest@2f058b8a]" started-at="2024-06-23T22:01:05 IST" name="tearDown" finished-at="2024-06-23T22:01:05 IST" duration-ms="48" status="PASS">
          <reporter-output>
          </reporter-output>
        </test-method> <!-- tearDown -->
      </class> <!-- Test.LoginTest -->
      <class name="Test.FlipkartGroceryTest">
        <test-method is-config="true" signature="setUp()[pri:0, instance:Test.FlipkartGroceryTest@55795845]" started-at="2024-06-23T21:59:14 IST" name="setUp" finished-at="2024-06-23T21:59:19 IST" duration-ms="4751" status="PASS">
          <reporter-output>
          </reporter-output>
        </test-method> <!-- setUp -->
        <test-method is-config="true" signature="setup()[pri:0, instance:Test.FlipkartGroceryTest@55795845]" started-at="2024-06-23T21:59:19 IST" name="setup" finished-at="2024-06-23T21:59:19 IST" duration-ms="0" status="PASS">
          <reporter-output>
          </reporter-output>
        </test-method> <!-- setup -->
        <test-method signature="testGroceryLink()[pri:7, instance:Test.FlipkartGroceryTest@55795845]" started-at="2024-06-23T21:59:19 IST" name="testGroceryLink" finished-at="2024-06-23T21:59:21 IST" duration-ms="2166" status="PASS">
          <reporter-output>
          </reporter-output>
        </test-method> <!-- testGroceryLink -->
        <test-method is-config="true" signature="tearDown()[pri:0, instance:Test.FlipkartGroceryTest@55795845]" started-at="2024-06-23T21:59:21 IST" name="tearDown" finished-at="2024-06-23T21:59:21 IST" duration-ms="48" status="PASS">
          <reporter-output>
          </reporter-output>
        </test-method> <!-- tearDown -->
      </class> <!-- Test.FlipkartGroceryTest -->
      <class name="Test.CustomerCareTest">
        <test-method is-config="true" signature="setUp()[pri:0, instance:Test.CustomerCareTest@625e134e]" started-at="2024-06-23T21:58:08 IST" name="setUp" finished-at="2024-06-23T21:58:13 IST" duration-ms="5004" status="PASS">
          <reporter-output>
          </reporter-output>
        </test-method> <!-- setUp -->
        <test-method is-config="true" signature="setup()[pri:0, instance:Test.CustomerCareTest@625e134e]" started-at="2024-06-23T21:58:13 IST" name="setup" finished-at="2024-06-23T21:58:13 IST" duration-ms="4" status="PASS">
          <reporter-output>
          </reporter-output>
        </test-method> <!-- setup -->
        <test-method signature="testCustomerCare()[pri:2, instance:Test.CustomerCareTest@625e134e]" started-at="2024-06-23T21:58:13 IST" name="testCustomerCare" finished-at="2024-06-23T21:58:17 IST" duration-ms="4236" status="PASS">
          <reporter-output>
          </reporter-output>
        </test-method> <!-- testCustomerCare -->
        <test-method is-config="true" signature="tearDown()[pri:0, instance:Test.CustomerCareTest@625e134e]" started-at="2024-06-23T21:58:17 IST" name="tearDown" finished-at="2024-06-23T21:58:17 IST" duration-ms="63" status="PASS">
          <reporter-output>
          </reporter-output>
        </test-method> <!-- tearDown -->
      </class> <!-- Test.CustomerCareTest -->
      <class name="Test.PincodeChangeTest">
        <test-method is-config="true" signature="setUp()[pri:0, instance:Test.PincodeChangeTest@3f2ef586]" started-at="2024-06-23T22:01:29 IST" name="setUp" finished-at="2024-06-23T22:01:37 IST" duration-ms="7963" status="PASS">
          <reporter-output>
          </reporter-output>
        </test-method> <!-- setUp -->
        <test-method is-config="true" signature="setup()[pri:0, instance:Test.PincodeChangeTest@3f2ef586]" started-at="2024-06-23T22:01:37 IST" name="setup" finished-at="2024-06-23T22:01:37 IST" duration-ms="35" status="PASS">
          <reporter-output>
          </reporter-output>
        </test-method> <!-- setup -->
        <test-method signature="testChangePincode(java.lang.String,java.lang.String,java.lang.String)[pri:16, instance:Test.PincodeChangeTest@3f2ef586]" started-at="2024-06-23T22:01:37 IST" name="testChangePincode" data-provider="pincodeData" finished-at="2024-06-23T22:01:49 IST" duration-ms="11896" status="PASS">
          <params>
            <param index="0">
              <value>
                <![CDATA[pincodepage]]>
              </value>
            </param>
            <param index="1">
              <value>
                <![CDATA[123456]]>
              </value>
            </param>
            <param index="2">
              <value>
                <![CDATA[yes]]>
              </value>
            </param>
          </params>
          <reporter-output>
          </reporter-output>
        </test-method> <!-- testChangePincode -->
        <test-method is-config="true" signature="tearDown()[pri:0, instance:Test.PincodeChangeTest@3f2ef586]" started-at="2024-06-23T22:01:49 IST" name="tearDown" finished-at="2024-06-23T22:01:49 IST" duration-ms="32" status="PASS">
          <reporter-output>
          </reporter-output>
        </test-method> <!-- tearDown -->
      </class> <!-- Test.PincodeChangeTest -->
      <class name="Test.FlipkartSocialMediaTest">
        <test-method is-config="true" signature="setUp()[pri:0, instance:Test.FlipkartSocialMediaTest@7fd4acee]" started-at="2024-06-23T21:59:58 IST" name="setUp" finished-at="2024-06-23T22:00:02 IST" duration-ms="4532" status="PASS">
          <reporter-output>
          </reporter-output>
        </test-method> <!-- setUp -->
        <test-method is-config="true" signature="setup()[pri:0, instance:Test.FlipkartSocialMediaTest@7fd4acee]" started-at="2024-06-23T22:00:02 IST" name="setup" finished-at="2024-06-23T22:00:02 IST" duration-ms="2" status="PASS">
          <reporter-output>
          </reporter-output>
        </test-method> <!-- setup -->
        <test-method signature="testYoutubeLink()[pri:10, instance:Test.FlipkartSocialMediaTest@7fd4acee]" started-at="2024-06-23T22:00:02 IST" name="testYoutubeLink" finished-at="2024-06-23T22:00:08 IST" duration-ms="5358" status="PASS">
          <reporter-output>
          </reporter-output>
        </test-method> <!-- testYoutubeLink -->
        <test-method is-config="true" signature="tearDown()[pri:0, instance:Test.FlipkartSocialMediaTest@7fd4acee]" started-at="2024-06-23T22:00:08 IST" name="tearDown" finished-at="2024-06-23T22:00:08 IST" duration-ms="80" status="PASS">
          <reporter-output>
          </reporter-output>
        </test-method> <!-- tearDown -->
      </class> <!-- Test.FlipkartSocialMediaTest -->
      <class name="Test.GiftCardTest">
        <test-method is-config="true" signature="setUp()[pri:0, instance:Test.GiftCardTest@6175619b]" started-at="2024-06-23T22:00:45 IST" name="setUp" finished-at="2024-06-23T22:00:49 IST" duration-ms="4363" status="PASS">
          <reporter-output>
          </reporter-output>
        </test-method> <!-- setUp -->
        <test-method signature="testGiftCardPage()[pri:12, instance:Test.GiftCardTest@6175619b]" started-at="2024-06-23T22:00:49 IST" name="testGiftCardPage" finished-at="2024-06-23T22:00:54 IST" duration-ms="4286" status="PASS">
          <reporter-output>
          </reporter-output>
        </test-method> <!-- testGiftCardPage -->
        <test-method is-config="true" signature="setup()[pri:0, instance:Test.GiftCardTest@6175619b]" started-at="2024-06-23T22:00:49 IST" name="setup" finished-at="2024-06-23T22:00:49 IST" duration-ms="0" status="PASS">
          <reporter-output>
          </reporter-output>
        </test-method> <!-- setup -->
        <test-method is-config="true" signature="tearDown()[pri:0, instance:Test.GiftCardTest@6175619b]" started-at="2024-06-23T22:00:54 IST" name="tearDown" finished-at="2024-06-23T22:00:54 IST" duration-ms="31" status="PASS">
          <reporter-output>
          </reporter-output>
        </test-method> <!-- tearDown -->
      </class> <!-- Test.GiftCardTest -->
      <class name="Test.FlipkartFlightTest">
        <test-method is-config="true" signature="setUp()[pri:0, instance:Test.FlipkartFlightTest@4fe89c24]" started-at="2024-06-23T21:59:00 IST" name="setUp" finished-at="2024-06-23T21:59:05 IST" duration-ms="4686" status="PASS">
          <reporter-output>
          </reporter-output>
        </test-method> <!-- setUp -->
        <test-method signature="testFlightsLink()[pri:6, instance:Test.FlipkartFlightTest@4fe89c24]" started-at="2024-06-23T21:59:05 IST" name="testFlightsLink" finished-at="2024-06-23T21:59:14 IST" duration-ms="8581" status="PASS">
          <reporter-output>
          </reporter-output>
        </test-method> <!-- testFlightsLink -->
        <test-method is-config="true" signature="setup()[pri:0, instance:Test.FlipkartFlightTest@4fe89c24]" started-at="2024-06-23T21:59:05 IST" name="setup" finished-at="2024-06-23T21:59:05 IST" duration-ms="0" status="PASS">
          <reporter-output>
          </reporter-output>
        </test-method> <!-- setup -->
        <test-method is-config="true" signature="tearDown()[pri:0, instance:Test.FlipkartFlightTest@4fe89c24]" started-at="2024-06-23T21:59:14 IST" name="tearDown" finished-at="2024-06-23T21:59:14 IST" duration-ms="63" status="PASS">
          <reporter-output>
          </reporter-output>
        </test-method> <!-- tearDown -->
      </class> <!-- Test.FlipkartFlightTest -->
      <class name="Test.FlipkartElectronicsTest">
        <test-method is-config="true" signature="setUp()[pri:0, instance:Test.FlipkartElectronicsTest@89c10b7]" started-at="2024-06-23T21:58:32 IST" name="setUp" finished-at="2024-06-23T21:58:38 IST" duration-ms="6077" status="PASS">
          <reporter-output>
          </reporter-output>
        </test-method> <!-- setUp -->
        <test-method signature="testMiLink()[pri:4, instance:Test.FlipkartElectronicsTest@89c10b7]" started-at="2024-06-23T21:58:38 IST" name="testMiLink" finished-at="2024-06-23T21:58:45 IST" duration-ms="7003" status="PASS">
          <reporter-output>
          </reporter-output>
        </test-method> <!-- testMiLink -->
        <test-method is-config="true" signature="setup()[pri:0, instance:Test.FlipkartElectronicsTest@89c10b7]" started-at="2024-06-23T21:58:38 IST" name="setup" finished-at="2024-06-23T21:58:38 IST" duration-ms="0" status="PASS">
          <reporter-output>
          </reporter-output>
        </test-method> <!-- setup -->
        <test-method is-config="true" signature="tearDown()[pri:0, instance:Test.FlipkartElectronicsTest@89c10b7]" started-at="2024-06-23T21:58:45 IST" name="tearDown" finished-at="2024-06-23T21:58:45 IST" duration-ms="63" status="PASS">
          <reporter-output>
          </reporter-output>
        </test-method> <!-- tearDown -->
      </class> <!-- Test.FlipkartElectronicsTest -->
      <class name="Test.OfferZoneTest">
        <test-method is-config="true" signature="setUp()[pri:0, instance:Test.OfferZoneTest@756cf158]" started-at="2024-06-23T22:01:05 IST" name="setUp" finished-at="2024-06-23T22:01:10 IST" duration-ms="4951" status="PASS">
          <reporter-output>
          </reporter-output>
        </test-method> <!-- setUp -->
        <test-method signature="testAppleIpadLink()[pri:15, instance:Test.OfferZoneTest@756cf158]" started-at="2024-06-23T22:01:10 IST" name="testAppleIpadLink" finished-at="2024-06-23T22:01:29 IST" duration-ms="18519" status="PASS">
          <reporter-output>
          </reporter-output>
        </test-method> <!-- testAppleIpadLink -->
        <test-method is-config="true" signature="setup()[pri:0, instance:Test.OfferZoneTest@756cf158]" started-at="2024-06-23T22:01:10 IST" name="setup" finished-at="2024-06-23T22:01:10 IST" duration-ms="0" status="PASS">
          <reporter-output>
          </reporter-output>
        </test-method> <!-- setup -->
        <test-method is-config="true" signature="tearDown()[pri:0, instance:Test.OfferZoneTest@756cf158]" started-at="2024-06-23T22:01:29 IST" name="tearDown" finished-at="2024-06-23T22:01:29 IST" duration-ms="47" status="PASS">
          <reporter-output>
          </reporter-output>
        </test-method> <!-- tearDown -->
      </class> <!-- Test.OfferZoneTest -->
      <class name="Test.SearchTest">
        <test-method is-config="true" signature="setUp()[pri:0, instance:Test.SearchTest@76c7beb3]" started-at="2024-06-23T22:02:08 IST" name="setUp" finished-at="2024-06-23T22:02:13 IST" duration-ms="4303" status="PASS">
          <reporter-output>
          </reporter-output>
        </test-method> <!-- setUp -->
        <test-method is-config="true" signature="setup()[pri:0, instance:Test.SearchTest@76c7beb3]" started-at="2024-06-23T22:02:13 IST" name="setup" finished-at="2024-06-23T22:02:13 IST" duration-ms="2" status="PASS">
          <reporter-output>
          </reporter-output>
        </test-method> <!-- setup -->
        <test-method signature="searchPageTest()[pri:19, instance:Test.SearchTest@76c7beb3]" started-at="2024-06-23T22:02:13 IST" name="searchPageTest" finished-at="2024-06-23T22:02:19 IST" duration-ms="6349" status="PASS">
          <reporter-output>
          </reporter-output>
        </test-method> <!-- searchPageTest -->
        <test-method is-config="true" signature="tearDown()[pri:0, instance:Test.SearchTest@76c7beb3]" started-at="2024-06-23T22:02:19 IST" name="tearDown" finished-at="2024-06-23T22:02:19 IST" duration-ms="47" status="PASS">
          <reporter-output>
          </reporter-output>
        </test-method> <!-- tearDown -->
      </class> <!-- Test.SearchTest -->
      <class name="Test.FlipkartPlusTest">
        <test-method is-config="true" signature="setUp()[pri:0, instance:Test.FlipkartPlusTest@5b970f7]" started-at="2024-06-23T21:59:47 IST" name="setUp" finished-at="2024-06-23T21:59:53 IST" duration-ms="6167" status="PASS">
          <reporter-output>
          </reporter-output>
        </test-method> <!-- setUp -->
        <test-method signature="testFlipkartPlusPage()[pri:9, instance:Test.FlipkartPlusTest@5b970f7]" started-at="2024-06-23T21:59:53 IST" name="testFlipkartPlusPage" finished-at="2024-06-23T21:59:58 IST" duration-ms="4387" status="PASS">
          <reporter-output>
          </reporter-output>
        </test-method> <!-- testFlipkartPlusPage -->
        <test-method is-config="true" signature="setup()[pri:0, instance:Test.FlipkartPlusTest@5b970f7]" started-at="2024-06-23T21:59:53 IST" name="setup" finished-at="2024-06-23T21:59:53 IST" duration-ms="0" status="PASS">
          <reporter-output>
          </reporter-output>
        </test-method> <!-- setup -->
        <test-method is-config="true" signature="tearDown()[pri:0, instance:Test.FlipkartPlusTest@5b970f7]" started-at="2024-06-23T21:59:58 IST" name="tearDown" finished-at="2024-06-23T21:59:58 IST" duration-ms="32" status="PASS">
          <reporter-output>
          </reporter-output>
        </test-method> <!-- tearDown -->
      </class> <!-- Test.FlipkartPlusTest -->
      <class name="Test.FlipkartFlightGoogleTest">
        <test-method is-config="true" signature="setUp()[pri:0, instance:Test.FlipkartFlightGoogleTest@5dbe30be]" started-at="2024-06-23T21:58:45 IST" name="setUp" finished-at="2024-06-23T21:58:49 IST" duration-ms="4502" status="PASS">
          <reporter-output>
          </reporter-output>
        </test-method> <!-- setUp -->
        <test-method signature="testGooglePlayLink()[pri:5, instance:Test.FlipkartFlightGoogleTest@5dbe30be]" started-at="2024-06-23T21:58:49 IST" name="testGooglePlayLink" finished-at="2024-06-23T21:59:00 IST" duration-ms="11198" status="PASS">
          <reporter-output>
          </reporter-output>
        </test-method> <!-- testGooglePlayLink -->
        <test-method is-config="true" signature="setup()[pri:0, instance:Test.FlipkartFlightGoogleTest@5dbe30be]" started-at="2024-06-23T21:58:49 IST" name="setup" finished-at="2024-06-23T21:58:49 IST" duration-ms="0" status="PASS">
          <reporter-output>
          </reporter-output>
        </test-method> <!-- setup -->
        <test-method is-config="true" signature="tearDown()[pri:0, instance:Test.FlipkartFlightGoogleTest@5dbe30be]" started-at="2024-06-23T21:59:00 IST" name="tearDown" finished-at="2024-06-23T21:59:00 IST" duration-ms="47" status="PASS">
          <reporter-output>
          </reporter-output>
        </test-method> <!-- tearDown -->
      </class> <!-- Test.FlipkartFlightGoogleTest -->
    </test> <!-- Surefire test -->
  </suite> <!-- Surefire suite -->
</testng-results>
