<?xml version="1.0" encoding="UTF-8"?>
<testsuite xmlns:xsi="http://www.w3.org/2001/XMLSchema-instance" xsi:noNamespaceSchemaLocation="https://maven.apache.org/surefire/maven-surefire-plugin/xsd/surefire-test-report-3.0.xsd" version="3.0" name="TestSuite" time="447.352" tests="27" errors="0" skipped="0" failures="5">
  <properties>
[...]
</properties>
  <testcase name="testAddProductToCart[searchpage, headphone, yes](1)" classname="Test.AddToCartTest" time="0.069">
    <system-out><![CDATA[[DEBUG] 2024-06-17 11:47:41.762 [main] WebDriverManager - Using WebDriverManager 5.8.0
[DEBUG] 2024-06-17 11:47:42.870 [main] ResolutionCache - Resolution chrome=126 in cache (valid until 12:03:55 17/06/2024 IST)
[DEBUG] 2024-06-17 11:47:42.874 [main] ResolutionCache - Resolution chrome126=126.0.6478.61 in cache (valid until 22:14:43 17/06/2024 IST)
[INFO ] 2024-06-17 11:47:42.876 [main] WebDriverManager - Using chromedriver 126.0.6478.61 (resolved driver for Chrome 126)
[DEBUG] 2024-06-17 11:47:42.998 [main] WebDriverManager - Driver chromedriver 126.0.6478.61 found in cache
[INFO ] 2024-06-17 11:47:43.002 [main] WebDriverManager - Exporting webdriver.chrome.driver as C:\Users\anjalisachan\.cache\selenium\chromedriver\win64\126.0.6478.61\chromedriver.exe
[DEBUG] 2024-06-17 11:47:56.862 [main] PackageRelationshipCollection - Parsing relationship: /xl/_rels/workbook.xml.rels
[DEBUG] 2024-06-17 11:47:56.876 [main] PackageRelationshipCollection - Parsing relationship: /xl/worksheets/_rels/sheet1.xml.rels
[DEBUG] 2024-06-17 11:47:57.014 [main] PackageRelationshipCollection - Parsing relationship: /_rels/.rels
Data read from cell [1,0]: searchpage
Data read from cell [1,1]: headphone
Data read from cell [1,2]: yes
[INFO ] 2024-06-17 11:48:00.997 [main] AddToCartTest - Data read from Excel - Row 1: searchpage, headphone, yes
Data read from Excel - Row 1: searchpage, headphone, yes
Data read from cell [2,0]: addtocartpage
Data read from cell [2,1]: headphone
Data read from cell [2,2]: yes
[INFO ] 2024-06-17 11:48:00.997 [main] AddToCartTest - Data read from Excel - Row 2: addtocartpage, headphone, yes
Data read from Excel - Row 2: addtocartpage, headphone, yes
Data read from cell [3,0]: loginpage
Data read from cell [3,1]: person1@gmail.com
Data read from cell [3,2]: yes
[INFO ] 2024-06-17 11:48:01.014 [main] AddToCartTest - Data read from Excel - Row 3: loginpage, person1@gmail.com, yes
Data read from Excel - Row 3: loginpage, person1@gmail.com, yes
Data read from cell [4,0]: productfilterpage
Data read from cell [4,1]: mobile
Data read from cell [4,2]: yes
[INFO ] 2024-06-17 11:48:01.014 [main] AddToCartTest - Data read from Excel - Row 4: productfilterpage, mobile, yes
Data read from Excel - Row 4: productfilterpage, mobile, yes
]]></system-out>
    <system-err><![CDATA[Jun 17, 2024 11:47:50 AM org.openqa.selenium.devtools.CdpVersionFinder findNearestMatch
WARNING: Unable to find an exact match for CDP version 126, returning the closest version; found: 125; Please update to a Selenium version that supports CDP version 126
]]></system-err>
  </testcase>
  <testcase name="testAddProductToCart[addtocartpage, headphone, yes](2)" classname="Test.AddToCartTest" time="21.401">
    <system-out><![CDATA[[INFO ] 2024-06-17 11:48:01.147 [main] AddToCartTest - User enters the product to be searched and hits enter: headphone
[INFO ] 2024-06-17 11:48:12.601 [main] AddToCartTest - User clicks on product and clicks on add to cart button
[INFO ] 2024-06-17 11:48:18.964 [main] AddToCartTest - Verified that the product is added to the cart and navigated to the cart page
Verified that the product is added to the cart and navigated to the cart page
]]></system-out>
  </testcase>
  <testcase name="testAddProductToCart[loginpage, person1@gmail.com, yes](3)" classname="Test.AddToCartTest" time="0.0"/>
  <testcase name="testAddProductToCart[productfilterpage, mobile, yes](4)" classname="Test.AddToCartTest" time="0.0"/>
  <testcase name="testCustomerCare" classname="Test.CustomerCareTest" time="7.196">
    <system-out><![CDATA[[DEBUG] 2024-06-17 11:48:23.362 [main] WebDriverManager - Using WebDriverManager 5.8.0
[DEBUG] 2024-06-17 11:48:23.410 [main] ResolutionCache - Resolution chrome=126 in cache (valid until 12:03:55 17/06/2024 IST)
[DEBUG] 2024-06-17 11:48:23.410 [main] ResolutionCache - Resolution chrome126=126.0.6478.61 in cache (valid until 22:14:43 17/06/2024 IST)
[INFO ] 2024-06-17 11:48:23.410 [main] WebDriverManager - Using chromedriver 126.0.6478.61 (resolved driver for Chrome 126)
[DEBUG] 2024-06-17 11:48:23.457 [main] WebDriverManager - Driver chromedriver 126.0.6478.61 found in cache
[INFO ] 2024-06-17 11:48:23.457 [main] WebDriverManager - Exporting webdriver.chrome.driver as C:\Users\anjalisachan\.cache\selenium\chromedriver\win64\126.0.6478.61\chromedriver.exe
[INFO ] 2024-06-17 11:48:33.001 [main] CustomerCareTest - User launches Chrome browser and navigates to the notification preferences page
[INFO ] 2024-06-17 11:48:33.448 [main] CustomerCareTest - User clicks on the three dots icon
[INFO ] 2024-06-17 11:48:35.504 [main] CustomerCareTest - User clicks on the Notification Preferences option
[INFO ] 2024-06-17 11:48:38.418 [main] CustomerCareTest - Help Centre is present on the page
]]></system-out>
    <system-err><![CDATA[Jun 17, 2024 11:48:26 AM org.openqa.selenium.devtools.CdpVersionFinder findNearestMatch
WARNING: Unable to find an exact match for CDP version 126, returning the closest version; found: 125; Please update to a Selenium version that supports CDP version 126
Jun 17, 2024 11:48:39 AM org.openqa.selenium.remote.http.WebSocket$Listener onError
WARNING: An existing connection was forcibly closed by the remote host
java.io.IOException: An existing connection was forcibly closed by the remote host
	at java.base/sun.nio.ch.SocketDispatcher.read0(Native Method)
	at java.base/sun.nio.ch.SocketDispatcher.read(SocketDispatcher.java:43)
	at java.base/sun.nio.ch.IOUtil.readIntoNativeBuffer(IOUtil.java:276)
	at java.base/sun.nio.ch.IOUtil.read(IOUtil.java:245)
	at java.base/sun.nio.ch.IOUtil.read(IOUtil.java:223)
	at java.base/sun.nio.ch.SocketChannelImpl.read(SocketChannelImpl.java:358)
	at java.net.http/jdk.internal.net.http.SocketTube.readAvailable(SocketTube.java:1153)
	at java.net.http/jdk.internal.net.http.SocketTube$InternalReadPublisher$InternalReadSubscription.read(SocketTube.java:821)
	at java.net.http/jdk.internal.net.http.SocketTube$SocketFlowTask.run(SocketTube.java:175)
	at java.net.http/jdk.internal.net.http.common.SequentialScheduler$SchedulableTask.run(SequentialScheduler.java:198)
	at java.net.http/jdk.internal.net.http.common.SequentialScheduler.runOrSchedule(SequentialScheduler.java:271)
	at java.net.http/jdk.internal.net.http.common.SequentialScheduler.runOrSchedule(SequentialScheduler.java:224)
	at java.net.http/jdk.internal.net.http.SocketTube$InternalReadPublisher$InternalReadSubscription.signalReadable(SocketTube.java:763)
	at java.net.http/jdk.internal.net.http.SocketTube$InternalReadPublisher$ReadEvent.signalEvent(SocketTube.java:941)
	at java.net.http/jdk.internal.net.http.SocketTube$SocketFlowEvent.handle(SocketTube.java:245)
	at java.net.http/jdk.internal.net.http.HttpClientImpl$SelectorManager.handleEvent(HttpClientImpl.java:957)
	at java.net.http/jdk.internal.net.http.HttpClientImpl$SelectorManager.lambda$run$3(HttpClientImpl.java:912)
	at java.base/java.util.ArrayList.forEach(ArrayList.java:1540)
	at java.net.http/jdk.internal.net.http.HttpClientImpl$SelectorManager.run(HttpClientImpl.java:912)

]]></system-err>
  </testcase>
  <testcase name="testCareerLink" classname="Test.FlipkartCareerTest" time="6.078">
    <failure message="Not on the Flipkart Careers page expected [true] but found [false]" type="java.lang.AssertionError"><![CDATA[java.lang.AssertionError: Not on the Flipkart Careers page expected [true] but found [false]
	at org.testng.Assert.fail(Assert.java:111)
	at org.testng.Assert.failNotEquals(Assert.java:1578)
	at org.testng.Assert.assertTrue(Assert.java:57)
	at Test.FlipkartCareerTest.testCareerLink(FlipkartCareerTest.java:51)
	at java.base/jdk.internal.reflect.NativeMethodAccessorImpl.invoke0(Native Method)
	at java.base/jdk.internal.reflect.NativeMethodAccessorImpl.invoke(NativeMethodAccessorImpl.java:62)
	at java.base/jdk.internal.reflect.DelegatingMethodAccessorImpl.invoke(DelegatingMethodAccessorImpl.java:43)
	at java.base/java.lang.reflect.Method.invoke(Method.java:566)
	at org.testng.internal.invokers.MethodInvocationHelper.invokeMethod(MethodInvocationHelper.java:141)
	at org.testng.internal.invokers.TestInvoker.invokeMethod(TestInvoker.java:686)
	at org.testng.internal.invokers.TestInvoker.invokeTestMethod(TestInvoker.java:230)
	at org.testng.internal.invokers.MethodRunner.runInSequence(MethodRunner.java:63)
	at org.testng.internal.invokers.TestInvoker$MethodInvocationAgent.invoke(TestInvoker.java:992)
	at org.testng.internal.invokers.TestInvoker.invokeTestMethods(TestInvoker.java:203)
	at org.testng.internal.invokers.TestMethodWorker.invokeTestMethods(TestMethodWorker.java:154)
	at org.testng.internal.invokers.TestMethodWorker.run(TestMethodWorker.java:134)
	at java.base/java.util.ArrayList.forEach(ArrayList.java:1540)
	at org.testng.TestRunner.privateRun(TestRunner.java:739)
	at org.testng.TestRunner.run(TestRunner.java:614)
	at org.testng.SuiteRunner.runTest(SuiteRunner.java:421)
	at org.testng.SuiteRunner.runSequentially(SuiteRunner.java:413)
	at org.testng.SuiteRunner.privateRun(SuiteRunner.java:373)
	at org.testng.SuiteRunner.run(SuiteRunner.java:312)
	at org.testng.SuiteRunnerWorker.runSuite(SuiteRunnerWorker.java:52)
	at org.testng.SuiteRunnerWorker.run(SuiteRunnerWorker.java:95)
	at org.testng.TestNG.runSuitesSequentially(TestNG.java:1274)
	at org.testng.TestNG.runSuitesLocally(TestNG.java:1208)
	at org.testng.TestNG.runSuites(TestNG.java:1112)
	at org.testng.TestNG.run(TestNG.java:1079)
	at org.apache.maven.surefire.testng.TestNGExecutor.run(TestNGExecutor.java:155)
	at org.apache.maven.surefire.testng.TestNGDirectoryTestSuite.executeMulti(TestNGDirectoryTestSuite.java:169)
	at org.apache.maven.surefire.testng.TestNGDirectoryTestSuite.execute(TestNGDirectoryTestSuite.java:88)
	at org.apache.maven.surefire.testng.TestNGProvider.invoke(TestNGProvider.java:137)
	at org.apache.maven.surefire.booter.ForkedBooter.runSuitesInProcess(ForkedBooter.java:385)
	at org.apache.maven.surefire.booter.ForkedBooter.execute(ForkedBooter.java:162)
	at org.apache.maven.surefire.booter.ForkedBooter.run(ForkedBooter.java:507)
	at org.apache.maven.surefire.booter.ForkedBooter.main(ForkedBooter.java:495)
]]></failure>
    <system-out><![CDATA[[DEBUG] 2024-06-17 11:48:40.276 [main] WebDriverManager - Using WebDriverManager 5.8.0
[DEBUG] 2024-06-17 11:48:40.326 [main] ResolutionCache - Resolution chrome=126 in cache (valid until 12:03:55 17/06/2024 IST)
[DEBUG] 2024-06-17 11:48:40.339 [main] ResolutionCache - Resolution chrome126=126.0.6478.61 in cache (valid until 22:14:43 17/06/2024 IST)
[INFO ] 2024-06-17 11:48:40.339 [main] WebDriverManager - Using chromedriver 126.0.6478.61 (resolved driver for Chrome 126)
[DEBUG] 2024-06-17 11:48:40.434 [main] WebDriverManager - Driver chromedriver 126.0.6478.61 found in cache
[INFO ] 2024-06-17 11:48:40.434 [main] WebDriverManager - Exporting webdriver.chrome.driver as C:\Users\anjalisachan\.cache\selenium\chromedriver\win64\126.0.6478.61\chromedriver.exe
[INFO ] 2024-06-17 11:48:50.354 [main] FlipkartCareerTest - User launches Chrome browser and navigates to the Flipkart homepage
[INFO ] 2024-06-17 11:48:50.736 [main] FlipkartCareerTest - User scrolls to the bottom of the page
[INFO ] 2024-06-17 11:48:52.985 [main] FlipkartCareerTest - User clicks on the Careers link
]]></system-out>
    <system-err><![CDATA[Jun 17, 2024 11:48:43 AM org.openqa.selenium.devtools.CdpVersionFinder findNearestMatch
WARNING: Unable to find an exact match for CDP version 126, returning the closest version; found: 125; Please update to a Selenium version that supports CDP version 126
]]></system-err>
  </testcase>
  <testcase name="testMiLink" classname="Test.FlipkartElectronicsTest" time="15.816">
    <system-out><![CDATA[[DEBUG] 2024-06-17 11:48:56.528 [main] WebDriverManager - Using WebDriverManager 5.8.0
[DEBUG] 2024-06-17 11:48:56.569 [main] ResolutionCache - Resolution chrome=126 in cache (valid until 12:03:55 17/06/2024 IST)
[DEBUG] 2024-06-17 11:48:56.575 [main] ResolutionCache - Resolution chrome126=126.0.6478.61 in cache (valid until 22:14:43 17/06/2024 IST)
[INFO ] 2024-06-17 11:48:56.576 [main] WebDriverManager - Using chromedriver 126.0.6478.61 (resolved driver for Chrome 126)
[DEBUG] 2024-06-17 11:48:56.635 [main] WebDriverManager - Driver chromedriver 126.0.6478.61 found in cache
[INFO ] 2024-06-17 11:48:56.637 [main] WebDriverManager - Exporting webdriver.chrome.driver as C:\Users\anjalisachan\.cache\selenium\chromedriver\win64\126.0.6478.61\chromedriver.exe
[INFO ] 2024-06-17 11:49:05.179 [main] FlipkartElectronicsTest - User launches Chrome browser and navigates to the Flipkart homepage
[INFO ] 2024-06-17 11:49:06.328 [main] FlipkartElectronicsTest - User hovers over the Login element
[INFO ] 2024-06-17 11:49:08.984 [main] FlipkartElectronicsTest - User clicks on the Flipkart Plus Zone link
[INFO ] 2024-06-17 11:49:09.790 [main] FlipkartElectronicsTest - User hovers over the Electronics element
[INFO ] 2024-06-17 11:49:13.369 [main] FlipkartElectronicsTest - User clicks on the Mi link
[INFO ] 2024-06-17 11:49:16.531 [main] FlipkartElectronicsTest - User is on the Mi page
]]></system-out>
    <system-err><![CDATA[Jun 17, 2024 11:48:59 AM org.openqa.selenium.devtools.CdpVersionFinder findNearestMatch
WARNING: Unable to find an exact match for CDP version 126, returning the closest version; found: 125; Please update to a Selenium version that supports CDP version 126
]]></system-err>
  </testcase>
  <testcase name="testGooglePlayLink" classname="Test.FlipkartFlightGoogleTest" time="20.545">
    <failure message="stale element reference: stale element not found in the current frame&#10;  (Session info: chrome=126.0.6478.62)&#10;For documentation on this error, please visit: https://www.selenium.dev/documentation/webdriver/troubleshooting/errors#stale-element-reference-exception&#10;Build info: version: &apos;4.21.0&apos;, revision: &apos;79ed462ef4&apos;&#10;System info: os.name: &apos;Windows 10&apos;, os.arch: &apos;amd64&apos;, os.version: &apos;10.0&apos;, java.version: &apos;11.0.1&apos;&#10;Driver info: org.openqa.selenium.chrome.ChromeDriver&#10;Command: [8ebb528da57926d4e43614fdc036b813, clickElement {id=f.4BAD18768D4EBEFF7BD21FC826D7A971.d.3347E8319D79BC3D866FBA22715A64D7.e.159}]&#10;Capabilities {acceptInsecureCerts: false, browserName: chrome, browserVersion: 126.0.6478.62, chrome: {chromedriverVersion: 126.0.6478.61 (8dc092df54ce..., userDataDir: C:\Users\ANJALI~1\AppData\L...}, fedcm:accounts: true, goog:chromeOptions: {debuggerAddress: localhost:51464}, networkConnectionEnabled: false, pageLoadStrategy: normal, platformName: windows, proxy: Proxy(), se:cdp: ws://localhost:51464/devtoo..., se:cdpVersion: 126.0.6478.62, setWindowRect: true, strictFileInteractability: false, timeouts: {implicit: 0, pageLoad: 300000, script: 30000}, unhandledPromptBehavior: dismiss and notify, webauthn:extension:credBlob: true, webauthn:extension:largeBlob: true, webauthn:extension:minPinLength: true, webauthn:extension:prf: true, webauthn:virtualAuthenticators: true}&#10;Element: [[ChromeDriver: chrome on windows (8ebb528da57926d4e43614fdc036b813)] -&gt; xpath: //img[@class=&apos;xTaogf _3iTqAS&apos; and @alt=&apos;header&apos;]]&#10;Session ID: 8ebb528da57926d4e43614fdc036b813" type="org.openqa.selenium.StaleElementReferenceException"><![CDATA[org.openqa.selenium.StaleElementReferenceException: 
stale element reference: stale element not found in the current frame
  (Session info: chrome=126.0.6478.62)
For documentation on this error, please visit: https://www.selenium.dev/documentation/webdriver/troubleshooting/errors#stale-element-reference-exception
Build info: version: '4.21.0', revision: '79ed462ef4'
System info: os.name: 'Windows 10', os.arch: 'amd64', os.version: '10.0', java.version: '11.0.1'
Driver info: org.openqa.selenium.chrome.ChromeDriver
Command: [8ebb528da57926d4e43614fdc036b813, clickElement {id=f.4BAD18768D4EBEFF7BD21FC826D7A971.d.3347E8319D79BC3D866FBA22715A64D7.e.159}]
Capabilities {acceptInsecureCerts: false, browserName: chrome, browserVersion: 126.0.6478.62, chrome: {chromedriverVersion: 126.0.6478.61 (8dc092df54ce..., userDataDir: C:\Users\ANJALI~1\AppData\L...}, fedcm:accounts: true, goog:chromeOptions: {debuggerAddress: localhost:51464}, networkConnectionEnabled: false, pageLoadStrategy: normal, platformName: windows, proxy: Proxy(), se:cdp: ws://localhost:51464/devtoo..., se:cdpVersion: 126.0.6478.62, setWindowRect: true, strictFileInteractability: false, timeouts: {implicit: 0, pageLoad: 300000, script: 30000}, unhandledPromptBehavior: dismiss and notify, webauthn:extension:credBlob: true, webauthn:extension:largeBlob: true, webauthn:extension:minPinLength: true, webauthn:extension:prf: true, webauthn:virtualAuthenticators: true}
Element: [[ChromeDriver: chrome on windows (8ebb528da57926d4e43614fdc036b813)] -> xpath: //img[@class='xTaogf _3iTqAS' and @alt='header']]
Session ID: 8ebb528da57926d4e43614fdc036b813
	at java.base/jdk.internal.reflect.NativeConstructorAccessorImpl.newInstance0(Native Method)
	at java.base/jdk.internal.reflect.NativeConstructorAccessorImpl.newInstance(NativeConstructorAccessorImpl.java:62)
	at java.base/jdk.internal.reflect.DelegatingConstructorAccessorImpl.newInstance(DelegatingConstructorAccessorImpl.java:45)
	at java.base/java.lang.reflect.Constructor.newInstance(Constructor.java:490)
	at org.openqa.selenium.remote.ErrorCodec.decode(ErrorCodec.java:167)
	at org.openqa.selenium.remote.codec.w3c.W3CHttpResponseCodec.decode(W3CHttpResponseCodec.java:138)
	at org.openqa.selenium.remote.codec.w3c.W3CHttpResponseCodec.decode(W3CHttpResponseCodec.java:50)
	at org.openqa.selenium.remote.HttpCommandExecutor.execute(HttpCommandExecutor.java:190)
	at org.openqa.selenium.remote.service.DriverCommandExecutor.invokeExecute(DriverCommandExecutor.java:216)
	at org.openqa.selenium.remote.service.DriverCommandExecutor.execute(DriverCommandExecutor.java:174)
	at org.openqa.selenium.remote.RemoteWebDriver.execute(RemoteWebDriver.java:518)
	at org.openqa.selenium.remote.RemoteWebElement.execute(RemoteWebElement.java:223)
	at org.openqa.selenium.remote.RemoteWebElement.click(RemoteWebElement.java:76)
	at PageObject.FlipkartFlightGooglePage.clickGooglePlayImage(FlipkartFlightGooglePage.java:38)
	at Test.FlipkartFlightGoogleTest.testGooglePlayLink(FlipkartFlightGoogleTest.java:59)
	at java.base/jdk.internal.reflect.NativeMethodAccessorImpl.invoke0(Native Method)
	at java.base/jdk.internal.reflect.NativeMethodAccessorImpl.invoke(NativeMethodAccessorImpl.java:62)
	at java.base/jdk.internal.reflect.DelegatingMethodAccessorImpl.invoke(DelegatingMethodAccessorImpl.java:43)
	at java.base/java.lang.reflect.Method.invoke(Method.java:566)
	at org.testng.internal.invokers.MethodInvocationHelper.invokeMethod(MethodInvocationHelper.java:141)
	at org.testng.internal.invokers.TestInvoker.invokeMethod(TestInvoker.java:686)
	at org.testng.internal.invokers.TestInvoker.invokeTestMethod(TestInvoker.java:230)
	at org.testng.internal.invokers.MethodRunner.runInSequence(MethodRunner.java:63)
	at org.testng.internal.invokers.TestInvoker$MethodInvocationAgent.invoke(TestInvoker.java:992)
	at org.testng.internal.invokers.TestInvoker.invokeTestMethods(TestInvoker.java:203)
	at org.testng.internal.invokers.TestMethodWorker.invokeTestMethods(TestMethodWorker.java:154)
	at org.testng.internal.invokers.TestMethodWorker.run(TestMethodWorker.java:134)
	at java.base/java.util.ArrayList.forEach(ArrayList.java:1540)
	at org.testng.TestRunner.privateRun(TestRunner.java:739)
	at org.testng.TestRunner.run(TestRunner.java:614)
	at org.testng.SuiteRunner.runTest(SuiteRunner.java:421)
	at org.testng.SuiteRunner.runSequentially(SuiteRunner.java:413)
	at org.testng.SuiteRunner.privateRun(SuiteRunner.java:373)
	at org.testng.SuiteRunner.run(SuiteRunner.java:312)
	at org.testng.SuiteRunnerWorker.runSuite(SuiteRunnerWorker.java:52)
	at org.testng.SuiteRunnerWorker.run(SuiteRunnerWorker.java:95)
	at org.testng.TestNG.runSuitesSequentially(TestNG.java:1274)
	at org.testng.TestNG.runSuitesLocally(TestNG.java:1208)
	at org.testng.TestNG.runSuites(TestNG.java:1112)
	at org.testng.TestNG.run(TestNG.java:1079)
	at org.apache.maven.surefire.testng.TestNGExecutor.run(TestNGExecutor.java:155)
	at org.apache.maven.surefire.testng.TestNGDirectoryTestSuite.executeMulti(TestNGDirectoryTestSuite.java:169)
	at org.apache.maven.surefire.testng.TestNGDirectoryTestSuite.execute(TestNGDirectoryTestSuite.java:88)
	at org.apache.maven.surefire.testng.TestNGProvider.invoke(TestNGProvider.java:137)
	at org.apache.maven.surefire.booter.ForkedBooter.runSuitesInProcess(ForkedBooter.java:385)
	at org.apache.maven.surefire.booter.ForkedBooter.execute(ForkedBooter.java:162)
	at org.apache.maven.surefire.booter.ForkedBooter.run(ForkedBooter.java:507)
	at org.apache.maven.surefire.booter.ForkedBooter.main(ForkedBooter.java:495)
]]></failure>
    <system-out><![CDATA[[DEBUG] 2024-06-17 11:49:21.060 [main] WebDriverManager - Using WebDriverManager 5.8.0
[DEBUG] 2024-06-17 11:49:21.108 [main] ResolutionCache - Resolution chrome=126 in cache (valid until 12:03:55 17/06/2024 IST)
[DEBUG] 2024-06-17 11:49:21.117 [main] ResolutionCache - Resolution chrome126=126.0.6478.61 in cache (valid until 22:14:43 17/06/2024 IST)
[INFO ] 2024-06-17 11:49:21.117 [main] WebDriverManager - Using chromedriver 126.0.6478.61 (resolved driver for Chrome 126)
[DEBUG] 2024-06-17 11:49:21.172 [main] WebDriverManager - Driver chromedriver 126.0.6478.61 found in cache
[INFO ] 2024-06-17 11:49:21.172 [main] WebDriverManager - Exporting webdriver.chrome.driver as C:\Users\anjalisachan\.cache\selenium\chromedriver\win64\126.0.6478.61\chromedriver.exe
[INFO ] 2024-06-17 11:49:25.156 [main] FlipkartFlightGoogleTest - User launches Chrome browser and navigates to the Flipkart homepage
[INFO ] 2024-06-17 11:49:30.856 [main] FlipkartFlightGoogleTest - User hovers over the Login element
[INFO ] 2024-06-17 11:49:34.975 [main] FlipkartFlightGoogleTest - User clicks on the Flipkart Plus Zone link
[INFO ] 2024-06-17 11:49:42.718 [main] FlipkartFlightGoogleTest - User clicks on the Flights link
]]></system-out>
    <system-err><![CDATA[Jun 17, 2024 11:49:24 AM org.openqa.selenium.devtools.CdpVersionFinder findNearestMatch
WARNING: Unable to find an exact match for CDP version 126, returning the closest version; found: 125; Please update to a Selenium version that supports CDP version 126
]]></system-err>
  </testcase>
  <testcase name="testFlightsLink" classname="Test.FlipkartFlightTest" time="24.674">
    <system-out><![CDATA[[DEBUG] 2024-06-17 11:49:45.821 [main] WebDriverManager - Using WebDriverManager 5.8.0
[DEBUG] 2024-06-17 11:49:45.859 [main] ResolutionCache - Resolution chrome=126 in cache (valid until 12:03:55 17/06/2024 IST)
[DEBUG] 2024-06-17 11:49:45.862 [main] ResolutionCache - Resolution chrome126=126.0.6478.61 in cache (valid until 22:14:43 17/06/2024 IST)
[INFO ] 2024-06-17 11:49:45.864 [main] WebDriverManager - Using chromedriver 126.0.6478.61 (resolved driver for Chrome 126)
[DEBUG] 2024-06-17 11:49:45.961 [main] WebDriverManager - Driver chromedriver 126.0.6478.61 found in cache
[INFO ] 2024-06-17 11:49:45.961 [main] WebDriverManager - Exporting webdriver.chrome.driver as C:\Users\anjalisachan\.cache\selenium\chromedriver\win64\126.0.6478.61\chromedriver.exe
[INFO ] 2024-06-17 11:49:55.614 [main] FlipkartFlightTest - User launches Chrome browser and navigates to the Flipkart homepage
[INFO ] 2024-06-17 11:50:03.385 [main] FlipkartFlightTest - User hovers over the Login element
[INFO ] 2024-06-17 11:50:09.233 [main] FlipkartFlightTest - User clicks on the Flipkart Plus Zone link
[INFO ] 2024-06-17 11:50:13.929 [main] FlipkartFlightTest - User clicks on the Flights link
[INFO ] 2024-06-17 11:50:16.307 [main] FlipkartFlightTest - User is on the Flights page
]]></system-out>
    <system-err><![CDATA[Jun 17, 2024 11:49:54 AM org.openqa.selenium.devtools.CdpVersionFinder findNearestMatch
WARNING: Unable to find an exact match for CDP version 126, returning the closest version; found: 125; Please update to a Selenium version that supports CDP version 126
]]></system-err>
  </testcase>
  <testcase name="testGroceryLink" classname="Test.FlipkartGroceryTest" time="9.508">
    <system-out><![CDATA[[DEBUG] 2024-06-17 11:50:20.406 [main] WebDriverManager - Using WebDriverManager 5.8.0
[DEBUG] 2024-06-17 11:50:20.470 [main] ResolutionCache - Resolution chrome=126 in cache (valid until 12:03:55 17/06/2024 IST)
[DEBUG] 2024-06-17 11:50:20.470 [main] ResolutionCache - Resolution chrome126=126.0.6478.61 in cache (valid until 22:14:43 17/06/2024 IST)
[INFO ] 2024-06-17 11:50:20.470 [main] WebDriverManager - Using chromedriver 126.0.6478.61 (resolved driver for Chrome 126)
[DEBUG] 2024-06-17 11:50:20.597 [main] WebDriverManager - Driver chromedriver 126.0.6478.61 found in cache
[INFO ] 2024-06-17 11:50:20.604 [main] WebDriverManager - Exporting webdriver.chrome.driver as C:\Users\anjalisachan\.cache\selenium\chromedriver\win64\126.0.6478.61\chromedriver.exe
[INFO ] 2024-06-17 11:50:31.920 [main] FlipkartGroceryTest - User launches Chrome browser and navigates to the Flipkart homepage
[INFO ] 2024-06-17 11:50:36.886 [main] FlipkartGroceryTest - User clicks on the Grocery element
]]></system-out>
    <system-err><![CDATA[Jun 17, 2024 11:50:25 AM org.openqa.selenium.devtools.CdpVersionFinder findNearestMatch
WARNING: Unable to find an exact match for CDP version 126, returning the closest version; found: 125; Please update to a Selenium version that supports CDP version 126
Jun 17, 2024 11:50:40 AM org.openqa.selenium.remote.http.WebSocket$Listener onError
WARNING: An existing connection was forcibly closed by the remote host
java.io.IOException: An existing connection was forcibly closed by the remote host
	at java.base/sun.nio.ch.SocketDispatcher.read0(Native Method)
	at java.base/sun.nio.ch.SocketDispatcher.read(SocketDispatcher.java:43)
	at java.base/sun.nio.ch.IOUtil.readIntoNativeBuffer(IOUtil.java:276)
	at java.base/sun.nio.ch.IOUtil.read(IOUtil.java:245)
	at java.base/sun.nio.ch.IOUtil.read(IOUtil.java:223)
	at java.base/sun.nio.ch.SocketChannelImpl.read(SocketChannelImpl.java:358)
	at java.net.http/jdk.internal.net.http.SocketTube.readAvailable(SocketTube.java:1153)
	at java.net.http/jdk.internal.net.http.SocketTube$InternalReadPublisher$InternalReadSubscription.read(SocketTube.java:821)
	at java.net.http/jdk.internal.net.http.SocketTube$SocketFlowTask.run(SocketTube.java:175)
	at java.net.http/jdk.internal.net.http.common.SequentialScheduler$SchedulableTask.run(SequentialScheduler.java:198)
	at java.net.http/jdk.internal.net.http.common.SequentialScheduler.runOrSchedule(SequentialScheduler.java:271)
	at java.net.http/jdk.internal.net.http.common.SequentialScheduler.runOrSchedule(SequentialScheduler.java:224)
	at java.net.http/jdk.internal.net.http.SocketTube$InternalReadPublisher$InternalReadSubscription.signalReadable(SocketTube.java:763)
	at java.net.http/jdk.internal.net.http.SocketTube$InternalReadPublisher$ReadEvent.signalEvent(SocketTube.java:941)
	at java.net.http/jdk.internal.net.http.SocketTube$SocketFlowEvent.handle(SocketTube.java:245)
	at java.net.http/jdk.internal.net.http.HttpClientImpl$SelectorManager.handleEvent(HttpClientImpl.java:957)
	at java.net.http/jdk.internal.net.http.HttpClientImpl$SelectorManager.lambda$run$3(HttpClientImpl.java:912)
	at java.base/java.util.ArrayList.forEach(ArrayList.java:1540)
	at java.net.http/jdk.internal.net.http.HttpClientImpl$SelectorManager.run(HttpClientImpl.java:912)

]]></system-err>
  </testcase>
  <testcase name="testMyntraLink" classname="Test.FlipkartMyntraTest" time="13.917">
    <system-out><![CDATA[[DEBUG] 2024-06-17 11:50:41.534 [main] WebDriverManager - Using WebDriverManager 5.8.0
[DEBUG] 2024-06-17 11:50:41.581 [main] ResolutionCache - Resolution chrome=126 in cache (valid until 12:03:55 17/06/2024 IST)
[DEBUG] 2024-06-17 11:50:41.581 [main] ResolutionCache - Resolution chrome126=126.0.6478.61 in cache (valid until 22:14:43 17/06/2024 IST)
[INFO ] 2024-06-17 11:50:41.581 [main] WebDriverManager - Using chromedriver 126.0.6478.61 (resolved driver for Chrome 126)
[DEBUG] 2024-06-17 11:50:41.662 [main] WebDriverManager - Driver chromedriver 126.0.6478.61 found in cache
[INFO ] 2024-06-17 11:50:41.710 [main] WebDriverManager - Exporting webdriver.chrome.driver as C:\Users\anjalisachan\.cache\selenium\chromedriver\win64\126.0.6478.61\chromedriver.exe
[INFO ] 2024-06-17 11:50:55.053 [main] FlipkartMyntraTest - User launches Chrome browser and navigates to the Flipkart homepage
[INFO ] 2024-06-17 11:50:55.457 [main] FlipkartMyntraTest - User scrolls to the bottom of the page
[INFO ] 2024-06-17 11:50:56.879 [main] FlipkartMyntraTest - User clicks on the Myntra link
[INFO ] 2024-06-17 11:51:04.283 [main] FlipkartMyntraTest - User is on the Myntra page
]]></system-out>
    <system-err><![CDATA[Jun 17, 2024 11:50:48 AM org.openqa.selenium.devtools.CdpVersionFinder findNearestMatch
WARNING: Unable to find an exact match for CDP version 126, returning the closest version; found: 125; Please update to a Selenium version that supports CDP version 126
]]></system-err>
  </testcase>
  <testcase name="testFlipkartPlusPage" classname="Test.FlipkartPlusTest" time="9.577">
    <system-out><![CDATA[[DEBUG] 2024-06-17 11:51:09.040 [main] WebDriverManager - Using WebDriverManager 5.8.0
[DEBUG] 2024-06-17 11:51:09.071 [main] ResolutionCache - Resolution chrome=126 in cache (valid until 12:03:55 17/06/2024 IST)
[DEBUG] 2024-06-17 11:51:09.071 [main] ResolutionCache - Resolution chrome126=126.0.6478.61 in cache (valid until 22:14:43 17/06/2024 IST)
[INFO ] 2024-06-17 11:51:09.071 [main] WebDriverManager - Using chromedriver 126.0.6478.61 (resolved driver for Chrome 126)
[DEBUG] 2024-06-17 11:51:09.119 [main] WebDriverManager - Driver chromedriver 126.0.6478.61 found in cache
[INFO ] 2024-06-17 11:51:09.134 [main] WebDriverManager - Exporting webdriver.chrome.driver as C:\Users\anjalisachan\.cache\selenium\chromedriver\win64\126.0.6478.61\chromedriver.exe
[INFO ] 2024-06-17 11:51:18.977 [main] FlipkartPlusTest - User launches Chrome browser and navigates to the Flipkart homepage
[INFO ] 2024-06-17 11:51:19.674 [main] FlipkartPlusTest - User hovers over the Login element
[INFO ] 2024-06-17 11:51:23.130 [main] FlipkartPlusTest - User clicks on the Flipkart Plus Zone link
[INFO ] 2024-06-17 11:51:26.083 [main] FlipkartPlusTest - User is on the Flipkart Plus page
]]></system-out>
    <system-err><![CDATA[Jun 17, 2024 11:51:12 AM org.openqa.selenium.devtools.CdpVersionFinder findNearestMatch
WARNING: Unable to find an exact match for CDP version 126, returning the closest version; found: 125; Please update to a Selenium version that supports CDP version 126
Jun 17, 2024 11:51:27 AM org.openqa.selenium.remote.http.WebSocket$Listener onError
WARNING: An existing connection was forcibly closed by the remote host
java.io.IOException: An existing connection was forcibly closed by the remote host
	at java.base/sun.nio.ch.SocketDispatcher.read0(Native Method)
	at java.base/sun.nio.ch.SocketDispatcher.read(SocketDispatcher.java:43)
	at java.base/sun.nio.ch.IOUtil.readIntoNativeBuffer(IOUtil.java:276)
	at java.base/sun.nio.ch.IOUtil.read(IOUtil.java:245)
	at java.base/sun.nio.ch.IOUtil.read(IOUtil.java:223)
	at java.base/sun.nio.ch.SocketChannelImpl.read(SocketChannelImpl.java:358)
	at java.net.http/jdk.internal.net.http.SocketTube.readAvailable(SocketTube.java:1153)
	at java.net.http/jdk.internal.net.http.SocketTube$InternalReadPublisher$InternalReadSubscription.read(SocketTube.java:821)
	at java.net.http/jdk.internal.net.http.SocketTube$SocketFlowTask.run(SocketTube.java:175)
	at java.net.http/jdk.internal.net.http.common.SequentialScheduler$SchedulableTask.run(SequentialScheduler.java:198)
	at java.net.http/jdk.internal.net.http.common.SequentialScheduler.runOrSchedule(SequentialScheduler.java:271)
	at java.net.http/jdk.internal.net.http.common.SequentialScheduler.runOrSchedule(SequentialScheduler.java:224)
	at java.net.http/jdk.internal.net.http.SocketTube$InternalReadPublisher$InternalReadSubscription.signalReadable(SocketTube.java:763)
	at java.net.http/jdk.internal.net.http.SocketTube$InternalReadPublisher$ReadEvent.signalEvent(SocketTube.java:941)
	at java.net.http/jdk.internal.net.http.SocketTube$SocketFlowEvent.handle(SocketTube.java:245)
	at java.net.http/jdk.internal.net.http.HttpClientImpl$SelectorManager.handleEvent(HttpClientImpl.java:957)
	at java.net.http/jdk.internal.net.http.HttpClientImpl$SelectorManager.lambda$run$3(HttpClientImpl.java:912)
	at java.base/java.util.ArrayList.forEach(ArrayList.java:1540)
	at java.net.http/jdk.internal.net.http.HttpClientImpl$SelectorManager.run(HttpClientImpl.java:912)

]]></system-err>
  </testcase>
  <testcase name="testYoutubeLink" classname="Test.FlipkartSocialMediaTest" time="18.032">
    <system-out><![CDATA[[DEBUG] 2024-06-17 11:51:28.664 [main] WebDriverManager - Using WebDriverManager 5.8.0
[DEBUG] 2024-06-17 11:51:28.731 [main] ResolutionCache - Resolution chrome=126 in cache (valid until 12:03:55 17/06/2024 IST)
[DEBUG] 2024-06-17 11:51:28.738 [main] ResolutionCache - Resolution chrome126=126.0.6478.61 in cache (valid until 22:14:43 17/06/2024 IST)
[INFO ] 2024-06-17 11:51:28.741 [main] WebDriverManager - Using chromedriver 126.0.6478.61 (resolved driver for Chrome 126)
[DEBUG] 2024-06-17 11:51:28.805 [main] WebDriverManager - Driver chromedriver 126.0.6478.61 found in cache
[INFO ] 2024-06-17 11:51:28.805 [main] WebDriverManager - Exporting webdriver.chrome.driver as C:\Users\anjalisachan\.cache\selenium\chromedriver\win64\126.0.6478.61\chromedriver.exe
[INFO ] 2024-06-17 11:51:37.573 [main] FlipkartSocialMediaTest - User launches Chrome browser and navigates to the Flipkart homepage
[INFO ] 2024-06-17 11:51:38.010 [main] FlipkartSocialMediaTest - User scrolls to the bottom of the page
[INFO ] 2024-06-17 11:51:38.469 [main] FlipkartSocialMediaTest - User clicks on the YouTube icon
[INFO ] 2024-06-17 11:51:52.269 [main] FlipkartSocialMediaTest - User is on the Flipkart YouTube page
]]></system-out>
    <system-err><![CDATA[Jun 17, 2024 11:51:32 AM org.openqa.selenium.devtools.CdpVersionFinder findNearestMatch
WARNING: Unable to find an exact match for CDP version 126, returning the closest version; found: 125; Please update to a Selenium version that supports CDP version 126
]]></system-err>
  </testcase>
  <testcase name="testFlipkartStoriesSubscribe" classname="Test.FlipkartStoriesTest" time="21.987">
    <system-out><![CDATA[[DEBUG] 2024-06-17 11:51:55.666 [main] WebDriverManager - Using WebDriverManager 5.8.0
[DEBUG] 2024-06-17 11:51:55.689 [main] ResolutionCache - Resolution chrome=126 in cache (valid until 12:03:55 17/06/2024 IST)
[DEBUG] 2024-06-17 11:51:55.698 [main] ResolutionCache - Resolution chrome126=126.0.6478.61 in cache (valid until 22:14:43 17/06/2024 IST)
[INFO ] 2024-06-17 11:51:55.698 [main] WebDriverManager - Using chromedriver 126.0.6478.61 (resolved driver for Chrome 126)
[DEBUG] 2024-06-17 11:51:55.730 [main] WebDriverManager - Driver chromedriver 126.0.6478.61 found in cache
[INFO ] 2024-06-17 11:51:55.730 [main] WebDriverManager - Exporting webdriver.chrome.driver as C:\Users\anjalisachan\.cache\selenium\chromedriver\win64\126.0.6478.61\chromedriver.exe
[INFO ] 2024-06-17 11:52:03.839 [main] FlipkartStoriesTest - User launches Chrome browser and navigates to the Flipkart homepage
[INFO ] 2024-06-17 11:52:04.283 [main] FlipkartStoriesTest - User scrolls to the bottom of the page
[INFO ] 2024-06-17 11:52:14.903 [main] FlipkartStoriesTest - User clicks on the Flipkart Stories link
[INFO ] 2024-06-17 11:52:15.281 [main] FlipkartStoriesTest - User clicks on the Subscribe button
[INFO ] 2024-06-17 11:52:24.073 [main] FlipkartStoriesTest - User is on the Subscribe page
]]></system-out>
    <system-err><![CDATA[Jun 17, 2024 11:51:58 AM org.openqa.selenium.devtools.CdpVersionFinder findNearestMatch
WARNING: Unable to find an exact match for CDP version 126, returning the closest version; found: 125; Please update to a Selenium version that supports CDP version 126
]]></system-err>
  </testcase>
  <testcase name="testGiftCardPage" classname="Test.GiftCardTest" time="9.979">
    <system-out><![CDATA[[DEBUG] 2024-06-17 11:52:25.879 [main] WebDriverManager - Using WebDriverManager 5.8.0
[DEBUG] 2024-06-17 11:52:25.917 [main] ResolutionCache - Resolution chrome=126 in cache (valid until 12:03:55 17/06/2024 IST)
[DEBUG] 2024-06-17 11:52:25.917 [main] ResolutionCache - Resolution chrome126=126.0.6478.61 in cache (valid until 22:14:43 17/06/2024 IST)
[INFO ] 2024-06-17 11:52:25.917 [main] WebDriverManager - Using chromedriver 126.0.6478.61 (resolved driver for Chrome 126)
[DEBUG] 2024-06-17 11:52:25.964 [main] WebDriverManager - Driver chromedriver 126.0.6478.61 found in cache
[INFO ] 2024-06-17 11:52:25.964 [main] WebDriverManager - Exporting webdriver.chrome.driver as C:\Users\anjalisachan\.cache\selenium\chromedriver\win64\126.0.6478.61\chromedriver.exe
[INFO ] 2024-06-17 11:52:35.071 [main] GiftCardTest - User launches Chrome browser and navigates to the Flipkart homepage
[INFO ] 2024-06-17 11:52:35.485 [main] GiftCardTest - User hovers over the Login element
[INFO ] 2024-06-17 11:52:38.536 [main] GiftCardTest - User clicks on the Gift Cards link
[INFO ] 2024-06-17 11:52:42.502 [main] GiftCardTest - User is on the Gift Cards page
]]></system-out>
    <system-err><![CDATA[Jun 17, 2024 11:52:29 AM org.openqa.selenium.devtools.CdpVersionFinder findNearestMatch
WARNING: Unable to find an exact match for CDP version 126, returning the closest version; found: 125; Please update to a Selenium version that supports CDP version 126
Jun 17, 2024 11:52:43 AM org.openqa.selenium.remote.http.WebSocket$Listener onError
WARNING: An existing connection was forcibly closed by the remote host
java.io.IOException: An existing connection was forcibly closed by the remote host
	at java.base/sun.nio.ch.SocketDispatcher.read0(Native Method)
	at java.base/sun.nio.ch.SocketDispatcher.read(SocketDispatcher.java:43)
	at java.base/sun.nio.ch.IOUtil.readIntoNativeBuffer(IOUtil.java:276)
	at java.base/sun.nio.ch.IOUtil.read(IOUtil.java:245)
	at java.base/sun.nio.ch.IOUtil.read(IOUtil.java:223)
	at java.base/sun.nio.ch.SocketChannelImpl.read(SocketChannelImpl.java:358)
	at java.net.http/jdk.internal.net.http.SocketTube.readAvailable(SocketTube.java:1153)
	at java.net.http/jdk.internal.net.http.SocketTube$InternalReadPublisher$InternalReadSubscription.read(SocketTube.java:821)
	at java.net.http/jdk.internal.net.http.SocketTube$SocketFlowTask.run(SocketTube.java:175)
	at java.net.http/jdk.internal.net.http.common.SequentialScheduler$SchedulableTask.run(SequentialScheduler.java:198)
	at java.net.http/jdk.internal.net.http.common.SequentialScheduler.runOrSchedule(SequentialScheduler.java:271)
	at java.net.http/jdk.internal.net.http.common.SequentialScheduler.runOrSchedule(SequentialScheduler.java:224)
	at java.net.http/jdk.internal.net.http.SocketTube$InternalReadPublisher$InternalReadSubscription.signalReadable(SocketTube.java:763)
	at java.net.http/jdk.internal.net.http.SocketTube$InternalReadPublisher$ReadEvent.signalEvent(SocketTube.java:941)
	at java.net.http/jdk.internal.net.http.SocketTube$SocketFlowEvent.handle(SocketTube.java:245)
	at java.net.http/jdk.internal.net.http.HttpClientImpl$SelectorManager.handleEvent(HttpClientImpl.java:957)
	at java.net.http/jdk.internal.net.http.HttpClientImpl$SelectorManager.lambda$run$3(HttpClientImpl.java:912)
	at java.base/java.util.ArrayList.forEach(ArrayList.java:1540)
	at java.net.http/jdk.internal.net.http.HttpClientImpl$SelectorManager.run(HttpClientImpl.java:912)

]]></system-err>
  </testcase>
  <testcase name="testLoginLink[searchpage, headphone, yes](1)" classname="Test.LoginTest" time="0.0">
    <system-out><![CDATA[[DEBUG] 2024-06-17 11:52:45.081 [main] WebDriverManager - Using WebDriverManager 5.8.0
[DEBUG] 2024-06-17 11:52:45.097 [main] ResolutionCache - Resolution chrome=126 in cache (valid until 12:03:55 17/06/2024 IST)
[DEBUG] 2024-06-17 11:52:45.113 [main] ResolutionCache - Resolution chrome126=126.0.6478.61 in cache (valid until 22:14:43 17/06/2024 IST)
[INFO ] 2024-06-17 11:52:45.113 [main] WebDriverManager - Using chromedriver 126.0.6478.61 (resolved driver for Chrome 126)
[DEBUG] 2024-06-17 11:52:45.132 [main] WebDriverManager - Driver chromedriver 126.0.6478.61 found in cache
[INFO ] 2024-06-17 11:52:45.144 [main] WebDriverManager - Exporting webdriver.chrome.driver as C:\Users\anjalisachan\.cache\selenium\chromedriver\win64\126.0.6478.61\chromedriver.exe
[DEBUG] 2024-06-17 11:52:53.220 [main] PackageRelationshipCollection - Parsing relationship: /xl/_rels/workbook.xml.rels
[DEBUG] 2024-06-17 11:52:53.252 [main] PackageRelationshipCollection - Parsing relationship: /xl/worksheets/_rels/sheet1.xml.rels
[DEBUG] 2024-06-17 11:52:53.290 [main] PackageRelationshipCollection - Parsing relationship: /_rels/.rels
Data read from cell [1,0]: searchpage
Data read from cell [1,1]: headphone
Data read from cell [1,2]: yes
[INFO ] 2024-06-17 11:52:53.532 [main] LoginTest - Data read from Excel - Row 1: searchpage, headphone, yes
Data read from Excel - Row 1: searchpage, headphone, yes
Data read from cell [2,0]: addtocartpage
Data read from cell [2,1]: headphone
Data read from cell [2,2]: yes
[INFO ] 2024-06-17 11:52:53.532 [main] LoginTest - Data read from Excel - Row 2: addtocartpage, headphone, yes
Data read from Excel - Row 2: addtocartpage, headphone, yes
Data read from cell [3,0]: loginpage
Data read from cell [3,1]: person1@gmail.com
Data read from cell [3,2]: yes
[INFO ] 2024-06-17 11:52:53.532 [main] LoginTest - Data read from Excel - Row 3: loginpage, person1@gmail.com, yes
Data read from Excel - Row 3: loginpage, person1@gmail.com, yes
Data read from cell [4,0]: productfilterpage
Data read from cell [4,1]: mobile
Data read from cell [4,2]: yes
[INFO ] 2024-06-17 11:52:53.532 [main] LoginTest - Data read from Excel - Row 4: productfilterpage, mobile, yes
Data read from Excel - Row 4: productfilterpage, mobile, yes
]]></system-out>
    <system-err><![CDATA[Jun 17, 2024 11:52:48 AM org.openqa.selenium.devtools.CdpVersionFinder findNearestMatch
WARNING: Unable to find an exact match for CDP version 126, returning the closest version; found: 125; Please update to a Selenium version that supports CDP version 126
]]></system-err>
  </testcase>
  <testcase name="testLoginLink[addtocartpage, headphone, yes](2)" classname="Test.LoginTest" time="0.0"/>
  <testcase name="testLoginLink[loginpage, person1@gmail.com, yes](3)" classname="Test.LoginTest" time="7.95">
    <system-out><![CDATA[[INFO ] 2024-06-17 11:52:53.579 [main] LoginTest - User launches Chrome browser and opens login
[INFO ] 2024-06-17 11:52:58.401 [main] LoginTest - User clicks on the Login link
[INFO ] 2024-06-17 11:53:00.572 [main] LoginTest - User enters email: person1@gmail.com
[INFO ] 2024-06-17 11:53:00.580 [main] LoginTest - Expected and Actual Url matches
]]></system-out>
  </testcase>
  <testcase name="testLoginLink[productfilterpage, mobile, yes](4)" classname="Test.LoginTest" time="0.0"/>
  <testcase name="testAppleIpadLink" classname="Test.OfferZoneTest" time="24.503">
    <system-out><![CDATA[[DEBUG] 2024-06-17 11:53:01.560 [main] WebDriverManager - Using WebDriverManager 5.8.0
[DEBUG] 2024-06-17 11:53:01.576 [main] ResolutionCache - Resolution chrome=126 in cache (valid until 12:03:55 17/06/2024 IST)
[DEBUG] 2024-06-17 11:53:01.576 [main] ResolutionCache - Resolution chrome126=126.0.6478.61 in cache (valid until 22:14:43 17/06/2024 IST)
[INFO ] 2024-06-17 11:53:01.591 [main] WebDriverManager - Using chromedriver 126.0.6478.61 (resolved driver for Chrome 126)
[DEBUG] 2024-06-17 11:53:01.622 [main] WebDriverManager - Driver chromedriver 126.0.6478.61 found in cache
[INFO ] 2024-06-17 11:53:01.622 [main] WebDriverManager - Exporting webdriver.chrome.driver as C:\Users\anjalisachan\.cache\selenium\chromedriver\win64\126.0.6478.61\chromedriver.exe
[INFO ] 2024-06-17 11:53:04.330 [main] OfferZoneTest - User launches Chrome browser and navigates to the Flipkart homepage
[INFO ] 2024-06-17 11:53:08.978 [main] OfferZoneTest - User hovers over the Login element
[INFO ] 2024-06-17 11:53:12.424 [main] OfferZoneTest - User clicks on the Flipkart Plus Zone link
[INFO ] 2024-06-17 11:53:15.139 [main] OfferZoneTest - User clicks on the Offer Zone link
[INFO ] 2024-06-17 11:53:17.273 [main] OfferZoneTest - User clicks on the Apple iPads link
[INFO ] 2024-06-17 11:53:17.292 [main] OfferZoneTest - User is on the Apple iPads page
[INFO ] 2024-06-17 11:53:19.535 [main] OfferZoneTest - User clicks on the Apple iPad 10th Gen link
[INFO ] 2024-06-17 11:53:24.963 [main] OfferZoneTest - User clicks on Add to Cart
]]></system-out>
    <system-err><![CDATA[Jun 17, 2024 11:53:03 AM org.openqa.selenium.devtools.CdpVersionFinder findNearestMatch
WARNING: Unable to find an exact match for CDP version 126, returning the closest version; found: 125; Please update to a Selenium version that supports CDP version 126
]]></system-err>
  </testcase>
  <testcase name="testChangePincode[pincodepage, 123456, yes](1)" classname="Test.PincodeChangeTest" time="14.939">
    <system-out><![CDATA[[DEBUG] 2024-06-17 11:53:28.891 [main] WebDriverManager - Using WebDriverManager 5.8.0
[DEBUG] 2024-06-17 11:53:28.924 [main] ResolutionCache - Resolution chrome=126 in cache (valid until 12:03:55 17/06/2024 IST)
[DEBUG] 2024-06-17 11:53:28.924 [main] ResolutionCache - Resolution chrome126=126.0.6478.61 in cache (valid until 22:14:43 17/06/2024 IST)
[INFO ] 2024-06-17 11:53:28.924 [main] WebDriverManager - Using chromedriver 126.0.6478.61 (resolved driver for Chrome 126)
[DEBUG] 2024-06-17 11:53:28.990 [main] WebDriverManager - Driver chromedriver 126.0.6478.61 found in cache
[INFO ] 2024-06-17 11:53:28.994 [main] WebDriverManager - Exporting webdriver.chrome.driver as C:\Users\anjalisachan\.cache\selenium\chromedriver\win64\126.0.6478.61\chromedriver.exe
[DEBUG] 2024-06-17 11:53:37.099 [main] PackageRelationshipCollection - Parsing relationship: /xl/_rels/workbook.xml.rels
[DEBUG] 2024-06-17 11:53:37.111 [main] PackageRelationshipCollection - Parsing relationship: /xl/worksheets/_rels/sheet1.xml.rels
[DEBUG] 2024-06-17 11:53:37.114 [main] PackageRelationshipCollection - Parsing relationship: /_rels/.rels
Data read from cell [1,0]: pincodepage
Data read from cell [1,1]: 123456
Data read from cell [1,2]: yes
[INFO ] 2024-06-17 11:53:37.421 [main] PincodeChangeTest - Data read from Excel - Row 1: pincodepage, 123456, yes
[INFO ] 2024-06-17 11:53:37.446 [main] PincodeChangeTest - User launches Chrome browser and navigates to the pincode change page
[INFO ] 2024-06-17 11:53:42.966 [main] PincodeChangeTest - User clicks on product
[INFO ] 2024-06-17 11:53:48.877 [main] PincodeChangeTest - User enters a new pincode and clicks on the Change button
[INFO ] 2024-06-17 11:53:51.285 [main] PincodeChangeTest - Verified the error message for invalid pincode
]]></system-out>
    <system-err><![CDATA[Jun 17, 2024 11:53:32 AM org.openqa.selenium.devtools.CdpVersionFinder findNearestMatch
WARNING: Unable to find an exact match for CDP version 126, returning the closest version; found: 125; Please update to a Selenium version that supports CDP version 126
]]></system-err>
  </testcase>
  <testcase name="testRemoveItemFromCart" classname="Test.RemoveProductTest" time="22.601">
    <system-out><![CDATA[[DEBUG] 2024-06-17 11:53:52.434 [main] WebDriverManager - Using WebDriverManager 5.8.0
[DEBUG] 2024-06-17 11:53:52.484 [main] ResolutionCache - Resolution chrome=126 in cache (valid until 12:03:55 17/06/2024 IST)
[DEBUG] 2024-06-17 11:53:52.491 [main] ResolutionCache - Resolution chrome126=126.0.6478.61 in cache (valid until 22:14:43 17/06/2024 IST)
[INFO ] 2024-06-17 11:53:52.491 [main] WebDriverManager - Using chromedriver 126.0.6478.61 (resolved driver for Chrome 126)
[DEBUG] 2024-06-17 11:53:52.555 [main] WebDriverManager - Driver chromedriver 126.0.6478.61 found in cache
[INFO ] 2024-06-17 11:53:52.561 [main] WebDriverManager - Exporting webdriver.chrome.driver as C:\Users\anjalisachan\.cache\selenium\chromedriver\win64\126.0.6478.61\chromedriver.exe
[INFO ] 2024-06-17 11:54:00.871 [main] RemoveProductTest - User launches Chrome browser
[INFO ] 2024-06-17 11:54:15.681 [main] RemoveProductTest - Verified that the product is added to the cart and navigated to the cart page
[INFO ] 2024-06-17 11:54:19.957 [main] RemoveProductTest - Product removed from the cart
]]></system-out>
    <system-err><![CDATA[Jun 17, 2024 11:53:55 AM org.openqa.selenium.devtools.CdpVersionFinder findNearestMatch
WARNING: Unable to find an exact match for CDP version 126, returning the closest version; found: 125; Please update to a Selenium version that supports CDP version 126
]]></system-err>
  </testcase>
  <testcase name="searchPageTest[searchpage, headphone, yes](1)" classname="Test.SearchTest" time="8.068">
    <system-out><![CDATA[[DEBUG] 2024-06-17 11:54:23.527 [main] WebDriverManager - Using WebDriverManager 5.8.0
[DEBUG] 2024-06-17 11:54:23.543 [main] ResolutionCache - Resolution chrome=126 in cache (valid until 12:03:55 17/06/2024 IST)
[DEBUG] 2024-06-17 11:54:23.558 [main] ResolutionCache - Resolution chrome126=126.0.6478.61 in cache (valid until 22:14:43 17/06/2024 IST)
[INFO ] 2024-06-17 11:54:23.558 [main] WebDriverManager - Using chromedriver 126.0.6478.61 (resolved driver for Chrome 126)
[DEBUG] 2024-06-17 11:54:23.574 [main] WebDriverManager - Driver chromedriver 126.0.6478.61 found in cache
[INFO ] 2024-06-17 11:54:23.574 [main] WebDriverManager - Exporting webdriver.chrome.driver as C:\Users\anjalisachan\.cache\selenium\chromedriver\win64\126.0.6478.61\chromedriver.exe
[DEBUG] 2024-06-17 11:54:31.745 [main] PackageRelationshipCollection - Parsing relationship: /xl/_rels/workbook.xml.rels
[DEBUG] 2024-06-17 11:54:31.748 [main] PackageRelationshipCollection - Parsing relationship: /xl/worksheets/_rels/sheet1.xml.rels
[DEBUG] 2024-06-17 11:54:31.752 [main] PackageRelationshipCollection - Parsing relationship: /_rels/.rels
Data read from cell [1,0]: searchpage
Data read from cell [1,1]: headphone
Data read from cell [1,2]: yes
[INFO ] 2024-06-17 11:54:31.932 [main] SearchTest - Data read from Excel - Row 1: searchpage, headphone, yes
Data read from cell [2,0]: addtocartpage
Data read from cell [2,1]: headphone
Data read from cell [2,2]: yes
[INFO ] 2024-06-17 11:54:31.938 [main] SearchTest - Data read from Excel - Row 2: addtocartpage, headphone, yes
Data read from cell [3,0]: loginpage
Data read from cell [3,1]: person1@gmail.com
Data read from cell [3,2]: yes
[INFO ] 2024-06-17 11:54:31.940 [main] SearchTest - Data read from Excel - Row 3: loginpage, person1@gmail.com, yes
Data read from cell [4,0]: productfilterpage
Data read from cell [4,1]: mobile
Data read from cell [4,2]: yes
[INFO ] 2024-06-17 11:54:31.942 [main] SearchTest - Data read from Excel - Row 4: productfilterpage, mobile, yes
[INFO ] 2024-06-17 11:54:31.949 [main] SearchTest - User launches Chrome browser
[INFO ] 2024-06-17 11:54:31.950 [main] SearchTest - User enters the product to be searched and hits enter: headphone
]]></system-out>
    <system-err><![CDATA[Jun 17, 2024 11:54:27 AM org.openqa.selenium.devtools.CdpVersionFinder findNearestMatch
WARNING: Unable to find an exact match for CDP version 126, returning the closest version; found: 125; Please update to a Selenium version that supports CDP version 126
Jun 17, 2024 11:54:39 AM org.openqa.selenium.remote.http.WebSocket$Listener onError
WARNING: An existing connection was forcibly closed by the remote host
java.io.IOException: An existing connection was forcibly closed by the remote host
	at java.base/sun.nio.ch.SocketDispatcher.read0(Native Method)
	at java.base/sun.nio.ch.SocketDispatcher.read(SocketDispatcher.java:43)
	at java.base/sun.nio.ch.IOUtil.readIntoNativeBuffer(IOUtil.java:276)
	at java.base/sun.nio.ch.IOUtil.read(IOUtil.java:245)
	at java.base/sun.nio.ch.IOUtil.read(IOUtil.java:223)
	at java.base/sun.nio.ch.SocketChannelImpl.read(SocketChannelImpl.java:358)
	at java.net.http/jdk.internal.net.http.SocketTube.readAvailable(SocketTube.java:1153)
	at java.net.http/jdk.internal.net.http.SocketTube$InternalReadPublisher$InternalReadSubscription.read(SocketTube.java:821)
	at java.net.http/jdk.internal.net.http.SocketTube$SocketFlowTask.run(SocketTube.java:175)
	at java.net.http/jdk.internal.net.http.common.SequentialScheduler$SchedulableTask.run(SequentialScheduler.java:198)
	at java.net.http/jdk.internal.net.http.common.SequentialScheduler.runOrSchedule(SequentialScheduler.java:271)
	at java.net.http/jdk.internal.net.http.common.SequentialScheduler.runOrSchedule(SequentialScheduler.java:224)
	at java.net.http/jdk.internal.net.http.SocketTube$InternalReadPublisher$InternalReadSubscription.signalReadable(SocketTube.java:763)
	at java.net.http/jdk.internal.net.http.SocketTube$InternalReadPublisher$ReadEvent.signalEvent(SocketTube.java:941)
	at java.net.http/jdk.internal.net.http.SocketTube$SocketFlowEvent.handle(SocketTube.java:245)
	at java.net.http/jdk.internal.net.http.HttpClientImpl$SelectorManager.handleEvent(HttpClientImpl.java:957)
	at java.net.http/jdk.internal.net.http.HttpClientImpl$SelectorManager.lambda$run$3(HttpClientImpl.java:912)
	at java.base/java.util.ArrayList.forEach(ArrayList.java:1540)
	at java.net.http/jdk.internal.net.http.HttpClientImpl$SelectorManager.run(HttpClientImpl.java:912)

]]></system-err>
  </testcase>
  <testcase name="searchPageTest[addtocartpage, headphone, yes](2)" classname="Test.SearchTest" time="0.013">
    <failure message="Session ID is null. Using WebDriver after calling quit()?&#10;Build info: version: &apos;4.21.0&apos;, revision: &apos;79ed462ef4&apos;&#10;System info: os.name: &apos;Windows 10&apos;, os.arch: &apos;amd64&apos;, os.version: &apos;10.0&apos;, java.version: &apos;11.0.1&apos;&#10;Driver info: org.openqa.selenium.chrome.ChromeDriver&#10;Command: [null, screenshot {}]&#10;Capabilities {acceptInsecureCerts: false, browserName: chrome, browserVersion: 126.0.6478.62, chrome: {chromedriverVersion: 126.0.6478.61 (8dc092df54ce..., userDataDir: C:\Users\ANJALI~1\AppData\L...}, fedcm:accounts: true, goog:chromeOptions: {debuggerAddress: localhost:52343}, networkConnectionEnabled: false, pageLoadStrategy: normal, platformName: windows, proxy: Proxy(), se:cdp: ws://localhost:52343/devtoo..., se:cdpVersion: 126.0.6478.62, setWindowRect: true, strictFileInteractability: false, timeouts: {implicit: 0, pageLoad: 300000, script: 30000}, unhandledPromptBehavior: dismiss and notify, webauthn:extension:credBlob: true, webauthn:extension:largeBlob: true, webauthn:extension:minPinLength: true, webauthn:extension:prf: true, webauthn:virtualAuthenticators: true}" type="org.openqa.selenium.NoSuchSessionException"><![CDATA[org.openqa.selenium.NoSuchSessionException: 
Session ID is null. Using WebDriver after calling quit()?
Build info: version: '4.21.0', revision: '79ed462ef4'
System info: os.name: 'Windows 10', os.arch: 'amd64', os.version: '10.0', java.version: '11.0.1'
Driver info: org.openqa.selenium.chrome.ChromeDriver
Command: [null, screenshot {}]
Capabilities {acceptInsecureCerts: false, browserName: chrome, browserVersion: 126.0.6478.62, chrome: {chromedriverVersion: 126.0.6478.61 (8dc092df54ce..., userDataDir: C:\Users\ANJALI~1\AppData\L...}, fedcm:accounts: true, goog:chromeOptions: {debuggerAddress: localhost:52343}, networkConnectionEnabled: false, pageLoadStrategy: normal, platformName: windows, proxy: Proxy(), se:cdp: ws://localhost:52343/devtoo..., se:cdpVersion: 126.0.6478.62, setWindowRect: true, strictFileInteractability: false, timeouts: {implicit: 0, pageLoad: 300000, script: 30000}, unhandledPromptBehavior: dismiss and notify, webauthn:extension:credBlob: true, webauthn:extension:largeBlob: true, webauthn:extension:minPinLength: true, webauthn:extension:prf: true, webauthn:virtualAuthenticators: true}
	at org.openqa.selenium.remote.HttpCommandExecutor.execute(HttpCommandExecutor.java:151)
	at org.openqa.selenium.remote.service.DriverCommandExecutor.invokeExecute(DriverCommandExecutor.java:216)
	at org.openqa.selenium.remote.service.DriverCommandExecutor.execute(DriverCommandExecutor.java:174)
	at org.openqa.selenium.remote.RemoteWebDriver.execute(RemoteWebDriver.java:518)
	at org.openqa.selenium.remote.RemoteWebDriver.execute(RemoteWebDriver.java:591)
	at org.openqa.selenium.remote.RemoteWebDriver.execute(RemoteWebDriver.java:595)
	at org.openqa.selenium.remote.RemoteWebDriver.getScreenshotAs(RemoteWebDriver.java:321)
	at utils.captureScreenshot.captureScreenshot(captureScreenshot.java:19)
	at Test.SearchTest.searchPageTest(SearchTest.java:74)
	at java.base/jdk.internal.reflect.NativeMethodAccessorImpl.invoke0(Native Method)
	at java.base/jdk.internal.reflect.NativeMethodAccessorImpl.invoke(NativeMethodAccessorImpl.java:62)
	at java.base/jdk.internal.reflect.DelegatingMethodAccessorImpl.invoke(DelegatingMethodAccessorImpl.java:43)
	at java.base/java.lang.reflect.Method.invoke(Method.java:566)
	at org.testng.internal.invokers.MethodInvocationHelper.invokeMethod(MethodInvocationHelper.java:141)
	at org.testng.internal.invokers.TestInvoker.invokeMethod(TestInvoker.java:686)
	at org.testng.internal.invokers.TestInvoker.invokeTestMethod(TestInvoker.java:230)
	at org.testng.internal.invokers.MethodRunner.runInSequence(MethodRunner.java:63)
	at org.testng.internal.invokers.TestInvoker$MethodInvocationAgent.invoke(TestInvoker.java:992)
	at org.testng.internal.invokers.TestInvoker.invokeTestMethods(TestInvoker.java:203)
	at org.testng.internal.invokers.TestMethodWorker.invokeTestMethods(TestMethodWorker.java:154)
	at org.testng.internal.invokers.TestMethodWorker.run(TestMethodWorker.java:134)
	at java.base/java.util.ArrayList.forEach(ArrayList.java:1540)
	at org.testng.TestRunner.privateRun(TestRunner.java:739)
	at org.testng.TestRunner.run(TestRunner.java:614)
	at org.testng.SuiteRunner.runTest(SuiteRunner.java:421)
	at org.testng.SuiteRunner.runSequentially(SuiteRunner.java:413)
	at org.testng.SuiteRunner.privateRun(SuiteRunner.java:373)
	at org.testng.SuiteRunner.run(SuiteRunner.java:312)
	at org.testng.SuiteRunnerWorker.runSuite(SuiteRunnerWorker.java:52)
	at org.testng.SuiteRunnerWorker.run(SuiteRunnerWorker.java:95)
	at org.testng.TestNG.runSuitesSequentially(TestNG.java:1274)
	at org.testng.TestNG.runSuitesLocally(TestNG.java:1208)
	at org.testng.TestNG.runSuites(TestNG.java:1112)
	at org.testng.TestNG.run(TestNG.java:1079)
	at org.apache.maven.surefire.testng.TestNGExecutor.run(TestNGExecutor.java:155)
	at org.apache.maven.surefire.testng.TestNGDirectoryTestSuite.executeMulti(TestNGDirectoryTestSuite.java:169)
	at org.apache.maven.surefire.testng.TestNGDirectoryTestSuite.execute(TestNGDirectoryTestSuite.java:88)
	at org.apache.maven.surefire.testng.TestNGProvider.invoke(TestNGProvider.java:137)
	at org.apache.maven.surefire.booter.ForkedBooter.runSuitesInProcess(ForkedBooter.java:385)
	at org.apache.maven.surefire.booter.ForkedBooter.execute(ForkedBooter.java:162)
	at org.apache.maven.surefire.booter.ForkedBooter.run(ForkedBooter.java:507)
	at org.apache.maven.surefire.booter.ForkedBooter.main(ForkedBooter.java:495)
]]></failure>
    <system-out><![CDATA[[INFO ] 2024-06-17 11:54:40.233 [main] SearchTest - User launches Chrome browser
[INFO ] 2024-06-17 11:54:40.233 [main] SearchTest - Skipping test as execution required is set to no for page: addtocartpage
Skipping test as execution required is set to no for page: addtocartpage
]]></system-out>
  </testcase>
  <testcase name="searchPageTest[loginpage, person1@gmail.com, yes](3)" classname="Test.SearchTest" time="0.0">
    <failure message="Session ID is null. Using WebDriver after calling quit()?&#10;Build info: version: &apos;4.21.0&apos;, revision: &apos;79ed462ef4&apos;&#10;System info: os.name: &apos;Windows 10&apos;, os.arch: &apos;amd64&apos;, os.version: &apos;10.0&apos;, java.version: &apos;11.0.1&apos;&#10;Driver info: org.openqa.selenium.chrome.ChromeDriver&#10;Command: [null, screenshot {}]&#10;Capabilities {acceptInsecureCerts: false, browserName: chrome, browserVersion: 126.0.6478.62, chrome: {chromedriverVersion: 126.0.6478.61 (8dc092df54ce..., userDataDir: C:\Users\ANJALI~1\AppData\L...}, fedcm:accounts: true, goog:chromeOptions: {debuggerAddress: localhost:52343}, networkConnectionEnabled: false, pageLoadStrategy: normal, platformName: windows, proxy: Proxy(), se:cdp: ws://localhost:52343/devtoo..., se:cdpVersion: 126.0.6478.62, setWindowRect: true, strictFileInteractability: false, timeouts: {implicit: 0, pageLoad: 300000, script: 30000}, unhandledPromptBehavior: dismiss and notify, webauthn:extension:credBlob: true, webauthn:extension:largeBlob: true, webauthn:extension:minPinLength: true, webauthn:extension:prf: true, webauthn:virtualAuthenticators: true}" type="org.openqa.selenium.NoSuchSessionException"><![CDATA[org.openqa.selenium.NoSuchSessionException: 
Session ID is null. Using WebDriver after calling quit()?
Build info: version: '4.21.0', revision: '79ed462ef4'
System info: os.name: 'Windows 10', os.arch: 'amd64', os.version: '10.0', java.version: '11.0.1'
Driver info: org.openqa.selenium.chrome.ChromeDriver
Command: [null, screenshot {}]
Capabilities {acceptInsecureCerts: false, browserName: chrome, browserVersion: 126.0.6478.62, chrome: {chromedriverVersion: 126.0.6478.61 (8dc092df54ce..., userDataDir: C:\Users\ANJALI~1\AppData\L...}, fedcm:accounts: true, goog:chromeOptions: {debuggerAddress: localhost:52343}, networkConnectionEnabled: false, pageLoadStrategy: normal, platformName: windows, proxy: Proxy(), se:cdp: ws://localhost:52343/devtoo..., se:cdpVersion: 126.0.6478.62, setWindowRect: true, strictFileInteractability: false, timeouts: {implicit: 0, pageLoad: 300000, script: 30000}, unhandledPromptBehavior: dismiss and notify, webauthn:extension:credBlob: true, webauthn:extension:largeBlob: true, webauthn:extension:minPinLength: true, webauthn:extension:prf: true, webauthn:virtualAuthenticators: true}
	at org.openqa.selenium.remote.HttpCommandExecutor.execute(HttpCommandExecutor.java:151)
	at org.openqa.selenium.remote.service.DriverCommandExecutor.invokeExecute(DriverCommandExecutor.java:216)
	at org.openqa.selenium.remote.service.DriverCommandExecutor.execute(DriverCommandExecutor.java:174)
	at org.openqa.selenium.remote.RemoteWebDriver.execute(RemoteWebDriver.java:518)
	at org.openqa.selenium.remote.RemoteWebDriver.execute(RemoteWebDriver.java:591)
	at org.openqa.selenium.remote.RemoteWebDriver.execute(RemoteWebDriver.java:595)
	at org.openqa.selenium.remote.RemoteWebDriver.getScreenshotAs(RemoteWebDriver.java:321)
	at utils.captureScreenshot.captureScreenshot(captureScreenshot.java:19)
	at Test.SearchTest.searchPageTest(SearchTest.java:74)
	at java.base/jdk.internal.reflect.NativeMethodAccessorImpl.invoke0(Native Method)
	at java.base/jdk.internal.reflect.NativeMethodAccessorImpl.invoke(NativeMethodAccessorImpl.java:62)
	at java.base/jdk.internal.reflect.DelegatingMethodAccessorImpl.invoke(DelegatingMethodAccessorImpl.java:43)
	at java.base/java.lang.reflect.Method.invoke(Method.java:566)
	at org.testng.internal.invokers.MethodInvocationHelper.invokeMethod(MethodInvocationHelper.java:141)
	at org.testng.internal.invokers.TestInvoker.invokeMethod(TestInvoker.java:686)
	at org.testng.internal.invokers.TestInvoker.invokeTestMethod(TestInvoker.java:230)
	at org.testng.internal.invokers.MethodRunner.runInSequence(MethodRunner.java:63)
	at org.testng.internal.invokers.TestInvoker$MethodInvocationAgent.invoke(TestInvoker.java:992)
	at org.testng.internal.invokers.TestInvoker.invokeTestMethods(TestInvoker.java:203)
	at org.testng.internal.invokers.TestMethodWorker.invokeTestMethods(TestMethodWorker.java:154)
	at org.testng.internal.invokers.TestMethodWorker.run(TestMethodWorker.java:134)
	at java.base/java.util.ArrayList.forEach(ArrayList.java:1540)
	at org.testng.TestRunner.privateRun(TestRunner.java:739)
	at org.testng.TestRunner.run(TestRunner.java:614)
	at org.testng.SuiteRunner.runTest(SuiteRunner.java:421)
	at org.testng.SuiteRunner.runSequentially(SuiteRunner.java:413)
	at org.testng.SuiteRunner.privateRun(SuiteRunner.java:373)
	at org.testng.SuiteRunner.run(SuiteRunner.java:312)
	at org.testng.SuiteRunnerWorker.runSuite(SuiteRunnerWorker.java:52)
	at org.testng.SuiteRunnerWorker.run(SuiteRunnerWorker.java:95)
	at org.testng.TestNG.runSuitesSequentially(TestNG.java:1274)
	at org.testng.TestNG.runSuitesLocally(TestNG.java:1208)
	at org.testng.TestNG.runSuites(TestNG.java:1112)
	at org.testng.TestNG.run(TestNG.java:1079)
	at org.apache.maven.surefire.testng.TestNGExecutor.run(TestNGExecutor.java:155)
	at org.apache.maven.surefire.testng.TestNGDirectoryTestSuite.executeMulti(TestNGDirectoryTestSuite.java:169)
	at org.apache.maven.surefire.testng.TestNGDirectoryTestSuite.execute(TestNGDirectoryTestSuite.java:88)
	at org.apache.maven.surefire.testng.TestNGProvider.invoke(TestNGProvider.java:137)
	at org.apache.maven.surefire.booter.ForkedBooter.runSuitesInProcess(ForkedBooter.java:385)
	at org.apache.maven.surefire.booter.ForkedBooter.execute(ForkedBooter.java:162)
	at org.apache.maven.surefire.booter.ForkedBooter.run(ForkedBooter.java:507)
	at org.apache.maven.surefire.booter.ForkedBooter.main(ForkedBooter.java:495)
]]></failure>
    <system-out><![CDATA[[INFO ] 2024-06-17 11:54:40.246 [main] SearchTest - User launches Chrome browser
[INFO ] 2024-06-17 11:54:40.246 [main] SearchTest - Skipping test as execution required is set to no for page: loginpage
Skipping test as execution required is set to no for page: loginpage
]]></system-out>
  </testcase>
  <testcase name="searchPageTest[productfilterpage, mobile, yes](4)" classname="Test.SearchTest" time="0.016">
    <failure message="Session ID is null. Using WebDriver after calling quit()?&#10;Build info: version: &apos;4.21.0&apos;, revision: &apos;79ed462ef4&apos;&#10;System info: os.name: &apos;Windows 10&apos;, os.arch: &apos;amd64&apos;, os.version: &apos;10.0&apos;, java.version: &apos;11.0.1&apos;&#10;Driver info: org.openqa.selenium.chrome.ChromeDriver&#10;Command: [null, screenshot {}]&#10;Capabilities {acceptInsecureCerts: false, browserName: chrome, browserVersion: 126.0.6478.62, chrome: {chromedriverVersion: 126.0.6478.61 (8dc092df54ce..., userDataDir: C:\Users\ANJALI~1\AppData\L...}, fedcm:accounts: true, goog:chromeOptions: {debuggerAddress: localhost:52343}, networkConnectionEnabled: false, pageLoadStrategy: normal, platformName: windows, proxy: Proxy(), se:cdp: ws://localhost:52343/devtoo..., se:cdpVersion: 126.0.6478.62, setWindowRect: true, strictFileInteractability: false, timeouts: {implicit: 0, pageLoad: 300000, script: 30000}, unhandledPromptBehavior: dismiss and notify, webauthn:extension:credBlob: true, webauthn:extension:largeBlob: true, webauthn:extension:minPinLength: true, webauthn:extension:prf: true, webauthn:virtualAuthenticators: true}" type="org.openqa.selenium.NoSuchSessionException"><![CDATA[org.openqa.selenium.NoSuchSessionException: 
Session ID is null. Using WebDriver after calling quit()?
Build info: version: '4.21.0', revision: '79ed462ef4'
System info: os.name: 'Windows 10', os.arch: 'amd64', os.version: '10.0', java.version: '11.0.1'
Driver info: org.openqa.selenium.chrome.ChromeDriver
Command: [null, screenshot {}]
Capabilities {acceptInsecureCerts: false, browserName: chrome, browserVersion: 126.0.6478.62, chrome: {chromedriverVersion: 126.0.6478.61 (8dc092df54ce..., userDataDir: C:\Users\ANJALI~1\AppData\L...}, fedcm:accounts: true, goog:chromeOptions: {debuggerAddress: localhost:52343}, networkConnectionEnabled: false, pageLoadStrategy: normal, platformName: windows, proxy: Proxy(), se:cdp: ws://localhost:52343/devtoo..., se:cdpVersion: 126.0.6478.62, setWindowRect: true, strictFileInteractability: false, timeouts: {implicit: 0, pageLoad: 300000, script: 30000}, unhandledPromptBehavior: dismiss and notify, webauthn:extension:credBlob: true, webauthn:extension:largeBlob: true, webauthn:extension:minPinLength: true, webauthn:extension:prf: true, webauthn:virtualAuthenticators: true}
	at org.openqa.selenium.remote.HttpCommandExecutor.execute(HttpCommandExecutor.java:151)
	at org.openqa.selenium.remote.service.DriverCommandExecutor.invokeExecute(DriverCommandExecutor.java:216)
	at org.openqa.selenium.remote.service.DriverCommandExecutor.execute(DriverCommandExecutor.java:174)
	at org.openqa.selenium.remote.RemoteWebDriver.execute(RemoteWebDriver.java:518)
	at org.openqa.selenium.remote.RemoteWebDriver.execute(RemoteWebDriver.java:591)
	at org.openqa.selenium.remote.RemoteWebDriver.execute(RemoteWebDriver.java:595)
	at org.openqa.selenium.remote.RemoteWebDriver.getScreenshotAs(RemoteWebDriver.java:321)
	at utils.captureScreenshot.captureScreenshot(captureScreenshot.java:19)
	at Test.SearchTest.searchPageTest(SearchTest.java:74)
	at java.base/jdk.internal.reflect.NativeMethodAccessorImpl.invoke0(Native Method)
	at java.base/jdk.internal.reflect.NativeMethodAccessorImpl.invoke(NativeMethodAccessorImpl.java:62)
	at java.base/jdk.internal.reflect.DelegatingMethodAccessorImpl.invoke(DelegatingMethodAccessorImpl.java:43)
	at java.base/java.lang.reflect.Method.invoke(Method.java:566)
	at org.testng.internal.invokers.MethodInvocationHelper.invokeMethod(MethodInvocationHelper.java:141)
	at org.testng.internal.invokers.TestInvoker.invokeMethod(TestInvoker.java:686)
	at org.testng.internal.invokers.TestInvoker.invokeTestMethod(TestInvoker.java:230)
	at org.testng.internal.invokers.MethodRunner.runInSequence(MethodRunner.java:63)
	at org.testng.internal.invokers.TestInvoker$MethodInvocationAgent.invoke(TestInvoker.java:992)
	at org.testng.internal.invokers.TestInvoker.invokeTestMethods(TestInvoker.java:203)
	at org.testng.internal.invokers.TestMethodWorker.invokeTestMethods(TestMethodWorker.java:154)
	at org.testng.internal.invokers.TestMethodWorker.run(TestMethodWorker.java:134)
	at java.base/java.util.ArrayList.forEach(ArrayList.java:1540)
	at org.testng.TestRunner.privateRun(TestRunner.java:739)
	at org.testng.TestRunner.run(TestRunner.java:614)
	at org.testng.SuiteRunner.runTest(SuiteRunner.java:421)
	at org.testng.SuiteRunner.runSequentially(SuiteRunner.java:413)
	at org.testng.SuiteRunner.privateRun(SuiteRunner.java:373)
	at org.testng.SuiteRunner.run(SuiteRunner.java:312)
	at org.testng.SuiteRunnerWorker.runSuite(SuiteRunnerWorker.java:52)
	at org.testng.SuiteRunnerWorker.run(SuiteRunnerWorker.java:95)
	at org.testng.TestNG.runSuitesSequentially(TestNG.java:1274)
	at org.testng.TestNG.runSuitesLocally(TestNG.java:1208)
	at org.testng.TestNG.runSuites(TestNG.java:1112)
	at org.testng.TestNG.run(TestNG.java:1079)
	at org.apache.maven.surefire.testng.TestNGExecutor.run(TestNGExecutor.java:155)
	at org.apache.maven.surefire.testng.TestNGDirectoryTestSuite.executeMulti(TestNGDirectoryTestSuite.java:169)
	at org.apache.maven.surefire.testng.TestNGDirectoryTestSuite.execute(TestNGDirectoryTestSuite.java:88)
	at org.apache.maven.surefire.testng.TestNGProvider.invoke(TestNGProvider.java:137)
	at org.apache.maven.surefire.booter.ForkedBooter.runSuitesInProcess(ForkedBooter.java:385)
	at org.apache.maven.surefire.booter.ForkedBooter.execute(ForkedBooter.java:162)
	at org.apache.maven.surefire.booter.ForkedBooter.run(ForkedBooter.java:507)
	at org.apache.maven.surefire.booter.ForkedBooter.main(ForkedBooter.java:495)
]]></failure>
    <system-out><![CDATA[[INFO ] 2024-06-17 11:54:40.246 [main] SearchTest - User launches Chrome browser
[INFO ] 2024-06-17 11:54:40.246 [main] SearchTest - Skipping test as execution required is set to no for page: productfilterpage
Skipping test as execution required is set to no for page: productfilterpage
]]></system-out>
  </testcase>
  <testcase name="testSellerPage" classname="Test.SellerTest" time="13.75">
    <system-out><![CDATA[[DEBUG] 2024-06-17 11:54:40.313 [main] WebDriverManager - Using WebDriverManager 5.8.0
[DEBUG] 2024-06-17 11:54:40.341 [main] ResolutionCache - Resolution chrome=126 in cache (valid until 12:03:55 17/06/2024 IST)
[DEBUG] 2024-06-17 11:54:40.341 [main] ResolutionCache - Resolution chrome126=126.0.6478.61 in cache (valid until 22:14:43 17/06/2024 IST)
[INFO ] 2024-06-17 11:54:40.341 [main] WebDriverManager - Using chromedriver 126.0.6478.61 (resolved driver for Chrome 126)
[DEBUG] 2024-06-17 11:54:40.388 [main] WebDriverManager - Driver chromedriver 126.0.6478.61 found in cache
[INFO ] 2024-06-17 11:54:40.388 [main] WebDriverManager - Exporting webdriver.chrome.driver as C:\Users\anjalisachan\.cache\selenium\chromedriver\win64\126.0.6478.61\chromedriver.exe
[INFO ] 2024-06-17 11:54:49.126 [main] SellerTest - User launches Chrome browser and navigates to the Flipkart homepage
[INFO ] 2024-06-17 11:54:58.908 [main] SellerTest - User clicks on the Become a Seller link
[INFO ] 2024-06-17 11:55:01.011 [main] SellerTest - Start Selling button is present on the page
]]></system-out>
    <system-err><![CDATA[Jun 17, 2024 11:54:43 AM org.openqa.selenium.devtools.CdpVersionFinder findNearestMatch
WARNING: Unable to find an exact match for CDP version 126, returning the closest version; found: 125; Please update to a Selenium version that supports CDP version 126
Jun 17, 2024 11:55:01 AM org.openqa.selenium.remote.http.WebSocket$Listener onError
WARNING: An existing connection was forcibly closed by the remote host
java.io.IOException: An existing connection was forcibly closed by the remote host
	at java.base/sun.nio.ch.SocketDispatcher.read0(Native Method)
	at java.base/sun.nio.ch.SocketDispatcher.read(SocketDispatcher.java:43)
	at java.base/sun.nio.ch.IOUtil.readIntoNativeBuffer(IOUtil.java:276)
	at java.base/sun.nio.ch.IOUtil.read(IOUtil.java:245)
	at java.base/sun.nio.ch.IOUtil.read(IOUtil.java:223)
	at java.base/sun.nio.ch.SocketChannelImpl.read(SocketChannelImpl.java:358)
	at java.net.http/jdk.internal.net.http.SocketTube.readAvailable(SocketTube.java:1153)
	at java.net.http/jdk.internal.net.http.SocketTube$InternalReadPublisher$InternalReadSubscription.read(SocketTube.java:821)
	at java.net.http/jdk.internal.net.http.SocketTube$SocketFlowTask.run(SocketTube.java:175)
	at java.net.http/jdk.internal.net.http.common.SequentialScheduler$SchedulableTask.run(SequentialScheduler.java:198)
	at java.net.http/jdk.internal.net.http.common.SequentialScheduler.runOrSchedule(SequentialScheduler.java:271)
	at java.net.http/jdk.internal.net.http.common.SequentialScheduler.runOrSchedule(SequentialScheduler.java:224)
	at java.net.http/jdk.internal.net.http.SocketTube$InternalReadPublisher$InternalReadSubscription.signalReadable(SocketTube.java:763)
	at java.net.http/jdk.internal.net.http.SocketTube$InternalReadPublisher$ReadEvent.signalEvent(SocketTube.java:941)
	at java.net.http/jdk.internal.net.http.SocketTube$SocketFlowEvent.handle(SocketTube.java:245)
	at java.net.http/jdk.internal.net.http.HttpClientImpl$SelectorManager.handleEvent(HttpClientImpl.java:957)
	at java.net.http/jdk.internal.net.http.HttpClientImpl$SelectorManager.lambda$run$3(HttpClientImpl.java:912)
	at java.base/java.util.ArrayList.forEach(ArrayList.java:1540)
	at java.net.http/jdk.internal.net.http.HttpClientImpl$SelectorManager.run(HttpClientImpl.java:912)

]]></system-err>
  </testcase>
</testsuite>