<?xml version="1.0" encoding="UTF-8"?>
<testsuite xmlns:xsi="http://www.w3.org/2001/XMLSchema-instance" xsi:noNamespaceSchemaLocation="https://maven.apache.org/surefire/maven-surefire-plugin/xsd/surefire-test-report-3.0.xsd" version="3.0" name="Test.SellerTest" time="24.658" tests="1" errors="0" skipped="0" failures="0">
  <properties>
[...]
</properties>
  <testcase name="testSellerPage" classname="Test.SellerTest" time="7.944">
    <system-out><![CDATA[[DEBUG] 2024-06-23 21:45:23.996 [main] WebDriverManager - Using WebDriverManager 5.8.0
[DEBUG] 2024-06-23 21:45:24.694 [main] ResolutionCache - Resolution chrome=126 in cache (valid until 22:27:59 23/06/2024 IST)
[DEBUG] 2024-06-23 21:45:24.705 [main] ResolutionCache - Removing resolution chrome126=126.0.6478.63 from cache (expired on 2024-06-23T21:36:21.000+0530)
[DEBUG] 2024-06-23 21:45:24.753 [main] InternalHttpClient - ex-0000000001 preparing request execution
[DEBUG] 2024-06-23 21:45:24.777 [main] ProtocolExec - ex-0000000001 target auth state: UNCHALLENGED
[DEBUG] 2024-06-23 21:45:24.777 [main] ProtocolExec - ex-0000000001 proxy auth state: UNCHALLENGED
[DEBUG] 2024-06-23 21:45:24.777 [main] ConnectExec - ex-0000000001 acquiring connection with route {s}->https://googlechromelabs.github.io:443
[DEBUG] 2024-06-23 21:45:24.777 [main] InternalHttpClient - ex-0000000001 acquiring endpoint (3 MINUTES)
[DEBUG] 2024-06-23 21:45:24.777 [main] PoolingHttpClientConnectionManager - ex-0000000001 endpoint lease request (3 MINUTES) [route: {s}->https://googlechromelabs.github.io:443][total available: 0; route allocated: 0 of 5; total allocated: 0 of 25]
[DEBUG] 2024-06-23 21:45:24.794 [main] PoolingHttpClientConnectionManager - ex-0000000001 endpoint leased [route: {s}->https://googlechromelabs.github.io:443][total available: 0; route allocated: 1 of 5; total allocated: 1 of 25]
[DEBUG] 2024-06-23 21:45:24.818 [main] PoolingHttpClientConnectionManager - ex-0000000001 acquired ep-0000000001
[DEBUG] 2024-06-23 21:45:24.827 [main] InternalHttpClient - ex-0000000001 acquired endpoint ep-0000000001
[DEBUG] 2024-06-23 21:45:24.828 [main] ConnectExec - ex-0000000001 opening connection {s}->https://googlechromelabs.github.io:443
[DEBUG] 2024-06-23 21:45:24.828 [main] InternalHttpClient - ep-0000000001 connecting endpoint (null)
[DEBUG] 2024-06-23 21:45:24.828 [main] PoolingHttpClientConnectionManager - ep-0000000001 connecting endpoint to https://googlechromelabs.github.io:443 (30 SECONDS)
[DEBUG] 2024-06-23 21:45:24.828 [main] DefaultHttpClientConnectionOperator - googlechromelabs.github.io resolving remote address
[DEBUG] 2024-06-23 21:45:24.878 [main] DefaultHttpClientConnectionOperator - googlechromelabs.github.io resolved to [googlechromelabs.github.io/185.199.108.153, googlechromelabs.github.io/185.199.109.153, googlechromelabs.github.io/185.199.110.153, googlechromelabs.github.io/185.199.111.153, googlechromelabs.github.io/2606:50c0:8000:0:0:0:0:153, googlechromelabs.github.io/2606:50c0:8001:0:0:0:0:153, googlechromelabs.github.io/2606:50c0:8002:0:0:0:0:153, googlechromelabs.github.io/2606:50c0:8003:0:0:0:0:153]
[DEBUG] 2024-06-23 21:45:24.890 [main] DefaultHttpClientConnectionOperator - googlechromelabs.github.io:443 connecting null->googlechromelabs.github.io/185.199.108.153:443 (30 SECONDS)
[DEBUG] 2024-06-23 21:45:24.890 [main] SSLConnectionSocketFactory - Connecting socket to googlechromelabs.github.io/185.199.108.153:443 with timeout 30 SECONDS
[DEBUG] 2024-06-23 21:45:25.211 [main] SSLConnectionSocketFactory - Enabled protocols: [TLSv1.3, TLSv1.2]
[DEBUG] 2024-06-23 21:45:25.211 [main] SSLConnectionSocketFactory - Enabled cipher suites: [TLS_AES_128_GCM_SHA256, TLS_AES_256_GCM_SHA384, TLS_ECDHE_ECDSA_WITH_AES_256_GCM_SHA384, TLS_ECDHE_ECDSA_WITH_AES_128_GCM_SHA256, TLS_ECDHE_RSA_WITH_AES_256_GCM_SHA384, TLS_RSA_WITH_AES_256_GCM_SHA384, TLS_ECDH_ECDSA_WITH_AES_256_GCM_SHA384, TLS_ECDH_RSA_WITH_AES_256_GCM_SHA384, TLS_DHE_RSA_WITH_AES_256_GCM_SHA384, TLS_DHE_DSS_WITH_AES_256_GCM_SHA384, TLS_ECDHE_RSA_WITH_AES_128_GCM_SHA256, TLS_RSA_WITH_AES_128_GCM_SHA256, TLS_ECDH_ECDSA_WITH_AES_128_GCM_SHA256, TLS_ECDH_RSA_WITH_AES_128_GCM_SHA256, TLS_DHE_RSA_WITH_AES_128_GCM_SHA256, TLS_DHE_DSS_WITH_AES_128_GCM_SHA256, TLS_ECDHE_ECDSA_WITH_AES_256_CBC_SHA384, TLS_ECDHE_RSA_WITH_AES_256_CBC_SHA384, TLS_RSA_WITH_AES_256_CBC_SHA256, TLS_ECDH_ECDSA_WITH_AES_256_CBC_SHA384, TLS_ECDH_RSA_WITH_AES_256_CBC_SHA384, TLS_DHE_RSA_WITH_AES_256_CBC_SHA256, TLS_DHE_DSS_WITH_AES_256_CBC_SHA256, TLS_ECDHE_ECDSA_WITH_AES_256_CBC_SHA, TLS_ECDHE_RSA_WITH_AES_256_CBC_SHA, TLS_RSA_WITH_AES_256_CBC_SHA, TLS_ECDH_ECDSA_WITH_AES_256_CBC_SHA, TLS_ECDH_RSA_WITH_AES_256_CBC_SHA, TLS_DHE_RSA_WITH_AES_256_CBC_SHA, TLS_DHE_DSS_WITH_AES_256_CBC_SHA, TLS_ECDHE_ECDSA_WITH_AES_128_CBC_SHA256, TLS_ECDHE_RSA_WITH_AES_128_CBC_SHA256, TLS_RSA_WITH_AES_128_CBC_SHA256, TLS_ECDH_ECDSA_WITH_AES_128_CBC_SHA256, TLS_ECDH_RSA_WITH_AES_128_CBC_SHA256, TLS_DHE_RSA_WITH_AES_128_CBC_SHA256, TLS_DHE_DSS_WITH_AES_128_CBC_SHA256, TLS_ECDHE_ECDSA_WITH_AES_128_CBC_SHA, TLS_ECDHE_RSA_WITH_AES_128_CBC_SHA, TLS_RSA_WITH_AES_128_CBC_SHA, TLS_ECDH_ECDSA_WITH_AES_128_CBC_SHA, TLS_ECDH_RSA_WITH_AES_128_CBC_SHA, TLS_DHE_RSA_WITH_AES_128_CBC_SHA, TLS_DHE_DSS_WITH_AES_128_CBC_SHA, TLS_EMPTY_RENEGOTIATION_INFO_SCSV]
[DEBUG] 2024-06-23 21:45:25.211 [main] SSLConnectionSocketFactory - Starting handshake (null)
[DEBUG] 2024-06-23 21:45:25.537 [main] SSLConnectionSocketFactory - Secure session established
[DEBUG] 2024-06-23 21:45:25.537 [main] SSLConnectionSocketFactory -  negotiated protocol: TLSv1.3
[DEBUG] 2024-06-23 21:45:25.537 [main] SSLConnectionSocketFactory -  negotiated cipher suite: TLS_AES_128_GCM_SHA256
[DEBUG] 2024-06-23 21:45:25.545 [main] SSLConnectionSocketFactory -  peer principal: CN=*.github.io, O="GitHub, Inc.", L=San Francisco, ST=California, C=US
[DEBUG] 2024-06-23 21:45:25.545 [main] SSLConnectionSocketFactory -  peer alternative names: [*.github.io, github.io, githubusercontent.com, www.github.com, *.github.com, *.githubusercontent.com, github.com]
[DEBUG] 2024-06-23 21:45:25.545 [main] SSLConnectionSocketFactory -  issuer principal: CN=DigiCert Global G2 TLS RSA SHA256 2020 CA1, O=DigiCert Inc, C=US
[DEBUG] 2024-06-23 21:45:25.545 [main] DefaultManagedHttpClientConnection - http-outgoing-0 set socket timeout to 3 MINUTES
[DEBUG] 2024-06-23 21:45:25.545 [main] DefaultHttpClientConnectionOperator - googlechromelabs.github.io:443 connected null->googlechromelabs.github.io/185.199.108.153:443 as http-outgoing-0
[DEBUG] 2024-06-23 21:45:25.545 [main] PoolingHttpClientConnectionManager - ep-0000000001 connected http-outgoing-0
[DEBUG] 2024-06-23 21:45:25.545 [main] InternalHttpClient - ep-0000000001 endpoint connected
[DEBUG] 2024-06-23 21:45:25.545 [main] MainClientExec - ex-0000000001 executing GET /chrome-for-testing/known-good-versions-with-downloads.json HTTP/1.1
[DEBUG] 2024-06-23 21:45:25.553 [main] RequestAddCookies - ex-0000000001 Cookie spec selected: strict
[DEBUG] 2024-06-23 21:45:25.561 [main] InternalHttpClient - ep-0000000001 start execution ex-0000000001
[DEBUG] 2024-06-23 21:45:25.561 [main] PoolingHttpClientConnectionManager - ep-0000000001 executing exchange ex-0000000001 over http-outgoing-0
[DEBUG] 2024-06-23 21:45:25.561 [main] headers - http-outgoing-0 >> GET /chrome-for-testing/known-good-versions-with-downloads.json HTTP/1.1
[DEBUG] 2024-06-23 21:45:25.561 [main] headers - http-outgoing-0 >> user-agent: Apache-HttpClient/5.0
[DEBUG] 2024-06-23 21:45:25.561 [main] headers - http-outgoing-0 >> accept-encoding: gzip, deflate, br
[DEBUG] 2024-06-23 21:45:25.561 [main] headers - http-outgoing-0 >> cache-control: max-age=0
[DEBUG] 2024-06-23 21:45:25.561 [main] headers - http-outgoing-0 >> connection: keep-alive
[DEBUG] 2024-06-23 21:45:25.561 [main] headers - http-outgoing-0 >> Host: googlechromelabs.github.io
[DEBUG] 2024-06-23 21:45:25.561 [main] wire - http-outgoing-0 >> "GET /chrome-for-testing/known-good-versions-with-downloads.json HTTP/1.1[\r][\n]"
[DEBUG] 2024-06-23 21:45:25.561 [main] wire - http-outgoing-0 >> "user-agent: Apache-HttpClient/5.0[\r][\n]"
[DEBUG] 2024-06-23 21:45:25.561 [main] wire - http-outgoing-0 >> "accept-encoding: gzip, deflate, br[\r][\n]"
[DEBUG] 2024-06-23 21:45:25.561 [main] wire - http-outgoing-0 >> "cache-control: max-age=0[\r][\n]"
[DEBUG] 2024-06-23 21:45:25.561 [main] wire - http-outgoing-0 >> "connection: keep-alive[\r][\n]"
[DEBUG] 2024-06-23 21:45:25.561 [main] wire - http-outgoing-0 >> "Host: googlechromelabs.github.io[\r][\n]"
[DEBUG] 2024-06-23 21:45:25.561 [main] wire - http-outgoing-0 >> "[\r][\n]"
[DEBUG] 2024-06-23 21:45:25.678 [main] wire - http-outgoing-0 << "HTTP/1.1 200 OK[\r][\n]"
[DEBUG] 2024-06-23 21:45:25.686 [main] wire - http-outgoing-0 << "Connection: keep-alive[\r][\n]"
[DEBUG] 2024-06-23 21:45:25.686 [main] wire - http-outgoing-0 << "Content-Length: 45652[\r][\n]"
[DEBUG] 2024-06-23 21:45:25.686 [main] wire - http-outgoing-0 << "Server: GitHub.com[\r][\n]"
[DEBUG] 2024-06-23 21:45:25.688 [main] wire - http-outgoing-0 << "Content-Type: application/json; charset=utf-8[\r][\n]"
[DEBUG] 2024-06-23 21:45:25.688 [main] wire - http-outgoing-0 << "permissions-policy: interest-cohort=()[\r][\n]"
[DEBUG] 2024-06-23 21:45:25.688 [main] wire - http-outgoing-0 << "x-origin-cache: HIT[\r][\n]"
[DEBUG] 2024-06-23 21:45:25.688 [main] wire - http-outgoing-0 << "Last-Modified: Sun, 23 Jun 2024 16:09:39 GMT[\r][\n]"
[DEBUG] 2024-06-23 21:45:25.688 [main] wire - http-outgoing-0 << "Access-Control-Allow-Origin: *[\r][\n]"
[DEBUG] 2024-06-23 21:45:25.688 [main] wire - http-outgoing-0 << "Strict-Transport-Security: max-age=31556952[\r][\n]"
[DEBUG] 2024-06-23 21:45:25.688 [main] wire - http-outgoing-0 << "ETag: W/"667848c3-157fe4"[\r][\n]"
[DEBUG] 2024-06-23 21:45:25.688 [main] wire - http-outgoing-0 << "expires: Sun, 23 Jun 2024 16:20:41 GMT[\r][\n]"
[DEBUG] 2024-06-23 21:45:25.688 [main] wire - http-outgoing-0 << "Cache-Control: max-age=600[\r][\n]"
[DEBUG] 2024-06-23 21:45:25.688 [main] wire - http-outgoing-0 << "Content-Encoding: gzip[\r][\n]"
[DEBUG] 2024-06-23 21:45:25.688 [main] wire - http-outgoing-0 << "x-proxy-cache: HIT[\r][\n]"
[DEBUG] 2024-06-23 21:45:25.688 [main] wire - http-outgoing-0 << "X-GitHub-Request-Id: 60A7:19A3A0:94D0CE:9C1635:66784978[\r][\n]"
[DEBUG] 2024-06-23 21:45:25.688 [main] wire - http-outgoing-0 << "Accept-Ranges: bytes[\r][\n]"
[DEBUG] 2024-06-23 21:45:25.688 [main] wire - http-outgoing-0 << "Date: Sun, 23 Jun 2024 16:15:25 GMT[\r][\n]"
[DEBUG] 2024-06-23 21:45:25.688 [main] wire - http-outgoing-0 << "Via: 1.1 varnish[\r][\n]"
[DEBUG] 2024-06-23 21:45:25.688 [main] wire - http-outgoing-0 << "Age: 131[\r][\n]"
[DEBUG] 2024-06-23 21:45:25.688 [main] wire - http-outgoing-0 << "X-Served-By: cache-bom4739-BOM[\r][\n]"
[DEBUG] 2024-06-23 21:45:25.688 [main] wire - http-outgoing-0 << "X-Cache: HIT[\r][\n]"
[DEBUG] 2024-06-23 21:45:25.693 [main] wire - http-outgoing-0 << "X-Cache-Hits: 1[\r][\n]"
[DEBUG] 2024-06-23 21:45:25.693 [main] wire - http-outgoing-0 << "X-Timer: S1719159326.600479,VS0,VE1[\r][\n]"
[DEBUG] 2024-06-23 21:45:25.693 [main] wire - http-outgoing-0 << "Vary: Accept-Encoding[\r][\n]"
[DEBUG] 2024-06-23 21:45:25.694 [main] wire - http-outgoing-0 << "X-Fastly-Request-ID: 319c0321cef2f83c84d458e9170778d4d2f734d8[\r][\n]"
[DEBUG] 2024-06-23 21:45:25.694 [main] wire - http-outgoing-0 << "[\r][\n]"
[DEBUG] 2024-06-23 21:45:25.694 [main] headers - http-outgoing-0 << HTTP/1.1 200 OK
[DEBUG] 2024-06-23 21:45:25.694 [main] headers - http-outgoing-0 << Connection: keep-alive
[DEBUG] 2024-06-23 21:45:25.694 [main] headers - http-outgoing-0 << Content-Length: 45652
[DEBUG] 2024-06-23 21:45:25.694 [main] headers - http-outgoing-0 << Server: GitHub.com
[DEBUG] 2024-06-23 21:45:25.694 [main] headers - http-outgoing-0 << Content-Type: application/json; charset=utf-8
[DEBUG] 2024-06-23 21:45:25.694 [main] headers - http-outgoing-0 << permissions-policy: interest-cohort=()
[DEBUG] 2024-06-23 21:45:25.694 [main] headers - http-outgoing-0 << x-origin-cache: HIT
[DEBUG] 2024-06-23 21:45:25.694 [main] headers - http-outgoing-0 << Last-Modified: Sun, 23 Jun 2024 16:09:39 GMT
[DEBUG] 2024-06-23 21:45:25.694 [main] headers - http-outgoing-0 << Access-Control-Allow-Origin: *
[DEBUG] 2024-06-23 21:45:25.694 [main] headers - http-outgoing-0 << Strict-Transport-Security: max-age=31556952
[DEBUG] 2024-06-23 21:45:25.704 [main] headers - http-outgoing-0 << ETag: W/"667848c3-157fe4"
[DEBUG] 2024-06-23 21:45:25.704 [main] headers - http-outgoing-0 << expires: Sun, 23 Jun 2024 16:20:41 GMT
[DEBUG] 2024-06-23 21:45:25.704 [main] headers - http-outgoing-0 << Cache-Control: max-age=600
[DEBUG] 2024-06-23 21:45:25.704 [main] headers - http-outgoing-0 << Content-Encoding: gzip
[DEBUG] 2024-06-23 21:45:25.704 [main] headers - http-outgoing-0 << x-proxy-cache: HIT
[DEBUG] 2024-06-23 21:45:25.704 [main] headers - http-outgoing-0 << X-GitHub-Request-Id: 60A7:19A3A0:94D0CE:9C1635:66784978
[DEBUG] 2024-06-23 21:45:25.704 [main] headers - http-outgoing-0 << Accept-Ranges: bytes
[DEBUG] 2024-06-23 21:45:25.704 [main] headers - http-outgoing-0 << Date: Sun, 23 Jun 2024 16:15:25 GMT
[DEBUG] 2024-06-23 21:45:25.704 [main] headers - http-outgoing-0 << Via: 1.1 varnish
[DEBUG] 2024-06-23 21:45:25.704 [main] headers - http-outgoing-0 << Age: 131
[DEBUG] 2024-06-23 21:45:25.704 [main] headers - http-outgoing-0 << X-Served-By: cache-bom4739-BOM
[DEBUG] 2024-06-23 21:45:25.704 [main] headers - http-outgoing-0 << X-Cache: HIT
[DEBUG] 2024-06-23 21:45:25.704 [main] headers - http-outgoing-0 << X-Cache-Hits: 1
[DEBUG] 2024-06-23 21:45:25.704 [main] headers - http-outgoing-0 << X-Timer: S1719159326.600479,VS0,VE1
[DEBUG] 2024-06-23 21:45:25.704 [main] headers - http-outgoing-0 << Vary: Accept-Encoding
[DEBUG] 2024-06-23 21:45:25.704 [main] headers - http-outgoing-0 << X-Fastly-Request-ID: 319c0321cef2f83c84d458e9170778d4d2f734d8
[DEBUG] 2024-06-23 21:45:25.710 [main] MainClientExec - ex-0000000001 connection can be kept alive for 3 MINUTES
[DEBUG] 2024-06-23 21:45:25.727 [main] wire - http-outgoing-0 << "[0x1f][0xffffff8b][0x8][0x0][0x0][0x0][0x0][0x0][0x0][0x3][0xffffffcc][0xffffffbd][0xffffffdd][0xffffff8e],Iv^[0xfffffff9].}[0xffffffad].[0xffffff86][0xffffffdb][0xffffff9f][0xffffff9b][0xfffffff1]9t5[0xffffff83][0xffffffb9][0xffffffe8]!{[0xffffffc8][0x6][0xffffff9a]l[0xffffffa2][0xffffff9b][0xffffff92][0x6]#[0xffffffe8][0xffffffdd]'22[0xffffffcf][0xffffffc9],[0xffffffdb]_[0x1c]U[0xfffffff8]i[0xffffffec][0xfffffff5]A[0x10][0x4][0xffffff8a][0xffffff9d][0xffffffe5]Fbaa[0xffffff95][0xffffff87][0xffffffed][0xffffffed][0xffffffff][0xfffffff3]w[0xffffffff][0xfffffff9][0xffffffa7][0x7f][0xfffffffb][0xffffffe3][0xffffffdf][0xfffffffe][0xfffffff3][0xf][0xffffffff][0xfffffff6][0x1f][0xffffffbf][0xfffffffb][0xffffffc7][0xffffffdf][0xffffff95][i[0xffffffbf][0xffffffbf][0xffffff8d][0xffffffdf][0xffffff97][0xfffffffa]_o[0xfffffff3][0x1f]o[0xffffffeb][0x1f][0xffffffeb][0xffffffed][0xffffff97]q[0xffffffae][0xffffffff][0xffffffe3]w[0xffffffff][0xffffffe5]w[0xffffffff][0xfffffffd][0xffffff8f][0x7f][0xfffffffd][0xffffffdb][0xffffff9f][0xfffffffe][0xfffffff2][0xffffffef][0x7f][0xfffffffb][0xffffffdd]?[0xfffffffe][0xffffff9f][0xffffffff][0xfffffff3][0xffffffdb][0x7f]q[0xffffffff][0xffffff8b][0xffffffe3][0xffffffa8][0xffffffbf][0xffffffdc]~[0xffffffe9][0xffffffe3],[0xffffffbf][0xffffffdc][0xffffffee][0xffffffff][0xffffffa9][0xffffffbf][0xfffffffe][0xfffffff1][0xffffffbf][0xffffffff][0xffffffe9][0xfffffffb][0x7f][0xffffffa7][0x1c][0xffffffad][0xfffffff7][0xfffffffb][0xffffffff][0xffffffe7]?[0xffffffff][0xffffffe5][0x7f][0xfffffffc][0xfffffffb][0xffffff9f][0xffffffff][0xfffffff2][0xffffff87][0x7f][0xffffffbe][0xffffffff][0xffffffed][0xffffffff][0xfffffffc][0xffffffdd]?[0xfffffffd][0xffffffeb]_[0xffffffff][0xfffffff2]o[0x7f]|[0xfffffffc]S[0xfffffffe][0xffffffe3][0xffffffcf][0x7f][0xfffffff8][0xffffffcf][0xffffffff][0xffffffe7]/[0x7f][0xfffffffd][0xffffffb7][0xfffffffb][0x7f][0xfffffff8][0xffffffcf][0x7f][0xfffffffa][0xfffffff7][0xffffffff][0xfffffff6][0xffffffff][0xffffff8e]v[0xffffffff][0xf][0xffffffff][0xffffffb7][0xffffffbf][0xfffffffe][0xfffffff9][0xfffffffe]_[0xffffffff][0xffffffeb][0x7f][0xfffffffe][0xffffffe7][0x7f][0xfffffffc][0xffffffed][0x1f][0xffffffff][0xffffffe1][0x1f][0xfffffffe][0xfffffff6][0xffffff9f][0x7f][0xfffffff9][0xffffffeb][0x1f][0xfffffffe][0xffffffe5][0xffffff8f][0xffffffbf][0xfffffffc][0xffffffcb]_[0xfffffffe][0xfffffff2]/[0x7f][0xfffffffe][0xffffffe3][0x1f][0xfffffffe][0xffffffe3]O[0x7f][0xfffffffb][0xffffffe5][0xffffff9f][0xfffffffe][0xfffffff2]o[0xffffffff][0xfffffff0][0xfffffffe][0xf][0xfffffff9][0xfffffffd][0xfffffffd][0xffffff8f][0x7f][0xffffffff][0xffffff9f][0xfffffff7][0xffffffc3][0xffffffff][0xffffffe9][0xffffffdf][0xffffffff][0xffffffe5][0xfffffff7][0xffffffff][0xfffffff1][0xffffffdf][0xfffffffe][0xffffffef]?[0xffffffff][0xffffffe9][0xffffff9f][0xfffffffe][0xffffffe1][0xffffffeb]y[0xfffffffe][0xffffffe1][0xffffffe3][0xffffff9f][0xfffffffa][0xffffffed]?[0xfffffffe][0xfffffff1]_[0xfffffffe][0xfffffff2][0xffffffff][0xfffffffd][0xffffffe9]?~[0xfffffff7][0xffffffbf][0xfffffffe][0xffffffcb][0xffffffaf][0xffffff9e][0xffffffff]o[0x7f][0xfffffff8][0xffffffa7][0xffffffdf][0xffffffff][0xffffffe1][0xffffffaf][0xffffffff][0xfffffff6]w?[0xffffffc1][0xfffffff7][0x7f][0xffffffee][0xffffffb7]?[0xfffffff8][0xfffffffe][0xffffffff][0xfffffff1][0xffffffec][0x14][0x7f][0xffffffff][0xffffffff]-|[0xfffffffc]S[0xffffffbf][0xffffff9e][0xffffffe0][0xffffffc9][0xffffffff][0x16][0xfffffffe][0xffffffc7][0xffffff9f][0xfffffffe][0xffffffbd][0xffffff96][0xffffffbf][0xfffffff3][0xffffffd3][0x1f][0xffffffff][0xffffffcc]o[0xffffffff][0xffffffe1][0xffffffc7][0x7f][0xfffffff1][0xffffffe4][0xffffffc9][0x7f][0xfffffff7][0xffffffff][0xffffffb9][0x1f][0xffffffff][0xffffffcc]/O[0xfffffffe][0xfffffff6]?[0xfffffff3][0xffffffff][0xfffffff5][0xffffffbf][0xffffffde][0x1e].[0x11][0xffffffae][0xffffffdd][0xffffff8c][0xffffffe1][0xffffffda]q[0xffffff88][0xffffffef]G[0xffffffe0])[0xfffffffe]8[0x4][0xffffff85][0xfffffff1][0xfffffffd][0xfffffff1][0x14][0xffffffc7][0xffffffef][0xffffff8f]~[0x15][0xffffffe4]Q[0xffffffcd]@[0x1e][0x15][0x7][0xfffffff9]~[0x4][0x1e][0xffffffe4][0xffffff8f]CP [0xffffffdf][0x1f]O[0xffffff81][0xfffffffc][0xfffffffe][0xffffffe8][0xffffffdf][0x8]r{[0xfffffffc][0xffffffd5][0x1a]"*F[0x19]+[0xffffff9d][0xffffffe3][0xffffffcf][0xfffffff3]P[0x18][0x7f]9[0x1]F[0xfffffff1]v[0xffffff86]d[0xffffff88][0xffffffbf]<=[0xffffff99][0xffffffe1]_?[0xfffffff9][0x15][0xffffff84][0xffffffcf][0xffffffdb][0x14][0x8][0xffffffcf][0xffffffda][0xf][0x6][0xffffffe1][0xffffffc7]yP[0xffffff84][0xffffffdf]O[0xffffffc0]"[0xfffffffc]y[0x6][0x2][0xffffffe1][0xfffffff7][0xffffffa7][0x13][0x8][0x7f][0x7f][0xfffffff2]k[0x8]/[0xffffff85]po[0xffffff8d]Bx[0xffffffe1][0x8]/[0x3][0xffffff84][0x17][0xffffff8a][0xfffffff0][0xffffffc2][0x10]^[0x17][0x10]>n[\n]"
[DEBUG] 2024-06-23 21:45:25.727 [main] wire - http-outgoing-0 << "[0xffffffe1]Y'[0xffffff84][0xfffffff0][0xffffffdb]yX[0xffffff84][0x1f]'[0xffffff80][0x11][0xfffffffe]~[0x6][0x4][0xffffffe1][0xffffffc7][0xffffffd3][0x11][0xffffff84][0xffffffbf]=[0xfffffff9]5[0xffffff84][0xffffff8f]_[0xffffffe2][0xffffffbf][0xffffffd3][0xffffffad]c[0xffffffdc]([0xffffff84][0xffffffef][0xffffffe7][0xffffff81][0x11]~;[0x1][0xffffff8d][0xfffffff0][0xffffffb7]30[0x8][0xffffffbf]=[0xffffff9d]A[0xfffffff8][0xffffffe3][0xffffffc9][0xffffffaf]!\[0xffffff85][0xffffff85][0xffffffd7]9[0xffffffa8][0xffffff90]x;[0xf][0xffffff8c]p5[0xffffffb0]pE-\1[0xb][0xffffffd7]+[0x16][0xffffffee][0x11][0xffffffe1]z[0xffffffab][0xffffffb3]R[0x8]w[0x1c][0xffffffe1]n[0xffffff80]pG[0x11][0xffffffee][0x18][0xffffffc2][0xfffffffd][\n]"
[DEBUG] 2024-06-23 21:45:25.727 [main] wire - http-outgoing-0 << "[0xffffffc2][0xffffffe2][0xffffff8d]D=[\n]"
[DEBUG] 2024-06-23 21:45:25.727 [main] wire - http-outgoing-0 << "[0xfffffff0]r[0xfffffff8][0xfffffff3]<0[0xffffffc2][0x6]o$[0xe][0xfffffff4][0xffffff8d][0xffffffc4][0xffffff81][0xffffffbd][0xffffff91]8[0xffffffae][0xffffffbc][0xffffff91]([0xffffffb7]_ZDx[0xffffffde][0x6][0xffffff84][0xfffffff0][0xffffffdb]yX[0xffffff84][0x1f]'[0xffffff80][0x11][0xfffffffe]~[0x6][0x4][0xffffffe1][0xffffffc7][0xffffffd3][0x11][0xffffff84][0xffffffbf]=[0xfffffff9]5[0xffffff84][0xffffffc5]}[0xffffff89]Z[0x1a][0xffffff87]0x_[0xffffffe2][0xffffffcb][0x9]h[0xffffff84][0xffffffa1][0xfffffffb][0x12]_[0xffffff9e][0xffffffce] [0xfffffffc][0xffffffda]}[0xffffff89][0xffffff8f]?j[0x2][0xffffffe1]z;[0xffffffa8]7[0x12]o[0xffffffe7][0xffffff81][0x11]n[0x6][0x8]7[0x14][0xffffffe1][0xffffff86]![0xffffffdc][0xffffffae] [0xffffffac]Z[0xffffffb8][0xffffff95][0xffffff83][0xfffffffa]u[0xffffffae][0xffffffe0]-\[0xc]Z[0xffffffb8][0xffffffa0]-\[0xffffffb0][0x16].WZ[0xffffffb8][0xffffffaa][0xffffff90]hm[0x15][0x8][0xffffffe1][0xffffff8a][0xffffff87]D5[0x8][0xffffff89][0xffffff8a][0xffffff86]D[0xffffffc5]B[0xffffffa2]^[0x9][0xffffff89]*[0xffffffde][0xb][0xffffffd7]6O[0xffffffea][0xffffff8d]D[0xffffffc5][0xffffffdf][0xb]W[0xffffff83][0xfffffff7][0xffffffc2][0x15]}/\[0xffffffb1][0xfffffff7][0xffffffc2][0xfffffff5][0xffffffca]{[0xffffffe1][0xffffffaa]Z[0xffffffb8][0x1f]7[0xc]a[0xffffffbc][0xffffff85][0xffffffab]A[0xb][0x7f]?[0x3][0xffffff83]0[0xffffffd6][0xffffffc2][0xffffffdf][0xffffff9e][0xfffffffc][0x1a][0xffffffc2][0xffffffea][0xffffffa7][0xffffff8d][0xffffffde]O[0xffffffea]_[0xffffffe7]*[0xfffffffe][0xffffffd3]F5[0xfffffff8]i[0xffffffa3][0xffffffa2]?mT[0xffffffec][0xffffffa7][0xffffff8d]z[0xffffffe5][0xffffffa7][0xffffff8d][0xfffffffb][0x1f][0x15]3[0xffffff84][0xb][0xffffff8e]p1@[0xffffffb8][0xffffffa0][0x8][0x17][0xc][0xffffffe1]r[0x5][0xffffffe1]p[0xffffffcd][0x7]F[0x18][0xffffffbe][0xffffffe6][0xfffffff3]8[0x1][0xffffff8f]0x[0xffffffcd][0xffffffe7][0xfffffff1]t[\n]"
[DEBUG] 2024-06-23 21:45:25.727 [main] wire - http-outgoing-0 << "[0xffffffe1][0xffffffd7][0xffffffaf][0xfffffff9][0xffffffdc][0xffffffff]h[0xffffff98]!<p[0xffffff84][0xffffff87][0x1][0xffffffc2][0x3]Ex`[0x8][0xffffff8f]+[0x8][0x1f]n[0xc][0x1f]<[0xffffffc4][0xffffff87][0x3][0xffffffc5][0x7][0xffffff8b][0xfffffff1][0xffffffc1]q|\[0x2][0xffffffb9][0xffffffb8][0xffffff81]\x[0xffffff90][0xffffff8b][0x3][0xffffffc8][0xffffff85][0x5][0xffffffb9]p [0xffffff97]K [0xffffffc7][0xffffffe1]|[0x18]dn8[0xffffffff][0xffffffeb][0x11]x[0xffffff90][0xffffff99][0xffffffe1][0xfffffffc][0xffffffaf][0xffffff8f][0xffffffa7]@~i8[0xffffffff][0xfffffffb]_57[0xffffff90][0x1b][0xf]rs[0x0][0xffffffb9][0xffffffb1] 7[0xe][0xffffffe4]v[0x9][0xffffffe4][0xffffffe5][0xfffffff6][0xffffffc2]x[0xfffffff1]o[0xffffff8c][0xffffffef]G[0xffffffe0]A[0xfffffffe]8[0x4][0x5][0xfffffff2][0xffffffe2]^[0x1a][0xffffffaf]Ko[0xffffff8d][0xffffff8f][0xffffffea][0xfffffff6][0xffffffd2][0xffffffed]~"[0x1c][0xffffffe5][0xffffffb7]3[0xfffffff0],[0x7f];[0x5][0x5][0xfffffff3][0xffffffdb][0xfffffff3])[0xffffff9a]?[0xffffff9e][0xfffffffd][0x1b]q[0xffffffee][0xffffffef][0x7f]&[0xffffffc6][0xfffffff5][0xffffffeb]y[0x1b][0xfffffff9][0x17][0xffffff82]>[0xffffffcf]C[0xffffffa1][0xfffffffc][0xffffffe5][0x4][0x18][0xffffffc8][0xffffffdb][0x19][0xffffff92]1[0xfffffffe][0xfffffff2][0xfffffff4]d[0xffffff88][0x7f][0xfffffffd][0xffffffe4][0xffffff97][0x10]nb\[0xffffffbf][0xffffff9e]u[0xffffffe6]_[0xffffffcb][0xfffffffc]<[0xf][0xffffff8b]pC[0xffffffc7][0xfffffff5][0xffffffb7]3 [0x8]7`\[0xffffffff][0xffffffd7]O~[\r][0xffffffe1]C![0xffffffdc][~R|[0xffffff9e][0x7]F[0xfffffff8]0@[0xfffffff8]@[0x11]>0[0xffffff84][0xffffff8f]+[0x8][0xffffffab][0xffffff9b][0xffffffc5]g_'[0xffffff85]0x[0xffffffb3][0xfffffff8][0xffffffcb][0x9]h[0xffffff84][0xffffffa1][0xffffff9b][0xffffffc5]_[0xffffff9e][0xffffffce] [0xfffffffc][0xffffffda][0xffffffcd][0xffffffe2][0xffffff8f]?R7[0xffffff8b][0xffffffcf][0xffffffd1][0xfffffff2][0x17][0x8]~[0xffffff9e][0x7]F[0x18][0xffffffbd]Y[0xffffffbc][0xffffff9d][0xffffff81]A[0x18][0xffffffb8]Y[0xfffffffc][0xffffffeb]'[0xffffffbf][0xffffff86]p[0xffffff93][0x8][0xffffffaf][0xfffffffc][0xffffff8d][0x13][0xffffff9f][0xffffffe7][0xffffff81][0x11]n[0x6][0x8]7[0x14][0xffffffe1][0xffffff86]![0xffffffdc][0xffffffae] |[\n]"
[DEBUG] 2024-06-23 21:45:25.727 [main] wire - http-outgoing-0 << "[0xffffff84]g)XH[0xffffff9c]8[0xffffffc2][0xffffffa7][0x1][0xffffffc2]'[0xffffff8a][0xfffffff0][0xffffff89]!|^AX[0xffffffbd]T[0xffffff9b][0xffffffb3]c[0x16][0xffffffc6]_[0xffffffaa]5[0xffffff83][0xffffff97]j[\r]}[0xffffffa9][0xffffffd6][0xffffffb0][0xffffff97]j[0xffffffed][0xffffffca]K[0xffffffb5][0xffffffae]^[0xffffffaa][0xffffffad]rP[0x8]w[0xfffffffc][0xffffffa5]Z7x[0xffffffa9][0xffffffd6][0xffffffd1][0xffffff97]j[0x1d]{[0xffffffa9][0xffffffd6][0xffffffaf][0xffffffbc]T[0xffffffeb][0xffffffea][0xffffffa5][0xffffffda]j[0xffffff85]z[0xffffffa9][0xffffffd6][0xfffffff1][0xffffff97]j[0xffffffdd][0xffffffe0][0xffffffa5]ZG_[0xffffffaa]u[0xffffffec][0xffffffa5]Z[0xffffffbf][0xfffffff2]R[0xffffffed][0xfffffffe]GqD[0xffffff89]E[0x18][0x1b]Q[0xfffffffa]r[0x2][0x1e]adD[0xffffffe9][0xffffffcb][0xffffffd3])[0xffffff84]_[0x19]Q[0xfffffffa][0xfffffff8][0xffffffa3][0xffffffa2][0x10][0xffffffbe]w5[0xffffff85]p[0xffffffc1][0x11].[0x6][0x8][0x17][0x14][0xffffffe1][0xffffff82]!\[0xffffffae] "
[DEBUG] 2024-06-23 21:45:25.735 [main] wire - http-outgoing-0 << ",[0xffffffde][0xb][0xffffffb7][0xffffffdb][0xffffffad][0xffffffe4]o_[0xfffffffb]<[0xf][0xffffff8c][0xffffffb0][0xffffffc1]{[0xffffffe1][0xffffff8e][0xffffffbe][0x17][0xffffffee][0xffffffd8]{[0xffffffe1]~[0xffffffe5][0xffffffbd]p[0xffffffef][\n]"
[DEBUG] 2024-06-23 21:45:25.735 [main] wire - http-outgoing-0 << "[0xffffffe1][0xe]l[0xffffff9c][0xfffffff8]<[0xf][0xffffff8c]p7@[0xffffffb8][0xffffffa3][0x8]w[0xc][0xffffffe1]~[0x5]a[0xfffffff1]y[0xffffffaf];[0xffffffc2][0xffffffd8]M[0xffffffb5][0xe]~[0xffffffde][0xffffffeb][0xffffffcb][0x9]h[0xffffff84][0xffffffa1][0xffffffcf]{}y:[0xffffff83][0xfffffff0]k[0xffffff9f][0xfffffff7][0xfffffffa][0xfffffff8]#[0xfffffff1][0xffffffd3]F[0xffffffbb][\r][0xffffffce][0xffffffc2][0xfffffff8]O[0x1b][0xffffffdd][0xffffffe0][0xffffffa7][0xffffff8d][0xffffff8e][0xfffffffe][0xffffffb4][0xffffffd1][0xffffffb1][0xffffff9f]6[0xfffffffa][0xffffff95][0xffffff9f]6[0xffffffba][0xffffffd8][0xffffff81]yG[0x18][0xfffffff8][0xffffffb0][0xffffffcc][0xffffffe7]y`[0xffffff84][0xffffffd1][0x1d][0xffffff98][0xffffffdb][0x19][0x18][0xffffff84][0xffffff81][0x1d][0xffffff98][0xffffffbf]~[0xfffffff2]k[0x8][0xffffff8b]_[0xffffffe7][0xffffffda][0xffffffed]<[0xffffffa9][0xfffffffb][0xffffffc2][0x1d][0xffffffff]u[0xffffffae][0x1b][0xfffffffc]:[0xffffffd7][0xffffffd1]_[0xffffffe7]:[0xfffffff6][0xffffffeb]\[0xffffffbf][0xfffffff2][0xffffffeb][0xffffffdc][0x10]?m4[0xffffffe4][0xffffffab][0x1c][0xffffff9f][0xffffffe7]a[0x11][0x1e][0x6]?m[0xc][0xfffffff4][0xffffffa7][0xffffff8d][0xffffff81][0xfffffffd][0xffffffb4]1[0xffffffae][0xfffffffc][0xffffffb4]1[0xffffffc4]}[0xffffffe1]v[0xffffff8c]J[0xffffffbd]T[0x1b][0xfffffff8]}[0xffffffe1]ap_x[0xffffffa0][0xfffffff7][0xffffff85][0x7]v_x\[0xffffffb9]/|[0xffffffff][0xffffffa3]f[0xffffff86]0[0xfffffff6]a[0xffffff99]/'[0xffffffe0][0x11]F>,[0xfffffff3][0xffffffe5][0xffffffe9][0x14][0xffffffc2][0xffffffaf]|X[0xffffffe6][0xffffffe3][0xffffff8f][0xffffffd4]O[0x1b][0xffffffc7][0x1a]T[0xb][0xf][0xfffffffc][0xffffffa7][0xffffff8d]a[0xfffffff0][0xffffffd3][0xffffffc6]@[0x7f][0xffffffda][0x18][0xffffffd8]O[0x1b][0xffffffe3][0xffffff87]?m[0xfffffffc][0xffffff97][0xf][0x8][0xffffffff][0xfffffff9][0xffffffaf][0x7f][0xffffffba][0xffffff83]L[0xffffffa0][0xfffffff8][0xfffffffe]d[0x7] ?N[0xffffff82]c[0xfffffff9][0xffffffe5][0x1c][0x10][0xffffff9c][0x1f]'[0xffffffc0][0x10][0xfffffffd]|[0xfffffffe][0xffffffff][0xffffffd6][0xffffffb5]][0xffffffb8][0xffffffb6][0xc][0xffffffe0][0xffffffb3][0xffffffe2][0xffffff9f][0xffffffe7][0xffffff81]][0xffffffdb][\r]\[0xffffffdb][0x3][0xffffffd4][0xffffff99]8w[0xffffffcc][0xffffffb5][0xffffffdd][0xffffffc9][0xffffffb5][0x11]E[0xffffffc6][0xffffffb5][\n]"
[DEBUG] 2024-06-23 21:45:25.742 [main] wire - http-outgoing-0 << "H[0xffffffc6][0xffffffb5][0x11][0xffffffcb]|[0xffffffd7][0xffffffee]pf[0xffffffbb]vG[0xfffffff4][0x5][0xffffffd7][0xffffffaa]_[0xffffffda][0xffffffea]11[0xffffffd7][0xffffffe2][0xffffffbf][0xffffffb4][\r][0xffffff83]_[0xffffffda][0x6][0xfffffffa]K[0xffffffdb][0xffffffc0]~i[0x1b]?[0xfffffffc][0xffffffa5]-[0xffffffdb][0xffffffb5][0x11]E[0xffffffc6][0xffffffb5][\n]"
[DEBUG] 2024-06-23 21:45:25.742 [main] wire - http-outgoing-0 << "H[0xffffffc6][0xffffffb5][0x11][0xffffffcb]|[0xffffffd7][0xffffffee]pf[0xffffffbb]vG[0xfffffff4][0x5][0xffffffd7][0xffffffaa][0xffffff9f][0xffffff84]k[0xffffffaf][0xffffffd8][0xffffff8f][0x11][0xfffffff8]O[0xffffffc2][0xffffffc3][0xffffffe0]'[0xffffffe1][0xffffff81][0xfffffffe]$<[0xffffffb0][0xffffff9f][0xffffff84][0xffffffc7][0xf][0x7f][0x12][0xffffffce]vmD[0xffffff91]q[0xffffffad][0x2][0xffffff92]qm[0xffffffc4]2[0xffffffdf][0xffffffb5];[0xffffff9c][0xffffffd9][0xffffffae][0xffffffdd][0x11]}[0xffffffc1][0xffffffb5][0xffffffea][0xffffffee]B[0x1d][0xffffff9d]ZQ2[0xfffffff0][0xffffffbb][0xb][0xffffffc3][0xffffffe0][0xffffffee][0xffffffc2]@[0xffffffef].[0xc][0xffffffec][0xffffffee][0xffffffc2][0xfffffff8][0xffffffe1][0xffffffdd][0xffffff85]l[0xffffffd7]F[0x14][0x19][0xffffffd7]* [0x19][0xffffffd7]F,[0xfffffff3]][0xffffffbb][0xffffffc3][0xffffff99][0xffffffed][0xffffffda][0x1d][0xffffffd1][0xffffffdf][0xffffffee][0xffffffda]S[0xffffff8c][0xffffffc0][0xffffffb7]z[0x1e][0xffffffd4][0xffffffe4][0xffffffda][0xffffff89][0xffffff8f][0xffffffc0][0xffffff9f][0x6]#[0xfffffff0]':[0x2][0x7f]b#[0xfffffff0][0xffffffe7][0xf]G[0xffffffe0][0xffffff93]]+PD\+[0xffffff81]D\+[0xffffffb0]Lwm[0xffffff80]3[0xffffffd9][0xffffffb5][0x1][0xffffffd1][0x17]\[0xffffffab].4[0xffffffd6]{)S[0xffffffae][0xffffffc5]/4[0xffffff9e][0x6][0x17][0x1a]O[0xfffffff4]B[0xffffffe3][0xffffff89]]h<[0x7f]x[0xffffffa1]1[0xffffffdb][0xffffffb5][0x11]E[0xffffffc6][0xffffffb5][\n]"
[DEBUG] 2024-06-23 21:45:25.744 [main] wire - http-outgoing-0 << "H[0xffffffc6][0xffffffb5][0x11][0xffffffcb]|[0xffffffd7][0xffffffee]pf[0xffffffbb]vG[0xfffffff4][0x5][0xffffffd7][0xffffffaa][0xffffff9b][0xffffffb7]u[0x1e][0xffffffd4][0xffffffb5][0xffffffc5][0x13][0xffffffbf]y{[0x1a][0xffffffdc][0xffffffbc]=[0xffffffd1][0xffffff9b][0xffffffb7]'v[0xfffffff3][0xfffffff6][0xfffffffc][0xffffffe1][0xffffffcd][0xffffffdb]l[0xffffffd7]F[0x14][0x19][0xffffffd7]* [0x19][0xffffffd7]F,[0xfffffff3]][0xffffffbb][0xffffffc3][0xffffff99][0xffffffed][0xffffffda][0x1d][0xffffffd1][0x17]\[0xffffffab][0xffffffee][0xffffffd7][0xffffffd6][0x5]|+[0xffffffe8][0xfffffff3]<[0xffffffb0]k[\r][0xffffffee][0xffffffd7][0xffffff9e][0xfffffff1]"c&[0xffffffce][0xffffffd8][0xfffffffd][0xffffffda]s[0xffffffbf][0xffffffbc][0xffffff88][0xffffffba][0xffffffd6][0xffffffe4]~[0xffffffad][0x4][0xffffff92]q[0xffffffad][0xffffffc1][0xfffffffd][0xffffffda][0x0]g[0xffffffb6]k[0xffffffaf][0xffffffdf][0xffffffaf][0xffffffbd][0xffffffff]i3s-<[0xffffff8e][0xfffffff3]8[0x1][0xffffffef]Zp[0x1c][0xffffffe7][0xfffffff1]t[0xffffffca][0xffffffb5]?[0x18][0xffffffc7][0xffffffc9]w[0xffffffed][0xffffff8e]"[0xffffffe5][0xffffffda][0x8]$[0xffffffe5][0xffffffda][0x1d]K[0xffffffc2][0xffffffb5][\r]vm[0xffffffbb][0xffffffea]Z[0xffffffb5][0xffffff8c][0xffffffa9]-l=[0xfffffff4][0xffffff89]/c:[\r][0xffffff96]1[0xffffff9d][0xffffffe8]2[0xffffffa6][0x13][[0xffffffc6]t[0xfffffffe]p[0x19]S[0xffffffb6]k#[0xffffff8a][0xffffff8c]k[0x15][0xffffff90][0xffffff8c]k#[0xffffff96][0xfffffff9][0xffffffae][0xffffffdd][0xffffffe1][0xffffffcc]v[0xffffffed][0xffffff8e][0xffffffe8][0xb][0xffffffae]U[0xffffffb3][0xc][0xffffffbd]`_[0xffffff93]8[0xfffffff1]Y[0xffffff86][0xffffffd3]`[0xffffff96][0xffffffe1][0xffffff8c][0xffffff97][0xffffffc6]3q[0xffffffc6]f[0x19][0xffffffce][0xfffffffd][0xffffffa2]8[0xffffffea]Z[0xffffff93]Y[0x6][0x9]$[0xffffffe3]Z[0xffffff83]Y[0xffffff86][0x0]g[0xffffffb6]k[0xffffffaf][0xffffffcf]2Lu[0xf]a4[0xffffffec][0x13][0xffffff80][0x13][0xffffffbf][0xffffff87]0[\r][0xffffffee]![0xffffffcc][0xfffffff8][0xffffff83]o"[0xffffffce][0x13][0xffffffbb][0xffffff87]0[0xfffffff7][0x1f]yI[0xffffffd7][\n]"
[DEBUG] 2024-06-23 21:45:25.744 [main] wire - http-outgoing-0 << "[0x14][0x11][0xffffffd7]J [0x11][0xffffffd7][\n]"
[DEBUG] 2024-06-23 21:45:25.744 [main] wire - http-outgoing-0 << ",[0xffffffd3]][0x1b][0xffffffe0]Lvm@[0xfffffff4][0x5][0xffffffd7]v[0xffffffe5][0xffffffda]U[0x1a][0xffffffe5][0xffffffda][0xffffff8e][0xffffffbb][0xffffffb6][0x1b][0xffffffb8][0xffffffb6][0x7][0xffffffa8]3q[0xffffffee][0xffffff98]k[0xffffffbb][0xffffff93]k#[0xffffff8a][0xffffff8c]k[0x15][0xffffff90][0xffffff8c]k#[0xffffff96][0xfffffff9][0xffffffae][0xffffffdd][0xffffffe1][0xffffffcc]v[0xffffffed][0xffffff8e][0xffffffe8][0xb][0xffffffae]Usc[0xffffffe7][0xfffffffd][0xffffff9f]H[0xffffffb9][0x16][0xffffff9f][0x1b][0xffffff9b][0x6]sc3[0xe][0xffffffe8]d[0xffffffe2][0xffffff8c][0xffffffcd][0xffffff8d][0xffffffcd]}([0x7]u[0xffffffad][0xffffffc9][0xffffffdc][0xffffff98][0x4][0xffffff92]q[0xffffffad][0xffffffc1][0xffffffdc]X[0xffffff80]3[0xffffffdb][0xffffffb5][0xffffffd7][0xffffffe7][0xffffffc6][0xffffffd6][0xffffffed][0xffffff97][0x1a]\;[0xffffffef][0xffffffff][0x17]r[0xffffffed][0xffffffdb]yX[0xffffffd7]>N[0x0][0xffffffbb][0xfffffff6][0xfffffffb][0x19][0x10][0xffffffd7]>[0xffffff9e][0xffffff8e][0xffffffb8][0xfffffff6][0xffffffdb][0xffffff93]-\+PD\+[0xffffff81]D\+[0xffffffb0]Lwm[0xffffff80]3[0xffffffd9][0xffffffb5][0x1][0xffffffd1][0xffffff97]\{[0xffffffb8][0xffffffc9][0xfffffff6][0xffffffe0]m{8[0xffffffe8][0xfffffff6]`}{p[0xffffffc2]=[0xffffffac][0xffffff8c][0x1b]x[0xffffffa4][0xffffff94]+[0xffffffa8][0xffffffa4][0xffffff9c][0x1b][0xffffffd8]$[0xffffffa4]{[0xffffffd0][0xffffffd6]=~B[0xffffffbb][0xffffff8f][0xffffffd7][0xffffffb4]N[0xffffffda]-[0xfffffff0]e[0xffffffdb][0xfffffff7]#[0xfffffff0][0xffffffda]-[0xffffffe0]u[0xffffffdb][0xfffffff7][0xffffffc7]S[0xffffffda]->[0x17]n[0x15][0xffffff8f][0xffffff94]v[0x5][0xffffff95][0xffffff94]v[0x3][0xffffff9b][0xffffff84]v[0xb]z[0xffffffe9]6r[0xfffffffa][0xffffff92]v[0xfffffffb]0[0xffffffd3]n[0x1f][0xffffffb8]v[0xffffffef]G[0xffffffe0][0xffffffb5][0xfffffffb]q[0x8]J[0xffffffbb][0xfffffff7][0xffffffc7]S[0xffffffda]}[0x7f][0xffffffb4][0xffffff8b]v[0x3][0xffffff8f][0xffffff94]v[0x5][0xffffff95][0xffffff94]v[0x3][0xffffff9b][0xffffff84]v7B[0xfffffff3][0xffffffb5][0xffffffbb]q[0xfffffffa][0xffffff92]v[0xffffffcf]n[0xffffffa6][0xffffffdd][0xffffffb3][0xffffffe3][0xffffffda][0xffffffbd][0x1f][0xffffff81][0xffffffd7][0xffffffee][0xffffffc7]!([0xffffffed][0xffffffde][0x1f]Oi[0xfffffff7][0xfffffffd][0xffffffd1].[0xffffffda][\r]<R[0xffffffda][0x15]TR[0xffffffda][\r]l[0x12][0xffffffda][0xffffffdd][0x8][0xffffffcd][0xffffffd7][0xffffffee][0xffffffc6][0xffffffe9]K[0xffffffda]][0xfffffff1][0xffffffd2][0x2][0xffffffab][0xffffffdd][0x5][0xffffffdf]Zx?[0x2][0xffffffaf][0xffffffdd][0xffffff8f]CP[0xffffffda]][0xffffffd0][0xffffffc5][0xffffff85][0xffffffef][0xffffff8f]v[0xffffffd1]n[0xffffffe0][0xffffff91][0xffffffd2][0xffffffae][0xffffffa0][0xffffff92][0xffffffd2]n`[0xffffff93][0xffffffd0][0xffffffee]Bo/DN_[0xffffffd3][0xffffffee]t[0xffffffd3][0xffffffee][0xffffffe4][0xffffffb5];[0x1d][0xffffffb4];Y[0xffffffed]NN[0xffffffbb][0xffffffd3]J[0xffffffbb];[0xffffff8f][0xffffff98]v#[0xffffff95][0xffffff98]vw6[0x11][0xffffffed]NZ[0xffffffbb][0xfffffff3][0xffffffba]v[0xffffff8f][1[0xfffffff3][0xffffffee][0xfffffffd]D[0xffffffb8]x[0xffffffdf][0xffffffce][0xffffffc0][0xffffff9b][0xfffffff7][0xffffffdb])([0xfffffff5][0xffffffbe]=[0xffffff9f]r[0xffffffef][0xffffffc7][0xffffffb3]][0xffffffe4][0x1b][0xffffffa1][0xffffffa4][0xffffffec][0xffffffab][0xffffffd0][0xffffffa4][0xfffffff4][0x1b][0x1]%[0xfffffffc][0xffffffbb]c[0xffffff9a]/[0xffffffe0][0x1d][0xffffffd6][0xffffffd7][0xc]|[0xffffffba][0xffffffbd]p[0xffffffb8][0xffffff9f][0xffffff88]7[0xfffffff0][0xfffffffd][0xc][0x6][0x6][0xfffffffe]8[0x5]f[0xffffffe0][0xffffff93]{[0xffffffe9][0xfffffff0][0xfffffff1]l[0x1b][0x3][0x7](1[0x3][0xb]41[0x3][0x7]@[0x11][0x3][0xffffff9f][0xfffffff4][0xffffff9b][0xffffff87][0x1d][0xffffffd6][0xffffffdf]"
[DEBUG] 2024-06-23 21:45:25.752 [main] wire - http-outgoing-0 << "b[0xffffffe0][0xfffffff1][0xfffffffe][0xffffffc7]j[0xfffffffb][0xffffffc2]<k[0xffffffbe][0x7f]?[0xffffffcf]C[0xffffffd9][0xfffffff7][0xffffffcb][0x9]0[0xfffffff7]ngH6[0xffffffef][0xffffff97][0xffffffa7]'{[0xfffffff7][0xffffffd7]O[0xffffff86][0xffffffad][0xfffffffb][0x14][0xffffffc5]d[0xffffffe7][0xfffffffe][0x0][0xffffffc8]d[0xffffffe3]>[0xffffffc5]2[0xffffffd1][0xffffffb7]O[0xffffffe0]L[0xffffffb3][0xffffffed][0x13]D_p[0xffffffad][0xffffffda]L[0xffffffbe][0xffffffea]([0xffffff94]k[0xffffffc1][0xffffffcd][0xffffffe4]_N@[0xffffffbb][0x16][0xffffffda]L[0xfffffffe][0xffffffe5][0xffffffe9][0xffffff8c]k=6[0xffffff93]?E[0xffffff91]q[0xffffffad][0xffffffc1]f[0xfffffff2][0xffffffa7]X[0xffffffe6][0xffffffbb][0x16][0xffffffdb]L[0xfffffffe][0x4][0xffffffd1][0x17]\[0xffffffdb][0xffffff94]kG[0xffffffcf][0xffffffdf]L[0xfffffffe]y[0x1e][0xffffffd8][0xffffffb5][0xffffffcd][0xffffffc0][0xffffffb5]-@[0xffffff9d][0xffffff89]s[0xffffffc3]\[0xffffffdb][0xffffff9c]\[0x1b]Qd\[0xffffffab][0xffffff80]d\[0x1b][0xffffffb1][0xffffffcc]w[0xffffffed][0xe]g[0xffffffb6]kwD_pmW[0xffffffae]][0x7][0xffffffe6][0xffffffda][0xffffff8e][0xffffffbb][0xffffffb6][0x1b][0xffffffb8][0xffffffb6][0x7][0xffffffa8]3q[0xffffffee][0xffffff98]k[0xffffffbb][0xffffff93]k#[0xffffff8a][0xffffff8c]k[0x15][0xffffff90][0xffffff8c]k#[0xffffff96][0xfffffff9][0xffffffae][0xffffffdd][0xffffffe1][0xffffffcc]v[0xffffffed][0xffffff8e][0xffffffe8][0xb][0xffffffae][0x1d][0xffffffd1][0xffffffb5][0xfffffffd]v[0x1b][0xffffff98]k[0x7][0xffffffee][0xffffffda]a[0xffffffe0][0xffffffda][0x11][0xffffffa0][0xffffffce][0xffffffc4]y`[0xffffffae][0x1d]N[0xffffffae][0xffffff8d](2[0xffffffae]U@2[0xffffffae][0xffffff8d]X[0xffffffe6][0xffffffbb]v[0xffffff87]3[0xffffffdb][0xffffffb5];[0xffffffa2]/[0xffffffb8]V|[0x5][0xffffffe2][0xffffffee][0xffffffda][0xffffff85][0xffffffbd][0xffffffaf][0x5][0xffffffbf][0x2][0xfffffff1][0xffffffe5][0x4][0xffffffb4]k[0xffffffa1][0xffffffaf]@|y:[0xffffffe3]Z[0xffffff8f][0xffffffaf]@<E[0xffffff91]q[0xffffffad][0xffffffc1]W [0xffffff9e]b[0xffffff99][0xffffffef]Z[0xffffffec]+[0x10]O[0x10]}[0xffffffc1][0xffffffb5]S[0xffffffb9][0xfffffff6]8[0xfffffff2][0xffffffbf][0x2][0xfffffff1]y[0x1e][0xffffffd8][0xffffffb5][0xffffffd3][0xffffffc0][0xffffffb5]3@[0xffffff9d][0xffffff89][0xfffffff3][0xffffffc4]\;[0xffffff9d]\[0x1b]Qd\[0xffffffab][0xffffff80]d\[0x1b][0xffffffb1][0xffffffcc]w[0xffffffed][0xe]g[0xffffffb6]kwD_p[0xffffffad][0xffffffd8]L~w-[0xfffffff0]u[0xffffffb3][0xffffffcf][0xfffffff3][0xffffffc0][0xffffffae]E7[0xffffff93]og`\[0xb]l&[0xffffffff][0xfffffff5][0xffffff93]=\[0xffffff8b]o&[0xffffffff][0x1][0xffffff90][0xffffff8c]k[0xffffffd1][0xffffffcd][0xffffffe4]O[0xffffffe0][0xffffffcc]v[0xffffffed][0xffffff95][0xffffffcd][0xffffffe4][0xffffff8f]?[0xffffff9d][0xffffffb7][0xffffff9b]rm[0xffffffa9][0xffffff90]k[0x1f][0xffffffe7]A][0xfffffffb]~[0x2][0xffffffd6][0xffffffb5][0xffffff9f]g \[0xfffffffb][0xfffffffe]t[0xffffffc2][0xffffffb5][0xffffffdf][0xffffff9f][0xffffffec][0xffffffe0]Z[0xffffff85]"[0xffffffe1]Z[\r]$[0xffffffe1]Z[0xffffff85]e[0xffffffb6]k#[0xffffff9c][0xffffffb9][0xffffffae][0xffffff8d][0xffffff88][0xffffffbe][0xffffffe0]Z1[0xffffffcb][0xffffffd0]o[0xffffffb5]B[0xffffffef][0x10][0x1e][0xffffffe7][0xffffff81]][0xffffffcb][0xffffffcf]2|[0xffffff9e][0xffffff81]q-5[0xffffffcb][0xfffffff0][0xfffffffd][0xffffffc9][0x1e][0xffffffae][0xfffffff5][0xffffff98]e[0xffffffd0]@2[0xffffffae][0xffffffe5]g[0x19]"[0xffffff9c][0xffffffd9][0xffffffae][0xffffffbd]<[0xffffffcb]0oE[0xffffffb9][0xffffffb6][0xffffff8d][0xffffff93]rm[0xffffffc1]][[0xc]\[[0x2][0xffffffd4][0xffffff99]8[0x17][0xffffffcc][0xffffffb5][0xffffffc5][0xffffffc9][0xffffffb5][0x11]E[0xffffffc6][0xffffffb5][\n]"
[DEBUG] 2024-06-23 21:45:25.752 [main] wire - http-outgoing-0 << "H[0xffffffc6][0xffffffb5][0x11][0xffffffcb]|[0xffffffd7][0xffffffee]pf[0xffffffbb]vG[0xfffffff4][0x5][0xffffffd7][0xffffffd6]_[0xffffffc2][0xffffff96][0xffffff9a]~[[0x5]s[0xffffffed][0xfffffffd]<[0xffffffb0]k[0xffffffdf]N@[0xffffffbb][0xfffffff6][0xffffffdb][0x19][0x18][0xffffffd7][0xffffffbe]=[0xffffff9d]q[0xffffffed][0xffffffc7][0xffffff93]=\[0x1b]Qd\[0xffffffab][0xffffff80]d\[0x1b][0xffffffb1][0xffffffcc]w[0xffffffed][0xe]g[0xffffffb6]kwD_p[0xffffffad][0xffffff98][0x1b][0xffffffeb][0xffffffc7]Q1[0xffffffd7][0xffffffd2]sc[0xffffffef]'[0xffffffa0]]K[0xffffffce][0xffffff8d][0xffffffbd]?[0xffffff9d]q[0xffffffad][0xffffffd1][0xffffffdc][0xffffff98]B[0xffffff91]q[0xffffffad][0xffffffcb][0xffffffdc][0xffffff98][0xffffffc2]2[0xffffffdf][0xffffffb5][0xffffffec][0xffffffdc]XD[0xfffffff4][0x5][0xffffffd7][0xffffff8a][0xffffffb9][0xffffffb1]~[0xffffffb4]>)[0xffffffd7][0xffffffd2]sc[0xffffffef]'[0xffffffa0]]K[0xffffffce][0xffffff8d][0xffffffbd]?[0xffffff9d]q[0xffffffad][0xffffffd1][0xffffffdc][0xffffff98]B[0xffffff91]q[0xffffffad][0xffffffcb][0xffffffdc][0xffffff98][0xffffffc2]2[0xffffffdf][0xffffffb5][0xffffffec][0xffffffdc]XD[0xfffffff4][0x5][0xffffffd7][0xe][0xffffffe5][0xffffffda][0xffffffb3]a];p[0xffffffd7][0xe][0x3][0xffffffd7][0xffffff8e][0x0]u&[0xffffffce][0x3]s[0xffffffed]prmD[0xffffff91]q[0xffffffad][0x2][0xffffff92]qm[0xffffffc4]2[0xffffffdf][0xffffffb5];[0xffffff9c][0xffffffd9][0xffffffae][0xffffffdd][0x11]}[0xffffffc1][0xffffffb5]jn[0xffffffac][0x1c]'[0xffffffe6]Zzn[0xffffffec][0xfffffffd][0x4][0xffffffb4]k[0xffffffc9][0xffffffb9][0xffffffb1][0xfffffff7][0xffffffa7]3[0xffffffae]5[0xffffff9a][0x1b]S(2[0xffffffae]u[0xffffff99][0x1b]SX[0xffffffe6][0xffffffbb][0xffffff96][0xffffff9d][0x1b][0xffffff8b][0xffffff88][0xffffffbe][0xffffffe0]Z57V[0xffffffda][\r]{[0xffffff87]@[0xffffffcf][0xffffff8d][0xffffffbd][0xffffff9f][0xffffff80]v-97[0xfffffff6][0xfffffffe]t[0xffffffc6][0xffffffb5]Fsc[\n]"
[DEBUG] 2024-06-23 21:45:25.752 [main] wire - http-outgoing-0 << "E[0xffffffc6][0xffffffb5].sc[\n]"
[DEBUG] 2024-06-23 21:45:25.752 [main] wire - http-outgoing-0 << "[0xffffffcb]|[0xffffffd7][0xffffffb2]sc[0x11][0xffffffd1][0xffffff97]\[0x1b][0xffffffef]![0xffffffb0][0xffffffae][0xffffffa5][0xffffffef]!L[0xffffff83]{[0x8]3[0xfffffffc][0xffffffe0][0xffffff9b][0xffffff8b]3u[0xf]a:[0xffffffdd]C[0xffffff88](R[0xffffffae]u[0xffffffb9][0xffffff87][0x10][0xffffffb1]$\[0xffffffcb][0xffffffde]C[0xffffffd8][0x11]}[0xffffffc1][0xffffffb5]jF[0xffffffb7][0xffffff9c]'6[0xffffffcb]@[0xffffffcf][0xffffffe8][0xffffffbe][0xffffff9f][0xffffff80]v-9[0xffffffa3][0xfffffffb][0xfffffffe]t[0xffffffc6][0xffffffb5]F3[0xffffffba][\n]"
[DEBUG] 2024-06-23 21:45:25.752 [main] wire - http-outgoing-0 << "E[0xffffffc6][0xffffffb5].3[0xffffffba][\n]"
[DEBUG] 2024-06-23 21:45:25.757 [main] wire - http-outgoing-0 << "[0xffffffcb]|[0xffffffd7][0xffffffb2]3[0xffffffba][0x11][0xffffffd1][0xffffff97]\+[0xffffffba][0x16]u-[0xffffffdd][0xffffffb5][0xffffffcb][0xffffffa0]kW[0x8][0xffffff88]\[0xffffff9c][0xffffffa9][0xffffffae]]N][0x1b]Q[0xffffffa4]\[0xffffffeb][0xffffffd2][0xffffffb5][0x11]K[0xffffffc2][0xffffffb5]l[0xffffffd7][0xffffffee][0xffffff88][0xfffffffe]v[0xffffffd7][0x1e]j[0x1f]BY[0xffffffc7][0x1][0xffffffb9][0xfffffff6][0xffffffc0][0xfffffff7]![0x1c][0x6][0xfffffffb][0x10][0xffffff8e]8x[0xffffff9e][0xffffff88][0xfffffff3][0xffffff81][0xffffffed]C8[0xfffffff6]as[0xffffffd2][0xffffffb5][0x2]E[0xffffffc4][0xffffffb5][0x12]H[0xffffffc4][0xffffffb5][0x2][0xffffffcb]t[0xffffffd7][0x6]8[0xffffff93]][0x1b][0x10]}[0xffffffc1][0xffffffb5]jF[0xffffffb7][0xffffffac]Y([0xffffffd7][0xffffffe2]3[0xffffffba][0xffffff87][0xffffffc1][0xffffff8c][0xffffffee][0x11][0xffffff87]!3q[0xffffffc6]ft[0xffffff8f]}[0x0][0x12]u[0xffffffad][0xffffffc9][0xffffff8c][0xffffffae][0x4][0xffffff92]q[0xffffffad][0xffffffc1][0xffffff8c]n[0xffffff80]3[0xffffffdb][0xffffffb5][0xffffffd7]gt[0xf]5[0xffffffcb]P[0xfffffffb][0xffffffad]S[0xffffffae][0xffffffc5]g[0x19][0xe][0xffffff83]Y[0xffffff86]#^[0x1a][0xffffffcf][0xffffffc4][0x19][0xffffff9b]e8[0xfffffff6][0xffffff8b][0xffffffe2][0xffffffa8]kMf[0x19]$[0xffffff90][0xffffff8c]k[\r]f[0x19][0x2][0xffffff9c][0xffffffd9][0xffffffae][0xffffffbd]>[0xffffffcb][0xfffffff0][0xfffffff6][0xffffffff]D[0xffffffd7][0xffffff9e][0x13]{[0xffffff87]0p[0xffffffd7][0xe][0x3][0xffffffd7][0xffffff8e][0x0]u&[0xffffffce][0x3]s[0xffffffed]prmD[0xffffff91]q[0xffffffad][0x2][0xffffff92]qm[0xffffffc4]2[0xffffffdf][0xffffffb5];[0xffffff9c][0xffffffd9][0xffffffae][0xffffffdd][0x11]}[0xffffffc1][0xffffffb5]j[0xffffff96][0xffffffa1][0x1d][\r]{[0xffffff87][0xffffff80][0xffffffcf]2[0x1c][0x6][0xffffffb3][0xc]G[0xffffffbc]4[0xffffff9e][0xffffff89]36[0xffffffcb]p[0xffffffec][0x17][0xffffffc5]Q[0xffffffd7][0xffffff9a][0xffffffcc]2H [0x19][0xffffffd7][0x1a][0xffffffcc]2[0x4]8[0xffffffb3]]{}[0xffffff96][0xffffffe1]P[0xffffffb3][0xc][0xffffffad]6[0xffffffac]k[0xfffffff1]Y[0xffffff86][0xffffffc3]`[0xffffff96][0xffffffe1][0xffffff88][0xffffff97][0xffffffc6]3q[0xffffffc6]f[0x19][0xffffff8e][0xfffffffd][0xffffffa2]8[0xffffffea]Z[0xffffff93]Y[0x6][0x9]$[0xffffffe3]Z[0xffffff83]Y[0xffffff86][0x0]g[0xffffffb6]k[0xffffffaf][0xffffffcf]2[0x14][0xfffffff5][0xffffffbe][0xffffffb6][0xffffffaf][0x6]}G[0xfffffff7]q[0x1e][0xffffffd6][0xffffffb5][0xffffffc5][0xffffffe0]}m[0xffffff89]/[0xffffffc6][0x12]q.[0xffffffd8][0xfffffffb][0xffffffda][0xffffffb2][0xffffffbf][0xc]#]+PD\+[0xffffff81]D\+[0xffffffb0]Lwm[0xffffff80]3[0xffffffd9][0xffffffb5][0x1][0xffffffd1][0x17]\[0xffffffab][0xffffffde]![0xffffff8c][0x1b][0xfffffff5]m[0xffffffc7][0xffffffc7]y`[0xffffffd7][0x1a][0xffffffbc]C([0xfffffff1]_[0xffffffd6]2q[0xffffffc6][0xffffffde]![0xffffff94][0xfffffffd]_[0xffffffd0]P[0xffffffd7][0xffffff9a][0xffffffbc]C[0xffffff90]@2[0xffffffae]5x[0xffffff87][0x10][0xffffffe0][0xffffffcc]v[0xffffffed][0xfffffff5]w[0x8]E[0xffffffbd]C[0x18][0x7][0xfffffff6][0xffffffbd][0xffffffb1][0xffffff82][0xffffffbf]C([0x6][0xffffffef][0x10]J[0xfffffffc][0xffffff97][0xffffffb5]L[0xffffff9c][0xffffffb1]w[0x8]e[0xffffffff][0x17]4[0xffffffd4][0xffffffb5]&[0xffffffef][0x10]$[0xffffff90][0xffffff8c]k[\r][0xffffffde]![0x4]8[0xffffffb3]][0xfffffffb][0x13][0xffffffef][0x10][0xffffffd4][0xffffff8c][0xffffffee]hg[0xffffffa3]\[0xffffff8b][0xffffffcf][0xffffffe8][0x16][0xffffff83][0x19][0xffffffdd][0x12][0xffffff87]!3q[0xffffffc6]ft[0xffffffcb]>[0x0][0xffffff89][0xffffffba][0xffffffd6]"
[DEBUG] 2024-06-23 21:45:25.761 [main] wire - http-outgoing-0 << "dFW[0x2][0xffffffc9][0xffffffb8][0xffffffd6]`F7[0xffffffc0][0xffffff99][0xffffffed][0xffffffda][0xffffffeb]3[0xffffffba]U[0xffffffcd]2[0xffffff9c][0xffffffad]S[0xffffffae][0xffffffad][0xfffffff8],C5[0xffffff98]e[0xffffffa8][0xfffffff1][0xffffffd2]x"[0xffffffce][0x15][0xffffff9b]e[0xffffffa8][0xfffffffb]Eq[0xffffffd2][0xffffffb5][0x2]E[0xffffffc4][0xffffffb5][0x12]H[0xffffffc4][0xffffffb5][0x2][0xffffffcb]t[0xffffffd7][0x6]8[0xffffff93]][0x1b][0x10]}[0xffffffc1][0xffffffb5][0xffffffea][0xffffffb7][0xffffffb1][0xffffffd9]N[0xffffffea][0x1d]B[0xffffffc5][0x7f][0x1b][0xffffffab][0x6][0xffffffbf][0xffffff8d][0xffffffd5][0xfffffff8]#D&[0xffffffce][0xffffffd8]ocu[0xffffffff][0xffffffe1][0x1]u[0xffffffad][0xffffffc9]oc[0x12]H[0xffffffc6][0xffffffb5][0x6][0xffffffbf][0xffffff8d][0x5]8[0xffffffb3]]{[0xfffffffd][0xffffffb7][0xffffffb1][0xffffffaa][0xffffffde]![0xffffffac]Z[0xffffffa9][0xffffff9d][0xffffff8a][0x15][0x7f][0xffffff87]P[\r][0xffffffde]![0xffffffd4][0xfffffff8]/k[0xffffff99]8c[0xffffffef][0x10][0xffffffea][0xfffffffe]/h[0xffffffa8]kM[0xffffffde]!H [0x19][0xffffffd7][0x1a][0xffffffbc]C[0x8]pf[0xffffffbb][0xfffffff6][0xfffffffa];[0xffffff84][0xffffffa6]v[0xffffffcf][0xffffffac][0xffffff8a][0xffffffcd][0xffffff8d]5|[0xfffffff7]L3[0xffffffd8]=[0xffffffd3][0xffffffe2][0xffffff92][0xffffff8f]D[0xffffff9c][0x1b][0xffffffb6]{[0xffffffa6][0xffffffed][0xffffff8b]=H[0xffffffd7][\n]"
[DEBUG] 2024-06-23 21:45:25.762 [main] wire - http-outgoing-0 << "[0x14][0x11][0xffffffd7]J [0x11][0xffffffd7][\n]"
[DEBUG] 2024-06-23 21:45:25.762 [main] wire - http-outgoing-0 << ",[0xffffffd3]][0x1b][0xffffffe0]Lvm@[0xfffffff4][0x5][0xffffffd7][0x1e][0xffffffca][0xffffffb5][0xffffffed][0xffffffa0][0xffffffbe][0xffffff81][0xfffffff3]v[0x1e][0xffffffd8][0xffffffb5][0xffffff87][0xffffff81]k[0xffffff8f][0x0]u&[0xffffffce][0x7][0xffffffe6][0xffffffda][0xffffffc3][0xffffffc9][0xffffffb5][0x11]E[0xffffffc6][0xffffffb5][\n]"
[DEBUG] 2024-06-23 21:45:25.762 [main] wire - http-outgoing-0 << "H[0xffffffc6][0xffffffb5][0x11][0xffffffcb]|[0xffffffd7][0xffffffee]pf[0xffffffbb]vG[0xfffffff4][0x5][0xffffffd7][0xffffffaa][0xffffffdf][0xffffffc6]V[0xffffffaf][0xffffffd4][0xfffffffd][0xffffffda][0xffffff86][0xffffffff]6[0xffffffd6][0xc]~[0x1b]k[0xfffffff1]G[0xffffff88]L[0xffffff9c][0xffffffb1][0xffffffdf][0xffffffc6][0xffffffda][0xfffffffe][0xffffffc3][0x3][0xffffffea]Z[0xffffff93][0xffffffdf][0xffffffc6]$[0xffffff90][0xffffff8c]k[\r]~[0x1b][0xb]pf[0xffffffbb][0xfffffff6][0xfffffffa]oc[0xffffffad]*[0xffffffd7][0xffffff9e][0xffffffd8]>[0xffffff84][0xffffffb7][0xfffffff3][0xffffffc0][0xffffffae][0xffffffad][0x6][0xffffffae][0xffffffad][0x1][0xffffffea]L[0xffffff9c]+[0xffffffe6][0xffffffda][0xffffffea][0xffffffe4][0xffffffda][0xffffff88]"[0xffffffe3]Z[0x5]$[0xffffffe3][0xffffffda][0xffffff88]e[0xffffffbe]kw8[0xffffffb3]][0xffffffbb]#[0xfffffffa][0xffffff82]k[0xffffff9b]r[0xffffffed]jX[0xffffffd7]6[0xffffffdc][0xffffffb5][0xffffffcd][0xffffffc0][0xffffffb5]-@[0xffffff9d][0xffffff89]s[0xffffffc3]\[0xffffffdb][0xffffff9c]\[0x1b]Qd\[0xffffffab][0xffffff80]d\[0x1b][0xffffffb1][0xffffffcc]w[0xffffffed][0xe]g[0xffffffb6]kwD_p[0xffffffad][0xffffffb8][0xfffffff3]5n[0xffffffb5]`[0xffffffbf][0xffffff8d][0xffffffe1]w[0xffffffbe][0xffffff9a][0xffffffc1][0xffffff9d][0xffffffaf][0x16]/[0xffffffd7]d[0xffffffe2][0xffffff8c][0xffffffdd][0xfffffff9]j[0xfffffffb][0xffffff85][0x1a][0xffffffd4][0xffffffb5]&w[0xffffffbe]$[0xffffff90][0xffffff8c]k[\r][0xffffffee]|[0x5]8[0xffffffb3]]{[0xfffffffd][0xffffffce][0xffffffd7][0xfffffffd]O[0xffffff8b][0xffffff99]k[0xffffffe1][0xffffffef][0xffffff8d]=N[0xffffffc0][0xffffffbb][0x16][0xfffffffc][0xffffffde][0xffffffd8][0xffffffe3][0xffffffe9][0xffffff94]k}[0xffffffbe]7&P[0xffffffa4]\k[0xfffffff2][0xffffffbd]1[0xffffff81]%[0xffffffe1]Z[0xfffffff4]{c[0x1][0xffffffd1][0xffffff97]\[[0xffffffcd]\[q[0xffffffd7]V[0x3][0xffffffd7]V[0xffffffd4][0xffffffb5][0x15]smur[0xffffffed][0xffffff8e]"[0xffffffe5][0xffffffda][0x8]$[0xffffffe5][0xffffffda][0x1d]K[0xffffffc2][0xffffffb5][0x15]vm[0xffffffbd][0xffffffee][0xffffffda]f[0xffffffe6][0xffffffda][0xffffff86][0xffffffbb][0xffffffb6][0x19][0xffffffb8][0xffffffb6][0xffffffa1][0xffffffae]m[0xffffff98]k[0xffffff9b][0xffffff93]kw[0x14])[0xffffffd7]F )[0xffffffd7][0xffffffee]X[0x12][0xffffffae]m[0xffffffb0]k[0xffffffdb]u[0xffffffd7][0x1e]n[0xffffffb2]=x[0xffffffdb][0x1e][0xe][0xffffffba]=X[0xffffffdf][0x1e][0xffffff9c]p[0xf]+[0xffffffe3][0x6][0x1e])[0xffffffe5][\n]"
[DEBUG] 2024-06-23 21:45:25.762 [main] wire - http-outgoing-0 << "*)[0xffffffe7][0x6]6[0x9][0xffffffe9][0x1e][0xffffffb4]u[0xffffff8f][0xffffff9f][0xffffffd0]nu{w[[0xfffffff9][0xffffff97][0xffffffb7][0xffffffd5][0xffffffe1][0xffffffed]me_[0xffffffdf]V[0xffffffee][0xfffffffd]m[0xffffffb5]z[0xffffff81][0x1b]x[0xffffffa4][0xffffffb4]+[0xffffffa8][0xffffffa4][0xffffffb4][0x1b][0xffffffd8]$[0xffffffb4][[0xffffffe9][0xffffff97][0xffffffb8][0xfffffff5]'[0xffffffde][0xffffffe2]67[0xffffffed]6^[0xffffffbb][0xffffffcd]A[0xffffffbb][0xffffff8d][0xffffffd5]n[0xffffffe3][0xffffffb4][0xffffffdb][0xffffffac][0xffffffb4][0x1b]x[0xffffffa4][0xffffffb4]+[0xffffffa8][0xffffffa4][0xffffffb4][0x1b][0xffffffd8]$[0xffffffb4][0xffffffdb]h[0xffffffed][0xffffffb6][0xffffff9f][0xffffffd1][0xffffffee]r[0xffffffd3][0xffffffee][0xffffffe2][0xffffffb5][0xffffffbb][0x1c][0xffffffb4][0xffffffbb]X[0xffffffed].N[0xffffffbb][0xffffffcb]J[0xffffffbb];[0xffffff8f][0xffffff98]v#[0xffffff95][0xffffff98]vw6[0x11][0xffffffed].Z[0xffffffbb][0xffffffeb][0xffffffba]v[0xffffff87][[0xffffffed][0xe][0xffffffbe]v[0xffffff87]C[0xffffffed][0xe][0xffffffb6]v[0x7]W[0xffffffbb][0xffffffc3][0xffffffaa]v[0x3][0xffffff8f][0xffffff94]v[0x5][0xffffff95][0xffffff94]v[0x3][0xffffff9b][0xffffff84]v[0x7]][0xffffffbb][0xffffffe3]'jw[0xffffffba]iw[0xfffffff2][0xffffffda][0xffffff9d][0xe][0xffffffda][0xffffff9d][0xffffffac]v'[0xffffffa7][0xffffffdd]i[0xffffffa5][0xffffffdd][0xffffffc0]#[0xffffffa5]]A%[0xffffffa5][0xffffffdd][0xffffffc0]&[0xffffffa1][0xffffffdd]Ikw[0xfffffffe][0xffffff84]v[0xffffffd7]0[0xffffffd3][0xffffffee][0x1a][0xffffffb8]v[0xffffffef]G[0xffffffe0][0xffffffb5][0xfffffffb]q[0x8]J[0xffffffbb][0xfffffff7][0xffffffc7]S[0xffffffda]}[0x7f][0xffffffb4][0xffffff8b]v[0x3][0xffffff8f][0xffffff94]v[0x5][0xffffff95][0xffffff94]v[0x3][0xffffff9b][0xffffff84]v7B[0xfffffff3][0xffffffb5][0xffffffbb]q[0xfffffffa][[0xffffffb4]{[0xffffffbe][0xffffffff][0xffffffed]P[0x3][0xffffffbf][0xffffffab][0xffffffb4]t[0xffffffeb]~[0xffffff9e][0xffffff87][0xffffff92][0xffffffee][0xffffff97][0x13]`[0xffffffce][0xffffffdd][0xffffffce][0xffffff90][0xffffffac][0xffffffdc]/OO6[0xffffffee][0xffffffaf][0xffffff9f][0xc][0xb][0xfffffff7])[0xffffff8a][0xffffffc9][0xffffffbe][0xfffffffd][0x1][0xffffff90][0xffffffc9][0xffffffba]}[0xffffff8a]e[0xffffffa2]m[0xffffff9f][0xffffffc0][0xffffff99]&[0xffffffdb]'[0xffffff88][0xffffffbe][0xffffffe0]Z[0xfffffff1][0x1][0xfffffff4]q[0x1c][0xffffffc0][0xffffff82][0xffffffc6][0xffffffcf][0xfffffff3][0xffffffc0][0xffffffae]E?[0xffffff80][0xffffffbe][0xffffff9d][0xffffff81]q-[0xfffffff0][0x1][0xfffffff4]_?[0xffffffd9][0xffffffc3][0xffffffb5][0xfffffff8][0x7][0xffffffd0][0x7f][0x0]$[0xffffffe3]Z[0xfffffff4][0x3][0xffffffe8]O[0xffffffe0][0xffffffcc]v[0xffffffed][0xffffff8e][0xffffffe8][0xb][0xffffffae][0xffffff9d]b[0xffffffb9][0xffffffc2][0xffffffd1]J[0xfffffffe][0x7]u>[0xffffffcf][0x3][0xffffffbb]v[0xffffff92][0xffffffcb][0x15][0xffffffb6]30[0xffffffae][0xffffff9d][0xfffffff9][0xffffffcb][0x15]~[0xfffffffd]d[0xf][0xffffffd7]F[0x14][0x19][0xffffffd7]* [0x19][0xffffffd7]F,[0xfffffff3]][0xffffffbb][0xffffffc3][0xffffff99][0xffffffed][0xffffffda][0x1d][0xffffffd1][0x17]\[0xffffffbb][0xffffff94]k[0xffffffc7][0xffffff99][0xffffffff][0xffffff91][0xffffff87][0xffffffcf][0xfffffff3][0xffffffc0][0xffffffae]][0x6][0xffffffae]][0x1][0xffffffea]L[0xffffff9c][0x17][0xffffffe6][0xffffffda][0xffffffe5][0xffffffe4][0xffffffda][0xffffff88]"[0xffffffe3]Z[0x5]$[0xffffffe3][0xffffffda][0xffffff88]e[0xffffffbe]kw8[0xffffffb3]][0xffffffbb]#[0xfffffffa][0xffffffdb]][0xffffffdb][0xffffffc5][0x7]uF[0xffffffb9][0xffffffad][0xfffffffc]_[0xffffffc9]>[0xffffffcf][0xffffffc3][0xffffffba][0xffffffb6][0xffffffa3][0x1f][0xffffffd4][0xffffffd9][0xffffffce][0xffffff80][0xffffffb8][0xffffffb6][0x3][0x1f][0xffffffd4][0xfffffff9][0xfffffff5][0xffffff93]-\+PD\+[0xffffff81]D\+[0xffffffb0]Lwm[0xffffff80]3[0xffffffd9][0xffffffb5][0x1][0xffffffd1][0x17]\+>[0xfffffff2]0[0xffffffca]1[0xffffffa8][0xfffffff7][0xffffffb5][0x1d][0xfffffffc][0xffffffc8][0xffffffc3][0xffffff97][0x13][0xffffffd0][0xffffffae][0xffffff85]>[0xfffffff2][0xfffffff0][0xffffffe5][0xffffffe9][0xffffff8c]k=>[0xfffffff2][0xfffffff0][0x14]E[0xffffffc6][0xffffffb5][0x6][0x1f]yx[0xffffff8a]e[0xffffffbe]k[0xffffffb1][0xffffff8f]<<A[0xfffffff4][0x5][0xffffffd7][0xffffff8a][0xffffff8f]<[0xffffff8c]Rn[0xffffff95]r-[0xfffffff8][0xffffff91][0xffffff87]/'[0xffffffa0]][0xb]}[0xffffffe4][0xffffffe1][0xffffffcb][0xffffffd3][0x19][0xffffffd7]z|[0xffffffe4][0xffffffe1])[0xffffff8a][0xffffff8c]k[\r]>[0xfffffff2][0xfffffff0][0x14][0xffffffcb]|[0xffffffd7]b[0x1f]yx[0xffffff82][0xffffffe8][0xb][0xffffffae]U[0x1f]y([0xfffffff5][0xffffff86]u-[0xfffffff8][0xffffff91][0xffffff87]/'[0xffffffa0]][0xb]}[0xffffffe4][0xffffffe1][0xffffffcb][0xffffffd3][0x19][0xffffffd7]z|[0xffffffe4][0xffffffe1])[0xffffff8a][0xffffff8c]k[\r]>[0xfffffff2][0xfffffff0][0x14][0xffffffcb]|[0xffffffd7]b[0x1f]yx[0xffffff82][0xffffffe8][0xb][0xffffffae]=[0xffffff95]k[0xffffffe7][0xffffffe8][0xffffff94]kO[0xffffffdc][0xffffffb5][0xffffffa7][0xffffff81]k[0xffffffcf][0x0]u&[0xffffffce]'[0xffffffe6][0xffffffda][0xffffffd3][0xffffffc9][0xffffffb5][0x11]E[0xffffffc6][0xffffffb5][\n]"
[DEBUG] 2024-06-23 21:45:25.762 [main] wire - http-outgoing-0 << "H[0xffffffc6][0xffffffb5][0x11][0xffffffcb]|[0xffffffd7][0xffffffee]pf[0xffffffbb]vG[0xfffffff4]%[0xffffffd7][0xffffffc6]{[0x8][0xffffffac]k[0xffffffe1]{[0x8][0xffffff8f][0x13][0xfffffff0][0xffffffae][0x5][0xffffffef]!<[0xffffff9e]N[0xffffffb9][0xffffffd6][0xffffffe7][0x1e][0xffffff82]@[0xffffff91]r[0xffffffad][0xffffffc9]=[0x4][0xffffff81]%[0xffffffe1]Z[0xfffffff4][0x1e]B@[0xfffffff4][0x5][0xffffffd7]N[0xffffffd1][0xffffffb5][0xffffffb5][0xffffff9c][0xffffffd8][0xfffffffb][0xffffffda][0xffffff89]w[0xffffffed]4[0xffffffe8][0xffffffda][0x19][0x2]"[0x13][0xffffffe7][0xffffff89]u[0xffffffed]t[0xffffffea][0xffffffda][0xffffff88]"[0xffffffe3]Z[0x5]$[0xffffffe3][0xffffffda][0xffffff88]e[0xffffffbe]kw8[0xffffffb3]][0xffffffbb]#[0xfffffffa][0xffffff82]k[0xffffff97]rm;[0xb][0xffffffe5][0xffffffda][0xffffff85][0xffffffbb]v[0x19][0xffffffb8]v[0x5][0xffffffa8]3q^[0xffffff98]k"
[DEBUG] 2024-06-23 21:45:25.769 [main] wire - http-outgoing-0 << "[0xffffff97][0xffffff93]k#[0xffffff8a][0xffffff8c]k[0x15][0xffffff90][0xffffff8c]k#[0xffffff96][0xfffffff9][0xffffffae][0xffffffdd][0xffffffe1][0xffffffcc]v[0xffffffed][0xffffff8e][0xffffffe8]ow[0xffffffed][0xffffffb8][0xffffff89]w[0x8][0xfffffff5][0xffffffc4][0xffffffe6][0xffffffc6][0xffffffde][0xffffffce][0xffffffc3][0xffffffba][0xfffffff6]q[0x2][0xffffffd8][0xffffffb5][0xffffffdf][0xffffffcf][0xffffff80][0xffffffb8][0xfffffff6][0xfffffff1]t[0xffffffc4][0xffffffb5][0xffffffdf][0xffffff9e]l[0xffffffe1]Z[0xffffff81]"[0xffffffe2]Z[0x9]$[0xffffffe2]Z[0xffffff81]e[0xffffffba]k[0x3][0xffffff9c][0xffffffc9][0xffffffae][\r][0xffffff88][0xffffffbe][0xffffffe0]Zu[0xffffffbf][0xffffffb6]u[0xffffffac]k[0x7]~[0xffffffbf]v[0x18][0xffffffdc][0xffffffaf][0x1d][0xfffffff1]"c&[0xffffffce][0xffffffd8][0xfffffffd][0xffffffda][0xffffffb1]_^D]kr[0xffffffbf]V[0x2][0xffffffc9][0xffffffb8][0xffffffd6][0xffffffe0]~m[0xffffff80]3[0xffffffdb][0xffffffb5][0xffffffd7][0xffffffef][0xffffffd7][0xe]u[0xffffffbf][0xffffffb6][0xffffffad][0xffffff82][0xffffffb9][0x16][0xffffffbf]_;[0xc][0xffffffee][0xffffffd7][0xffffff8e]x[0xffffff91]1[0x13]g[0xffffffec]~[0xffffffed][0xffffffd8]//[0xffffffa2][0xffffffae]5[0xffffffb9]_+[0xffffff81]d\kp[0xffffffbf]6[0xffffffc0][0xffffff99][0xffffffed][0xffffffda][0xffffffeb][0xfffffff7]k[0xffffff87][0xffffffba]_[0xffffffdb]ouP[0xffffffae][0xffffffc5][0xffffffef][0xffffffd7][0xe][0xffffff83][0xfffffffb][0xffffffb5]#^d[0xffffffcc][0xffffffc4][0x19][0xffffffbb]_;[0xfffffff6][0xffffffcb][0xffffff8b][0xffffffa8]kM[0xffffffee][0xffffffd7]J [0x19][0xffffffd7][0x1a][0xffffffdc][0xffffffaf][\r]pf[0xffffffbb][0xfffffff6][0xfffffffa][0xfffffffd][0xffffffda][0xffffffa1][0xfffffff6][0xffffffd7][0xfffffff6][0xffffffdb][0xffffffa4][0xfffffff6]![0xc]|[0x7f][0xffffffed]0[0xffffffd8]_;[0xffffffe2][0xffffffa2][0xffffffd0]L[0xffffff9c][0xffffffb1][0xfffffffd][0xffffffb5]c_[0xe][0xffffff8a][0xffffffba][0xffffffd6]d[0x7f][0xffffffad][0x4][0xffffff92]q[0xffffffad][0xffffffc1][0xfffffffe][0xffffffda][0x0]g[0xffffffb6]k[0xffffffaf][0xffffffef][0xffffffaf][0x1d][0xffffffa7]r[0xffffffed]q[0xffffffa3][0xfffffff6]|[0xffffffbd][0xffffff9d][0x7]v[0xffffffed]i[0xffffffe0][0xffffffda]3@[0xffffff9d][0xffffff89][0xfffffff3][0xffffff89][0xffffffb9][0xfffffff6]trmD[0xffffff91]q[0xffffffad][0x2][0xffffff92]qm[0xffffffc4]2[0xffffffdf][0xffffffb5];[0xffffff9c][0xffffffd9][0xffffffae][0xffffffdd][0x11]}[0xffffffc1][0xffffffb5][0xffffffea][0xffffffce]W/[0x1d]{[0xffffff87][0xffffff80][0xffffffdf][0xfffffff9][0x1a][0x6]w[0xffffffbe]F[0xffffffbc]\[0xffffff93][0xffffff89]3v[0xffffffe7]k[0xffffffec][0x17]jP[0xffffffd7][0xffffff9a][0xffffffdc][0xfffffff9][0xffffff92]@2[0xffffffae]5[0xffffffb8][0xfffffff3][0x15][0xffffffe0][0xffffffcc]v[0xffffffed][0xfffffff5];_[0xffffffe7]M[0xffffffb9][0xffffffb6]a[0xfffffffb][0x10][0xffffffde][0xffffffce][0xffffffc3][0xffffffba][0xfffffff6]q[0x2][0xffffffd8][0xffffffb5][0xffffffdf][0xffffffcf][0xffffff80][0xffffffb8][0xfffffff6][0xfffffff1]t[0xffffffc4][0xffffffb5][0xffffffdf][0xffffff9e]l[0xffffffe1]Z[0xffffff81]"[0xffffffe2]Z[0x9]$[0xffffffe2]Z[0xffffff81]e[0xffffffba]k[0x3][0xffffff9c][0xffffffc9][0xffffffae][\r][0xffffff88][0xffffffbe][0xffffffe0]Z[0xffffffb5][0xffffffbf][0xffffffb6][0xfffffff7]J[0xffffffcd][0xffffff8d][0xffffff9d][0xfffffff8][0xfffffffe][0xffffffda][0xffffffd3]`[0x7f][0xffffffed][0x19][0x17][0xffffff85]f[0xffffffe2][0xffffff8c][0xffffffed][0xffffffaf]=[0xfffffff7][0xffffffe5][0xffffffa0][0xffffffa8]kM[0xfffffff6][0xffffffd7]J [0x19][0xffffffd7][0x1a][0xffffffec][0xffffffaf][\r]pf[0xffffffbb][0xfffffff6][0xfffffffa][0xfffffffe][0xffffffda][0xffffffb3]([0xffffffd7][0xffffff9e]7[0xffffffea][0xffffffb7][0xffffffb1][0xffffffb7][0xfffffff3][0xffffffc0][0xffffffae]-[0x6][0xffffffae]-[0x1][0xffffffea]L[0xffffff9c][0xb][0xffffffe6][0xffffffda][0xffffffe2][0xffffffe4][0xffffffda][0xffffff88]"[0xffffffe3]Z[0x5]$[0xffffffe3][0xffffffda][0xffffff88]e[0xffffffbe]kw8[0xffffffb3]][0xffffffbb]#[0xfffffffa][0xffffff82]k[0xffffffd5],C[0xffffff9f][0x3][0xffffffeb]Z|[0xffffff96][0xffffffe1]4[0xffffff98]e8[0xffffffe3][0xffffffa5][0xfffffff1]L[0xffffff9c][0xffffffb1]Y[0xffffff86]s[0xffffffbf]([0xffffff8e][0xffffffba][0xffffffd6]d[0xffffff96]A[0x2][0xffffffc9][0xffffffb8][0xffffffd6]`[0xffffff96]![0xffffffc0][0xffffff99][0xffffffed][0xffffffda][0xffffffeb][0xffffffb3][0xc][0xffffffa7][0xffffff9a]e[0x18][0xffffffa5][0xffffffdd]([0xffffffd7][0xffffffe2][0xffffffb3][0xc][0xffffffa7][0xffffffc1],[0xffffffc3][0x19]/[0xffffff8d]g[0xffffffe2][0xffffff8c][0xffffffcd]2[0xffffff9c][0xfffffffb]Eq[0xffffffd4][0xffffffb5]&[0xffffffb3][0xc][0x12]H[0xffffffc6][0xffffffb5][0x6][0xffffffb3][0xc][0x1][0xffffffce]l[0xffffffd7]^[0xffffff9f]e8[0xffffffd5],[0xffffffc3][0xffffffa8][0xffffff93][0xffffffda][0xffffff87]p[0xffffffe2][0xffffffb3][0xc][0xffffffa7][0xffffffc1],[0xffffffc3][0x19]/[0xffffff8d]g[0xffffffe2][0xffffff8c][0xffffffcd]2[0xffffff9c][0xfffffffb]Eq[0xffffffd4][0xffffffb5]&[0xffffffb3][0xc][0x12]H[0xffffffc6][0xffffffb5][0x6][0xffffffb3][0xc][0x1][0xffffffce]l[0xffffffd7]^[0xffffff9f]e8[0xffffffd5],[0xffffffc3]8;u[0xffffffbf][0xfffffff6][0xffffffc4]g[0x19]N[0xffffff83]Y[0xffffff86]3^[0x1a][0xffffffcf][0xffffffc4][0x19][0xffffff9b]e8[0xfffffff7][0xffffff8b][0xffffffe2][0xffffffa8]kMf[0x19]$[0xffffff90][0xffffff8c]k[\r]f[0x19][0x2][0xffffff9c][0xffffffd9][0xffffffae][0xffffffbd]>[0xffffffcb]p[0xffffff9e][0xffffffc2][0xffffffb5]g[0xffffffe5]\{[0xffffffe2][0xffffffae]=[\r]\{[0x6][0xffffffa8]3q>1[0xffffffd7][0xffffff9e]N[0xffffffae][0xffffff8d](2[0xffffffae]U@2[0xffffffae][0xffffff8d]X[0xffffffe6][0xffffffbb]v[0xffffff87]3[0xffffffdb][0xffffffb5];[0xffffffa2]/[0xffffffb8]V[0xffffffed][\n]"
[DEBUG] 2024-06-23 21:45:25.769 [main] wire - http-outgoing-0 << "?G[0xffffffa3]f[0x19]N|W[0xfffffff8]i[0xffffffb0]+[0xfffffffc][0xffffff8c]K[0xffffff99]3q[0xffffffc6]v[0xffffff85][0xffffff9f][0xfffffffb]"f[0xffffffd4][0xffffffb5]&[0xffffffbb][0xffffffc2]%[0xffffff90][0xffffff8c]k[\r]v[0xffffff85][0x7]8[0xffffffb3]]{}W[0xfffffff8][0xffffffa9][0xffffffe6][0xffffffc6][0xffffffce][0xffffffb3]c[0xffffffbf][0xffffff8d][0xffffffe1]sc[0xffffffa7][0xffffffc1][0xffffffdc][0xffffffd8][0x19][0x7]t2q[0xffffffc6][0xffffffe6][0xffffffc6][0xffffffce]}([0x7]u[0xffffffad][0xffffffc9][0xffffffdc][0xffffff98][0x4][0xffffff92]q[0xffffffad][0xffffffc1][0xffffffdc]X[0xffffff80]3[0xffffffdb][0xffffffb5][0xffffffd7][0xffffffe7][0xffffffc6][0xffffffe6][0xffffffed][0xffffff97][0x16]];[0xffffffb1][0xfffffffb][0xffffffb5]o[0xffffffe7]a][0xfffffffb]8[0x1][0xffffffec][0xffffffda][0xffffffef]g@\[0xfffffffb]x:[0xffffffe2][0xffffffda]oO[0xffffffb6]p[0xffffffad]@[0x11]q[0xffffffad][0x4][0x12]q[0xffffffad][0xffffffc0]2[0xffffffdd][0xffffffb5][0x1][0xffffffce]d[0xffffffd7][0x6]D_p[0xffffffad][0xffffff9a][0x1b];W[0xffffffc7]\[0xffffff8b][0xffffffcf][0xffffff8d]M[0xffffff83][0xffffffb9][0xffffffb1][0x19][0x7]t2q[0xffffffc6][0xffffffe6][0xffffffc6][0xffffffe6]>[0xffffff94][0xffffff83][0xffffffba][0xffffffd6]dnL[0x2][0xffffffc9][0xffffffb8][0xffffffd6]`n,[0xffffffc0][0xffffff99][0xffffffed][0xffffffda][0xffffffeb]scS[0xffffffcd][0xffffff8d][0xffffffcd]2[0xffffffa9][0xffffffef][0xffffffe8]N|nl[0x1a][0xffffffcc][0xffffff8d][0xffffffcd]8[0xffffffa0][0xffffff93][0xffffff89]3676[0xfffffff7][0xffffffa1][0x1c][0xffffffd4][0xffffffb5]&sc[0x12]H[0xffffffc6][0xffffffb5][0x6]sc[0x1][0xffffffce]l[0xffffffd7]^[0xffffff9f][0x1b][0xffffff9b]jnl[0xfffffff6]E[0xffffffed][0xffffff9e][0xffffff99][0xfffffff8][0xffffffdc][0xffffffd8]4[0xffffff98][0x1b][0xffffff9b]q@'[0x13]glnl[0xffffffee]C9[0xffffffa8]kM[0xffffffe6][0xffffffc6]$[0xffffff90][0xffffff8c]k[\r][0xffffffe6][0xffffffc6][0x2][0xffffff9c][0xffffffd9][0xffffffae][0xffffffbd]>76[0xffffffd5][0xffffffdc][0xffffffd8]\[0xffffff8d][0xffffff9a][0xffffffd1][0xffffff9d][0xfffffff8][0xffffffdc][0xffffffd8]4[0xffffff98][0x1b][0xffffff9b]q@'[0x13]glnl[0xffffffee]C9[0xffffffa8]kM[0xffffffe6][0xffffffc6]$[0xffffff90][0xffffff8c]k[\r][0xffffffe6][0xffffffc6][0x2][0xffffff9c][0xffffffd9][0xffffffae][0xffffffbd]>76[0xffffffd5][0xffffffdc][0xffffffd8]*[0x7]576[0xfffffff1][0xffffffb9][0xffffffb1]i076[0xffffffe3][0xffffff80]N&[0xffffffce][0xffffffd8][0xffffffdc][0xffffffd8][0xffffffdc][0xffffff87]rP[0xffffffd7][0xffffff9a][0xffffffcc][0xffffff8d]I [0x19][0xffffffd7][0x1a][0xffffffcc][0xffffff8d][0x5]8[0xffffffb3]]{}nl[0xffffffaa][0xffffffb9][0xffffffb1][0xffffffd5][0xffffffb0];_[0x13][0xffffff9f][0x1b][0xffffff9b][0x6]sc3[0xe][0xffffffe8]d[0xffffffe2][0xffffff8c][0xffffffcd][0xffffff8d][0xffffffcd]}([0x7]u[0xffffffad][0xffffffc9][0xffffffdc][0xffffff98][0x4][0xffffff92]q[0xffffffad][0xffffffc1][0xffffffdc]X[0xffffff80]3[0xffffffdb][0xffffffb5][0xffffffd7][0xffffffe7][0xffffffc6][0xffffffe6][0xffffffa9]\;+57[0xfffffff6]v[0x1e][0xffffffd8][0xffffffb5][0xffffffa7][0xffffff81]k[0xffffffcf][0x0]u&[0xffffffce]'[0xffffffe6][0xffffffda][0xffffffd3][0xffffffc9][0xffffffb5][0x11]E[0xffffffc6][0xffffffb5][\n]"
[DEBUG] 2024-06-23 21:45:25.769 [main] wire - http-outgoing-0 << "H[0xffffffc6][0xffffffb5][0x11][0xffffffcb]|[0xffffffd7][0xffffffee]pf[0xffffffbb]vG[0xfffffff4][0x5][0xffffffd7][0xffffff8a][0xffffffb9][0xffffffb1][0xfffffff3]v[0x1b][0xffffffd8][0xffffff9d]/|nl[0x1a][0xffffffcc][0xffffff8d][0xffffffcd]8[0xffffffa0][0xffffff93][0xffffff89]3676[0xfffffff7][0xffffffa1][0x1c][0xffffffd4][0xffffffb5]&sc[0x12]H[0xffffffc6][0xffffffb5][0x6]sc[0x1][0xffffffce]l[0xffffffd7]^[0xffffff9f][0x1b][0xffffff9b]bn[0xffffffec][0xffffffbc]U[0xffffffee][0xffffffce][0x17]>76[\r][0xffffffe6][0xffffffc6]f[0x1c][0xffffffd0][0xffffffc9][0xffffffc4][0x19][0xffffff9b][0x1b][0xffffff9b][0xfffffffb]P[0xe][0xffffffea]Z[0xffffff93][0xffffffb9]1[0x9]$[0xffffffe3]Z[0xffffff83][0xffffffb9][0xffffffb1][0x0]g[0xffffffb6]k[0xffffffaf][0xffffffcf][0xffffff8d]-[0xfffffff1][0xffffffbd][0xffffffb1][0xfffffff3]6[0xffffffb0]][0xffffffe1][0xb][0xffffffff][0xffffffde][0xffffffd8]2[0xfffffff8][0xffffffde][0xffffffd8][0xffffff8a][0x1f]vJ[0xffffffc4]ya[0xffffffdf][0x1b][[0xfffffffb][0xffffffc7][0xffffff9c]H[0xffffffd7][\n]"
[DEBUG] 2024-06-23 21:45:25.769 [main] wire - http-outgoing-0 << "[0x14][0x11][0xffffffd7]J [0x11][0xffffffd7][\n]"
[DEBUG] 2024-06-23 21:45:25.769 [main] wire - http-outgoing-0 << ",[0xffffffd3]][0x1b][0xffffffe0]Lvm@[0xfffffff4][0x5][0xffffffd7][0xffffff8a]Y[0xffffff86][0xfffffff3][0xffffffb6][\n]"
[DEBUG] 2024-06-23 21:45:25.769 [main] wire - http-outgoing-0 << "[0xffffffe6]Z|[0xffffff96]a[0x19][0xffffffcc]2[0xffffffac]xi<[0x13]gl[0xffffff96]a[0xffffffed][0x17][0xffffffc5]Q[0xffffffd7][0xffffff9a][0xffffffcc]2H [0x19]"
[DEBUG] 2024-06-23 21:45:25.769 [main] wire - http-outgoing-0 << "[0xffffffd7][0x1a][0xffffffcc]2[0x4]8[0xffffffb3]]{}[0xffffff96]a[0xffffff89]Y[0xffffff86][0xffffffbb]k[0xffffffb1]][0xffffffe1][0xb][0xffffff9f]eX[0x6][0xffffffb3][0xc]+^[0x1a][0xffffffcf][0xffffffc4][0x19][0xffffff9b]eX[0xfffffffb]Eq[0xffffffd4][0xffffffb5]&[0xffffffb3][0xc][0x12]H[0xffffffc6][0xffffffb5][0x6][0xffffffb3][0xc][0x1][0xffffffce]l[0xffffffd7]^[0xffffff9f]eXb[0xffffff96][0xffffffe1]<[0xffffff8e][[0xffffffa3]\[0xffffff8b][0xffffffcf]2,[0xffffff83]Y[0xffffff86][0x15]/[0xffffff8d]g[0xffffffe2][0xffffff8c][0xffffffcd]2[0xffffffac][0xfffffffd][0xffffffa2]8[0xffffffea]Z[0xffffff93]Y[0x6][0x9]$[0xffffffe3]Z[0xffffff83]Y[0xffffff86][0x0]g[0xffffffb6]k[0xffffffaf][0xffffffcf]2,1[0xffffffcb]p[0x1e][0xfffffff5]([0xffffff94]k[0xfffffff1]Y[0xffffff86]e0[0xffffffcb][0xffffffb0][0xffffffe2][0xffffffa5][0xfffffff1]L[0xffffff9c][0xffffffb1]Y[0xffffff86][0xffffffb5]_[0x14]G]k2[0xffffffcb] [0xffffff81]d\k0[0xffffffcb][0x10][0xffffffe0][0xffffffcc]v[0xffffffed][0xfffffff5]Y[0xffffff86]%f[0x19][0xffffffce]c4[0xffffffac]k[0xfffffff1]Y[0xffffff86]e0[0xffffffcb][0xffffffb0][0xffffffe2][0xffffffa5][0xfffffff1]L[0xffffff9c][0xffffffb1]Y[0xffffff86][0xffffffb5]_[0x14]G]k2[0xffffffcb] [0xffffff81]d\k0[0xffffffcb][0x10][0xffffffe0][0xffffffcc]v[0xffffffed][0xfffffff5]Y[0xffffff86]u*[0xffffffd7][0xffffffae][0xffffff89]u[0xffffffed][0xffffff89][0xffffffbb][0xfffffff6]4p[0xffffffed][0x19][0xffffffa0][0xffffffce][0xffffffc4][0xfffffff9][0xffffffc4]\{:[0xffffffb9]6[0xffffffa2][0xffffffc8][0xffffffb8]V[0x1][0xffffffc9][0xffffffb8]6b[0xffffff99][0xffffffef][0xffffffda][0x1d][0xffffffce]l[0xffffffd7][0xffffffee][0xffffff88][0xffffffbe][0xffffffe4][0xffffffda]j[0xffffffe6][0xffffffda][0xffffff8a][0xffffffbb][0xffffffb6][0x1a][0xffffffb8][0xffffffb6][0xffffffa2][0xffffffae][0xffffffad][0xffffff98]k[0xffffffab][0xffffff93]kw[0x14])[0xffffffd7]F )[0xffffffd7][0xffffffee]X[0x12][0xffffffae][0xffffffad][0xffffffb0]k[0xffffffeb]U[0xffffffd7][0xffffffaa][0xffffffb9][0xffffffb1]R[0xffffffb0]}[0x8][0xb][0xffffff9f][0x1b][[0x6]sc+[0xe][0xffffffe8]d[0xffffffe2][0xffffff8c][0xffffffcd][0xffffff8d][0xffffffad]}([0x7]u[0xffffffad][0xffffffc9][0xffffffdc][0xffffff98][0x4][0xffffff92]q[0xffffffad][0xffffffc1][0xffffffdc]X[0xffffff80]3[0xffffffdb][0xffffffb5][0xffffffd7][0xffffffe7][0xffffffc6][0xffffff96][0xffffff9a][0x1b]+[0xffffffbd]Qsc[0xb][0xffffff9f][0x1b][[0x6]sc+[0xe][0xffffffe8]d[0xffffffe2][0xffffff8c][0xffffffcd][0xffffff8d][0xffffffad]}([0x7]u[0xffffffad][0xffffffc9][0xffffffdc][0xffffff98][0x4][0xffffff92]q[0xffffffad][0xffffffc1][0xffffffdc]X[0xffffff80]3[0xffffffdb][0xffffffb5][0xffffff97][0xffffffe7][0xffffffc6][0xffffffd6]M[0xffffffcd][0xffffff8d][0xffffff95]Y[0xffffffa1][0xfffffffb][0xffffffb5][0xffffff8f][0xfffffff3][0xffffffa0][0xffffffae]}?[0x1][0xffffffeb][0xffffffda][0xffffffcf]3[0x10][0xffffffae]}[0x7f]:[0xffffffe1][0xffffffda][0xffffffef]Ovp[0xffffffad]B[0xffffff91]p[0xffffffad][0x6][0xffffff92]p[0xffffffad][0xffffffc2]2[0xffffffdb][0xffffffb5][0x11][0xffffffce]\[0xffffffd7]FD_rm1sm[0xffffffc1]][[0xc]\[P[0xffffffd7][0x16][0xffffffcc][0xffffffb5][0xffffffc5][0xffffffc9][0xffffffb5];[0xffffff8a][0xffffff94]k#[0xffffff90][0xffffff94]kw,[0x9][0xffffffd7][0x16][0xffffffd8][0xffffffb5][0xffffffe5][0xffffffaa]k[0xffffffc5][0xffffffb7][0x1d][0xffffffcf]zLh[0xffffffcf][0xffffffd7][0xffffffe3]<[0xffffffb0]k[0xfffffff9]o;~[0xffffff9e][0xffffff81]q-[0xfffffff5]m[0xffffffc7][0xffffffef]O[0xfffffff6]p[0xffffffad][0xffffffc7][0xffffffb7][0x1d]5[0xffffff90][0xffffff8c]k[0xfffffff9]o;F8[0xffffffb3]]{[0xfffffff9][0xffffffdb][0xffffff8e][0xffffffeb][0xffffffa6][0xfffffff6]![0xffffffd4]zB[0xfffffffb]k[0x1f][0xffffffe7][0xffffff81]][0xffffffcb][0xffffffef]C[0xfffffff8]<[0x3][0xffffffe3]Zj[0x1f][0xffffffc2][0xfffffff7]'{[0xffffffb8][0xffffffd6]c[0x1f][0xffffff82][0x6][0xffffff92]q-[0xffffffbf][0xf]![0xffffffc2][0xffffff99][0xffffffed][0xffffffda][0xffffffcb][0xfffffffb][0x10][0xffffffde][0xfffffffe]4[0xffffffbe]C`]K[0xffffffbf]C([0x6][0xffffffef][0x10]J[0xfffffff8][0xffffff97][0xffffffb5]\[0xffffff9c][0xffffffa9]w[0x8][0xffffffc5][0xffffffe9][0x1d]BD[0xffffff91]r[0xffffffad][0xffffffcb];[0xffffff84][0xffffff88]%[0xffffffe1]Z[0xfffffff6][0x1d][0xffffffc2][0xffffff8e][0xffffffe8][0xb][0xffffffae][0xffffffad][0xffffffca][0xffffffb5]cA{[0xffffffbe][0x1e][0xffffffe7][0xffffff81]][[\r]\[[0x3][0xffffffd4][0xffffff99]8W[0xffffffcc][0xffffffb5][0xffffffd5][0xffffffc9][0xffffffb5][0x11]E[0xffffffc6][0xffffffb5][\n]"
[DEBUG] 2024-06-23 21:45:25.769 [main] wire - http-outgoing-0 << "H[0xffffffc6][0xffffffb5][0x11][0xffffffcb]|[0xffffffd7][0xffffffee]pf[0xffffffbb]vG[0xfffffff4][0x5][0xffffffd7][0xffffffaa][0xffffffdd]3[0x15][0xfffffffc]m[0xffffff8c][0xffffffde]=[0xfffffff3]~[0x2][0xffffffda][0xffffffb5][0xffffffe4][0xffffffee][0xffffff99][0xfffffff7][0xffffffa7]3[0xffffffae]5[0xffffffda]=[0xffffffa3]Pd\[0xffffffeb][0xffffffb2]{Fa[0xffffff99][0xffffffef]Zv[0xfffffff7]LD[0xfffffff4][0x5][0xffffffd7][0xffffffaa][0xffffffdd]3u.[0xffffffec][0x1d][0x2][0xffffffbd]{[0xffffffe6][0xfffffffd][0x4][0xffffffb4]k[0xffffffc9][0xffffffdd]3[0xffffffef]Og\k[0xffffffb4]{F[0xffffffa1][0xffffffc8][0xffffffb8][0xffffffd6]e[0xfffffff7][0xffffff8c][0xffffffc2]2[0xffffffdf][0xffffffb5][0xffffffec][0xffffffee][0xffffff99][0xffffff88][0xffffffe8][0xb][0xffffffae]U[0xffffffbb]g[0xffffffea]j[0xffffffd0][0xffffff8c][0xffffffee][0xffffffe3]<[0xffffffb0]k[0xfffffff9][0xffffffdd]3[0xffffff9f]g`\K[0xffffffed][0xffffff9e][0xfffffff9][0xfffffffe]d[0xf][0xffffffd7]z[0xffffffec][0xffffff9e][0xffffffd1]@2[0xffffffae][0xffffffe5]w[0xffffffcf]D8[0xffffffb3]]{y[0xfffffff7][0xffffffcc][0xffffffba][0xffffff9d][0xffffffc2][0xffffffb5][0xffffffed]v[0xffffff83]ft[0x1f][0xffffffe7][0xffffff81]]{[0x1a][0xffffffb8][0xfffffff6][0xc]Pg[0xffffffe2]|b[0xffffffae]=[0xffffff9d]\[0x1b]Qd\[0xffffffab][0xffffff80]d\[0x1b][0xffffffb1][0xffffffcc]w[0xffffffed][0xe]g[0xffffffb6]kwD_p[0xffffffad][0xffffffda][0xffffff87][0xffffffd0][0xffffff8e][0xffffffd2]([0xffffffd7][0xffffffd2][0xfffffffb][0x10][0xffffffde]O@[0xffffffbb][0xffffff96][0xffffffdc][0xffffff87][0xfffffff0][0xfffffffe]t[0xffffffc6][0xffffffb5]F[0xfffffffb][0x10][0x14][0xffffff8a][0xffffff8c]k][0xfffffff6]!(,[0xfffffff3]][0xffffffcb][0xffffffee]C[0xffffff88][0xffffff88][0xfffffffe]v[0xffffffd7][0x1e]jF[0xffffffb7][0xffffff9d][0xffffffd4][0xfffffffe][0xffffffda][0xffffffc7]yX[0xffffffd7][0x1e][0x6]3[0xffffffba]G[0x1c][0xffffff86]L[0xffffffc4][0xfffffff9][0xffffffc0]ft[0xffffff8f]}[0x0][0xffffff92]t[0xffffffad]@[0x11]q[0xffffffad][0x4][0x12]q[0xffffffad][0xffffffc0]2[0xffffffdd][0xffffffb5][0x1][0xffffffce]d[0xffffffd7][0x6]D_p[0xffffffad][0xffffff9a][0x1b][0xffffffeb][0xffffffb7][0xffffff93][0xffffffba][0xffffff87]p[0xffffffe0]sc[0xffffff87][0xffffffc1][0xffffffdc][0xffffffd8][0x11][0x7]t2q[0xffffffc6][0xffffffe6][0xffffffc6][0xffffff8e]}([0x7]u[0xffffffad][0xffffffc9][0xffffffdc][0xffffff98][0x4][0xffffff92]q[0xffffffad][0xffffffc1][0xffffffdc]X[0xffffff80]3[0xffffffdb][0xffffffb5][0xffffffd7][0xffffffe7][0xffffffc6][0xffffffee][0x7f][0x1a][0xffffffef][0xffffffd7][0xffffffb2][0xffffffae][0xffffff85][0xffffffef][0xffffffd7]>N[0xffffffc0][0xffffffbb][0x16][0xffffffbc]_[0xfffffffb]x:[0xffffffe5]Z[0xffffff9f][0xfffffffb][0xffffffb5][0x2]E[0xffffffca][0xffffffb5]&[0xfffffff7]k[0x5][0xffffff96][0xffffff84]k[0xffffffd1][0xfffffffb][0xffffffb5][0x1][0xffffffd1][0x17]\[0xffffffab]ft{[0x1d][0xffffffd4],[0xffffffc3][0xffffff81][0xffffffcf][0xffffffe8][0x1e][0x6]3[0xffffffba]G[0x1c][0xffffff86][0xffffffcc][0xffffffc4][0x19][0xffffff9b][0xffffffd1]=[0xfffffff6][0x1]H[0xffffffd4][0xffffffb5]&3[0xffffffba][0x12]H[0xffffffc6][0xffffffb5][0x6]3[0xffffffba][0x1][0xffffffce]l[0xffffffd7]^[0xffffff9f][0xffffffd1]=[0xffffffd4],C_'u[0xf][0xffffffe1][0xffffffc0]g[0x19][0xe][0xffffff83]Y[0xffffff86]#^[0x1a][0xffffffcf][0xffffffc4][0x19][0xffffff9b]e8[0xfffffff6][0xffffff8b][0xffffffe2][0xffffffa8]kMf[0x19]$[0xffffff90][0xffffff8c]k[\r]f[0x19][0x2][0xffffff9c][0xffffffd9][0xffffffae][0xffffffbd]>[0xffffffcb]p[0xffffffa8]Y[0xffffff86]Q[0xffffffa9]o[0xffffff96]?[0xffffffce][0x3][0xffffffbb][0xffffffd6]`[0xffffff96][0xffffffe1][0xffffff88][0xffffff97][0xffffffc6]3q[0xffffffc6]f[0x19][0xffffff8e][0xfffffffd][0xffffffa2]8[0xffffffea]Z[0xffffff93]Y[0x6][0x9]$[0xffffffe3]Z[0xffffff83]Y[0xffffff86][0x0]g[0xffffffb6]k[0xffffffaf][0xffffffcf]2[0x1c]j[0xffffff96]a[0xfffffff4]2([0xffffffd7][0xffffffe2][0xffffffb3][0xc][0xffffff87][0xffffffc1],[0xffffffc3][0x11]/[0xffffff8d]g[0xffffffe2][0xffffff8c][0xffffffcd]2[0x1c][0xfffffffb]Eq[0xffffffd4][0xffffffb5]&[0xffffffb3][0xc][0x12]H[0xffffffc6][0xffffffb5][0x6][0xffffffb3][0xc][0x1][0xffffffce]l[0xffffffd7]^[0xffffff9f]ex[0xfffffffb][0x7f][0xffffffa2]k[0xffffffcf][0xffffff81]u[0xffffffed][0xffffff89][0xffffffbb][0xfffffff6]4p[0xffffffed][0x19][0xffffffa0][0xffffffce][0xffffffc4][0xfffffff9][0xffffffc4]\{:[0xffffffb9]6[0xffffffa2][0xffffffc8][0xffffffb8]V[0x1][0xffffffc9][0xffffffb8]6b[0xffffff99][0xffffffef][0xffffffda][0x1d][0xffffffce]l[0xffffffd7][0xffffffee][0xffffff88][0xffffffbe][0xffffffe0]Z5[0xffffffcb]0[0x16][0xffffffb6]{[0xffffffe6][0xffffffc0]g[0x19][0xe][0xffffff83]Y[0xffffff86]#^[0x1a][0xffffffcf][0xffffffc4][0x19][0xffffff9b]e8[0xfffffff6][0xffffff8b][0xffffffe2][0xffffffa8]kMf[0x19]$[0xffffff90][0xffffff8c]k[\r]f[0x19][0x2][0xffffff9c][0xffffffd9][0xffffffae][0xffffffbd]>[0xffffffcb]P[0xffffffd4],[0xffffffc3]y+[0xffffffd4]oc[0x5][0xffffff9f]e([0x6][0xffffffb3][0xc]%^[0x1a]O[0xffffffc4][0xffffffb9]`[0xffffffb3][0xc]e[0xffffffbf](N[0xffffffba]V[0xffffffa0][0xffffff88][0xffffffb8]V[0x2][0xffffff89][0xffffffb8]V`[0xffffff99][0xffffffee][0xffffffda][0x0]g[0xffffffb2]k[0x3][0xffffffa2]/[0xffffffb8]V[0xffffffdd][0xfffffff9]:[0xffffff8f]N[0xffffffed][0xffffff9e])[0xfffffff8][0xffffff9d][0xffffffaf]bp[0xffffffe7][0xffffffab][0xffffffc4][0xffffffcb]5[0xffffff99]8cw[0xffffffbe][0xffffffca]~[0xffffffa1][0x6]u[0xffffffad][0xffffffc9][0xffffff9d]/[0x9]$[0xffffffe3]Z[0xffffff83];_[0x1][0xffffffce]"
[DEBUG] 2024-06-23 21:45:25.777 [main] wire - http-outgoing-0 << "l[0xffffffd7]^[0xffffffbf][0xfffffff3]U[0xffffffd4]w[0x19]X[0xffffffd7][0xffffffc2][0xffffffb3][0xc][0xffffffc5][0xffffffe0][0xffffffbb][0xc]%.[0xffffffc0][0xffffffcf][0xffffffc5][0x19][0xffffff9a]e([0xfffffffb][0xffffffd2]{[0xffffffd8][0xffffffb5][0x16][0xffffffb3][0xc][0x12]H[0xffffffca][0xffffffb5][0xfffffff8],C[0xffffff80]3[0xffffffdf][0xffffffb5]Wg[0x19]JU][0xffffffdb]:5[0xffffffcb][0xfffffff0]v[0x1e][0xffffffd8][0xffffffb5][0xffffffd5][0xffffffa0]kk[0x8][0xffffff88]L[0xffffff9c]+[0xffffffd6][0xffffffb5][0xffffffd5][0xffffffa9]k#[0xffffff8a][0xffffff8c]k[0x15][0xffffff90][0xffffff8c]k#[0xffffff96][0xfffffff9][0xffffffae][0xffffffdd][0xffffffe1][0xffffffcc]v[0xffffffed][0xffffff8e][0xffffffe8][0xb][0xffffffae]m[0xffffffaa]k[0xffffffc7][0xffffffc4][0xffffffba][0xffffffb6][0xffffffe1]][0xffffffdb][0xc][0xffffffba][0xffffffb6][0xffffff85][0xffffff80][0xffffffc8][0xffffffc4][0xffffffb9]a][0xffffffdb][0xffffff9c][0xffffffba]6[0xffffffa2][0xffffffc8][0xffffffb8]V[0x1][0xffffffc9][0xffffffb8]6b[0xffffff99][0xffffffef][0xffffffda][0x1d][0xffffffce]l[0xffffffd7][0xffffffee][0xffffff88][0xffffffbe][0xffffffe0]Z5[0xffffffcb]0o[0xffffffa3]S[0xffffffae][0xffffffc5]g[0x19][0xffffff8a][0xffffffc1],C[0xffffff89][0xffffff97][0xffffffc6]3q[0xffffffc6]f[0x19][0xffffffca]~Q[0x1c]u[0xffffffad][0xffffffc9],[0xffffff83][0x4][0xffffff92]q[0xffffffad][0xffffffc1],C[0xffffff80]3[0xffffffdb][0xffffffb5][0xffffffd7]g[0x19][0xffffff8a][0xffffff9a]e[0xffffff98][0xffffffb5]-[0xffffffca][0xffffffb5][0xfffffff8],C1[0xffffff98]e([0xfffffff1][0xffffffd2]x&[0xffffffce][0xffffffd8],C[0xffffffd9]/[0xffffff8a][0xffffffa3][0xffffffae]5[0xffffff99]e[0xffffff90]@2[0xffffffae]5[0xffffff98]e[0x8]pf[0xffffffbb][0xfffffff6][0xfffffffa],C9[0xffffff95]kG[0xffffffc1]\{[0xffffffe2][0xffffffae]=[\r]\{[0x6][0xffffffa8]3q>1[0xffffffd7][0xffffff9e]N[0xffffffae][0xffffff8d](2[0xffffffae]U@2[0xffffffae][0xffffff8d]X[0xffffffe6][0xffffffbb]v[0xffffff87]3[0xffffffdb][0xffffffb5];[0xffffffa2]/[0xffffffb8]V[0xffffffcd]2L[0xffffffee]{c[0x5][0xffffff9f]e([0x6][0xffffffb3][0xc]%^[0x1a][0xffffffcf][0xffffffc4][0x19][0xffffff9b]e([0xfffffffb]Eq[0xffffffd4][0xffffffb5]&[0xffffffb3][0xc][0x12]H[0xffffffc6][0xffffffb5][0x6][0xffffffb3][0xc][0x1][0xffffffce]l[0xffffffd7][0xfffffffe][0xffffffc4],[0xffffffc3][0x12][0xffffffae]][0xffffffa5]S[0xfffffffb][0x10][0xffffffde][0xffffffce][0x3][0xffffffbb]v[0x19][0xffffffb8]v[0x5][0xffffffa8]3q^[0xffffff98]k[0xffffff97][0xffffff93]k#[0xffffff8a][0xffffff8c]k[0x15][0xffffff90][0xffffff8c]k#[0xffffff96][0xfffffff9][0xffffffae][0xffffffdd][0xffffffe1][0xffffffcc]v[0xffffffed][0xffffff8e][0xffffffe8]owmUsc[0xff
[...]
12][0xffffffa6]x[0x17]([0xffffffe1][0xffffffce][0xffffffe0][0xffffffe8][0xffffffaf][0x1b]:[0xffffff83][0xffffffe3][0xffffffe3]~`J[0xfffffff0]gp[0xfffffffc][0xffffffbe][0x7][0xffffff86][0x12][0xffffffd4][0x19][0x1c][0xffffffbf][0xffffffae][0xffffff9c]A[0xffffff89][0xffffff8c]38| [0x19]J[0xfffffff0]gph8[0xffffffab])[0xffffff91]{[0x6][0xffffff87]-O[0xffffff96][0x12]qgp[0xffffffd8]j[0xffffffe5]([0x11]r[0x6][0xffffff87])[0xffffffde][0x5]J[0xc]G[0xffffff89]A[0xffffffbd]v[0xfffffff9]q?0%F[0x0]%[0xffffff86][0xffffffe6][0xffffffbd]0[0xffffffe0][0x3][0xffffffa3][0xffffffc4]H[0xffffffa2][0xffffff84]F[0xffffff91][0xffffffa1][0xffffff84][0xb]$C[0x9][0xffffff8d]e=%[0xffffffe6]pVSb[0xffffff8e]h[0x12]%Ly[0xffffffb2][0xffffff94][0xffffffb0]][0xffffffca]R[0xffffffc2]T+G[0x9]iZ[0xffffff8a][0x12]R[0xffffffbc][0xb][0xffffff94][0xffffffb8][0xc]%F[0xffffffeb][0xffffffd8]S[0xffffff89][0xb][0xffffffa7][0xffffffc4][0x15]@[0xffffff89]K[0xfffffff3]^[0x18][0xfffffff0][0xb][0xffffffa3][0xffffffc4][0xffffff95]D[0x9][0xffffff8d]"C[0x9][0x17]H[0xffffff86][0x12][0x1a][0xffffffcb]zJ[0xffffffcc][0xffffffe1][0xffffffac][0xffffffa6][0xffffffc4][0x1c][0xffffffd1]$J[0xffffff98][0xfffffff2]d)a[0xffffffbb][0xffffff94][0xffffffa5][0xffffff84][0xffffffa9]V[0xffffff8e][0x12][0xffffffd2][0xffffffb4][0x14]%[0xffffffa4]x[0x17](q;J[0xffffffec][0x1d]z[0xffffffed][0xfffffff2][0xffffffe3]~`J[0xffffffdc][0x1][0xffffff94][0xffffffb8]5[0xffffffef][0xffffff85][0x1][0xffffffbf]1J[0xffffffdc]I[0xffffff94][0xffffffd0](2[0xffffff94]p[0xffffff81]d([0xffffffa1][0xffffffb1][0xffffffac][0xffffffa7][0xffffffc4][0x1c][0xffffffce]jJ[0xffffffcc][0x11]M[0xffffffa2][0xffffff84])O[0xffffff96][0x12][0xffffffb6]KYJ[0xffffff98]j[0xffffffe5](!MKQB[0xffffff8a][0xfffffff7][0xffffffef])[0xffffffd1][0xffffffdc]k[0xffffff97][0xffffffe3][0xffffffda][0xffffffa9][0xffffffa7][0x12][\r][0x7f][0xffffffed][0xffffffb2][0x5][0xffffffbc]v[0xffffffd9][0xffffffcc][0xffffffbb]Au[0x1]o[0xffffffd8]k[0xffffff97]M[0xffffffde][0xfffffffe][0x1])a[0xffffffa2][0xffffff88]P[0xffffffc2][0x6][0x12][0xffffffa1][0xffffff84][0xffffff89]e9%$[0xffffff9c][0xffffffc5][0xffffff94][0xffffff90][0xffffff88][0x6]Q[0xffffffc2][0xffffff95]'J[0x9][0xffffffdf][0xffffffa5](%\[0xffffffb5]b[0xffffff94][0xffffffd0][0xffffffa6][0xffffff85]([0xffffffa1][0xffffffc5][0xffffffbb]D[0xffffff89]#[0xffffff8c][0x12][0xffffffec][0xffffffc7][0xffffffa0][0xffffff9f]w[0xffffffc0]S[0xffffff82][0xfffffffb][0x18][0xfffffff4][0xfffffff3][0xffffffea][0x14]%b>[0x6]uQ[0xffffffa4]([0xffffff91][0xfffffff1]1[0xffffffa8][0xffffff8b]%A[0x9][0xfffffff2]cP[0xffffff8d]h[0x16]%[0xffffffa2]>[0x6]}[0xffffffe8]R[0xffffff9a][0x12]1[0x1f][0xffffff83][0xffffff9a][0xffffffa6][0xffffffe5]([0xfffffff1][0xffffffe3][0xffffff8f]A[0xffffff9b][0xfffffffb][0xffffff82]c[0xffffffdc][0xffffffd8][0xffffffbb][0x12][\r][0xffffffff][0xffffff82][0xffffffa3][0x5]|[0xffffffc1][0xffffffd1][0xffffffcc]k[0xffffffc6][0xffffff85][0x1][0xffffffc7][0xffffffbe][0xffffffe0]h[0xfffffff2]"1I[0xffffff89][0xffffff90]/8l [0x19]J[0x4]|[0xffffffc1]![0xffffffe1][0xffffffac][0xffffffa6]D[0xfffffff0][0x17][0x1c][0xffffffae]<YJ[0xffffffe4]}[0xffffffc1][0xffffffe1][0xffffffaa][0xffffff95][0xffffffa3]D[0xffffffca][0x17][0x1c]Z[0xffffffbc][0xb][0xffffff94][0xffffffd8][0xc]%[0xffffffae][0xffffffa3]Q[0xffffffef]J[0xffffffbc][0xffffffdf][0xf]L[0xffffff89]-[0xffffff80][0x12][0xffffff9b][0xffffffe6][0xffffffbd]0[0xffffffe0][0x1b]F[0xffffff89]-[0xffffff89][0x12][0x1a]E[0xffffff86][0x12].[0xffffff90][0xc]%4[0xffffff96][0xfffffff5][0xffffff94][0xffffff98][0xffffffc3]YM[0xffffff89]9[0xffffffa2]I[0xffffff94]0[0xffffffe5][0xffffffc9]R[0xffffffc2]v)K[0x9]S[0xffffffad][0x1c]%[0xffffffa4]i)JH[0xfffffff1].P[0xffffffc2][0x1d]2~[0xffffffbf]^[0xffffffd4][0xffffffc7][0xffffffa0][0xffffff8d]>d[0xfffffffc][0xfffffff3][0xe]hJ[0xffffff90][0xffffff87][0xffffff8c][0x7f]^[0xffffff9d][0xffffffa1]D[0xffffffd0]![0xffffffe3].[0xffffff8a][0xc]%R[0xe][0x19]w[0xffffffb1][0xffffffac][0xffffffa7][0x4]{[0xffffffc8][0xffffffb8]F4[0xffffff89][0x12]a[0xffffff87][0xffffff8c]?t)K[0xffffff89][0xffffffa0]C[0xffffffc6]M[0xffffffd3]R[0xffffff94][0xfffffff8][0xfffffff9]![0xffffffe3]gs[0xffffff87][0xffffff8c][0xffffffdf][0xffffffaf][0xffffff8e]Q[0xffffff82]>d[0xfffffffc][0xfffffff3][0xe]hJ[0xffffff90][0xffffff87][0xffffff8c][0x7f]^[0xffffff9d][0xffffffa1]D[0xffffffd0]![0xffffffe3].[0xffffff8a][0xc]%R[0xe][0x19]w[0xffffffb1][0xffffffac][0xffffffa7][0x4]{[0xffffffc8][0xffffffb8]F4[0xffffff89][0x12]a[0xffffff87][0xffffff8c]?t)K[0xffffff89][0xffffffa0]C[0xffffffc6]M[0xffffffd3]R[0xffffff94][0xfffffff8][0xfffffff9]![0xffffffe3]g[0x1b][0xffffff8e][0x12][0xffffffed][0x18][0x14]%[0x6]N[0xffffff89][0x11]@[0xffffff89][0xffffffa1]y/[0xc][0xfffffff8][0xffffffc0](1[0xffffff92]([0xffffffa1]Qd([0xffffffe1][0x2][0xffffffc9]PBcYO[0xffffff89]9[0xffffff9c][0xffffffd5][0xffffff94][0xffffff98]#[0xffffff9a]D[0x9]S[0xffffff9e],%l[0xffffff97][0xffffffb2][0xffffff94]0[0xffffffd5][0xffffffca]QB[0xffffff9a][0xffffff96][0xffffffa2][0xffffff84][0x14][0xffffffef][0x2]%.s2[0xffffffe8][0xffffffbd][0xffffffdd][0x7]E[0xffffff89][0xb]>[0x19][0xfffffff4][0xfffffff3][0xe]hJ\z|]a[0xffffffc0]/[0xffffffe8]d[0xffffffd0]_W[0xffffffce][0xffffffa0][0xffffff84]F[0xffffff91][0xffffffa1][0xffffff84][0xb]$C[0x9][0xffffff8d]e=%[0xffffffe6]pVSb[0xffffff8e]h[0x12]%Ly[0xffffffb2][0xffffff94][0xffffffb0]][0xffffffca]R[0xffffffc2]T+G[0x9]iZ[0xffffff8a][0x12]R[0xffffffbc][0xb][0xffffff94]p[0x13]U[0xfffffff7]8[0x1a]E[0x9]|[0xffffffa2][0xffffffaa][0x5]LT5[0xffffffb3][0xffffffa3]R[0x18]pl[0xffffffa2][0xffffffaa][0xffffffc9]R[\n]"
[DEBUG] 2024-06-23 21:45:26.012 [main] wire - http-outgoing-0 << "I[0xffffff89][0xffffff90][0xffffff89]*[0x1b]H[0xffffff86][0x12][0x1][0x13]U[0x12][0xffffffce]jJ[0x4]OT[0xffffffb9][0xfffffff2]d)[0xffffff91]7Q[0xffffffe5][0xffffffaa][0xffffff95][0xffffffa3]D[0xffffffca]D[0xffffff95][0x16][0xffffffef][0xffffffdf]Sbs[0x13]U[0xfffffff7]uQ[0x1f][0xffffff83]n[0xfffffff8]D[0xffffffd5][0x16]0Q[0xffffffb5][0xffffff99][0x1d][0xffffff95][0xffffffba][0xffffff80]o[0xffffffd8]D[0xffffffd5]&K) %L[0x14][0x11]J[0xffffffd8]@"[0xffffff94]0[0xffffffb1],[0xffffffa7][0xffffff84][0xffffff84][0xffffffb3][0xffffff98][0x12][0x12][0xffffffd1] J[0xffffffb8][0xfffffff2]D)[0xffffffe1][0xffffffbb][0x14][0xffffffa5][0xffffff84][0xffffffab]V[0xffffff8c][0x12][0xffffffda][0xffffffb4][0x10]%[0xffffffb4]x[0x17](av%[0xffffffda][0xffffffab]u[0xffffffea]][0xffffff89][\r][0xffffffdf][0xffffff95][0xffffffd8][0x2]v%6[0xfffffff3][0xfffffff1]sa[0xffffffc0][0xffffffb1]][0xffffff89]M>o&)[0x11][0xffffffb2]+a[0x3][0xffffffc9]P"`WB[0xffffffc2]YM[0xffffff89][0xffffffe0]][0x9]W[0xffffff9e],%[0xfffffff2]v%\[0xffffffb5]r[0xffffff94]H[0xffffffd9][0xffffff95][0xffffffd0][0xffffffe2]][0xffffffa0][0xffffff84][0xffffffd9][0xffffff95]h[0xffffffaf][0xfffffff3]:(J[0xffffffe0][0xffffffbb][0x12][[0xffffffc0][0xffffffae][0xffffffc4]f>~.[0xc]8[0xffffffb6]+[0xffffffb1][0xffffffc9][0xffffffe7][0xffffffcd]$%Bv%l [0x19]J[0x4][0xffffffec]JH8[0xffffffab])[0x11][0xffffffbc]+[0xffffffe1][0xffffffca][0xffffff93][0xffffffa5]D[0xffffffde][0xffffffae][0xffffff84][0xffffffab]V[0xffffff8e][0x12])[0xffffffbb][0x12]Z[0xffffffbc][0xb][0xffffff94][0xffffffd8][0x1d]%[0xffffffee][0x1b][0xfffffffb][0xffffff81]c[0xffffffc7])[0xffffffb1][0x7]Pb[0xffffffd7][0xffffffbc][0x17][0x6]|[0xffffffc7]([0xffffffb1]'QB[0xffffffa3][0xffffffc8]P[0xffffffc2][0x5]"
[DEBUG] 2024-06-23 21:45:26.012 [main] wire - http-outgoing-0 << "[0xffffff92][0xffffffa1][0xffffff84][0xffffffc6][0xffffffb2][0xffffff9e][0x12]s8[0xffffffab])1G4[0xffffff89][0x12][0xffffffa6]<YJ[0xffffffd8].e)a[0xffffffaa][0xffffff95][0xffffffa3][0xffffff84]4-E[0x9])[0xffffffde]%J[0x1c]a[0xffffff94][0xffffff80][0xffffffcf][0xffffffe0][0xfffffff8][0xffffffb8][0x3][0xffffff9e][0x12][0xffffffe0][0x19][0x1c][0x1f]W[0xffffffa7]([0xffffff91]s[0x6][0xffffff87][0xffffff89]"E[0xffffff89][0xffffff90]38L,[0x9]J[0xffffffa0]gpHD[0xffffffb3]([0xffffff91]u[0x6][0xffffff87][0xffffffef]R[0xffffff9a][0x12]9gph[0xffffffd3]r[0xffffff94][0xfffffff8][0xfffffff1][0x19][0x1c][0xffffffdb]a[0xffffff9e]J[0xffffffb4]m[0xffffffc3](q[0xffffffe0]O%[0xffffff8e][0xffffff80][0xffffffa7][0x12][0xffffff87][0xffffffd2][0xffffffb9]0[0xffffffe0][0x7][0xfffffff6]T[0xffffffe2]Hz*[0xffffffa1]Qd([0xffffffe1][0x2][0xffffffc9]PBcYO[0xffffff89]9[0xffffff9c][0xffffffd5][0xffffff94][0xffffff98]#[0xffffff9a]D[0x9]S[0xffffff9e],%l[0xffffff97][0xffffffb2][0xffffff94]0[0xffffffd5][0xffffffca]QB[0xffffff9a][0xffffff96][0xffffffa2][0xffffff84][0x14][0xffffffef][0x2]%[0xffffffcc][0xffffffda]ek[0xfffffff7]~P[0xffffff94][0xffffffc0][0xffffffd7].[0xffffffb7][0xffffff80][0xffffffb5][0xffffffcb][0xffffffcd]L[0xffffffb2][0x15][0x6][0x1c][[0xffffffbb][0xffffffdc]dt[0xffffff8d][0xffffffa4]D[0xffffffc8][0xffffffda][0xffffffa5][\r]$C[0xffffff89][0xffffff80][0xffffffb5]K[0x9]g5%[0xffffff82][0xffffffd7].]y[0xffffffb2][0xffffff94][0xffffffc8][[0xffffffbb]t[0xffffffd5][0xffffffca]Q"e[0xffffffed]R[0xffffff8b][0xfffffff7][0xffffffef])[0xffffffb1][0xffffffbb]/8[0xffffffb6]sP_p[0xffffffec][0xfffffff8][0x17][0x1c]{[0xffffffc0][0x17][0x1c][0xffffffbb]y[0xffffffcd][0xffffffb8].[0xffffffe0];[0xfffffff6][0x5][0xffffffc7]./[0x12][0xffffff83][0xffffff94]0QD(a[0x3][0xffffff89]P[0xffffffc2][0xffffffc4][0xffffffb2][0xffffff9c][0x12][0x12][0xffffffce]bJHD[0xffffff83]([0xffffffe1][0xffffffca][0x13][0xffffffa5][0xffffff84][0xffffffef]R[0xffffff94][0x12][0xffffffae]Z1Jh[0xffffffd3]B[0xffffff94][0xffffffd0][0xffffffe2]][0xffffffa0][0xffffff84][0xfffffffb][0xffffff82]c[0x1b];F[0x9][0xfffffffc][0xb][0xffffff8e]=[0xffffffe0][0xb][0xffffff8e][0xffffffdd][0xffffffbc]f\[0x18]p[0xffffffec][0xb][0xffffff8e]]^$&)[0x11][0xfffffff2][0x5][0xffffff87][\r]$C[0xffffff89][0xffffff80]/8$[0xffffff9c][0xffffffd5][0xffffff94][0x8][0xfffffffe][0xffffff82][0xffffffc3][0xffffff95]'K[0xffffff89][0xffffffbc]/8\[0xffffffb5]r[0xffffff94]H[0xfffffff9][0xffffff82]C[0xffffff8b]w[0xffffff81][0x12][0xffffffee][0xb][0xffffff8e][0xffffffbd]uj[0xffffffed]r[0xffffffc7][0xffffffbf][0xffffffe0][0xffffffd8][0x3][0xffffffbe][0xffffffe0][0xffffffd8][0xffffffcd]k[0xffffffc6][0xffffff85][0x1][0xffffffc7][0xffffffbe][0xffffffe0][0xffffffd8][0xffffffe5]Eb[0xffffff92][0x12]!_p[0xffffffd8]@2[0xffffff94][0x8][0xfffffff8][0xffffff82]C[0xffffffc2]YM[0xffffff89][0xffffffe0]/8\y[0xffffffb2][0xffffff94][0xffffffc8][0xfffffffb][0xffffff82][0xffffffc3]U+G[0xffffff89][0xffffff94]/8[0xffffffb4]x[0xffffff97]([0xffffffb1][0xffffff85]Q[0x2]>[0xffffff83][0xffffffe3][0xffffffe3][0xe]xJ[0xffffff80]gp|\[0xffffff9d][0xffffffa2]D[0xffffffce][0x19][0x1c]&[0xffffff8a][0x14]%B[0xffffffce][0xffffffe0]0[0xffffffb1]$([0xffffff81][0xffffff9e][0xffffffc1]![0x11][0xffffffcd][0xffffffa2]D[0xffffffd6][0x19][0x1c][0xffffffbe]KiJ[0xffffffe4][0xffffff9c][0xffffffc1][0xffffffa1]M[0xffffffcb]Q[0xffffffe2][0xffffffc7]gp[0xffffffec][0xffffffee]cP[0xffffff96][0x12][0xfffffff0][0xffffffc7][0xffffffa0]{[0xffffffc0][0xffffffc7][0xffffffa0][0xffffffbb][0xfffffff9]b[0xffffffa9]4[0xffffffe0][0xffffffd0][0xffffffc7][0xffffffa0][0xffffffbb]|[0xffffff93][0xffffffc4]R"[0xffffffe2]cP[0x1b]H[0xffffff8a][0x12][0xfffffff8][0xffffffc7][0xffffffa0][0x12][0xffffffce]zJ[0xffffffc4]~[0xc][0xffffffea][0xffffffca][0xffffff93][0xffffffa6]D[0xffffffda][0xffffffc7][0xffffffa0][0xffffffae]ZIJd|[0xc][0xffffffaa][0xffffffc5][0xffffffbb]D[0xffffff89]6[0xffffffc2],[0xffffffd1][0x6][0xffffff8e][0xffffff89][0xffffffb7][[0xffffffe0]5[0xfffffff1]u[0x13][0x14]'[0xffffffde].Oy[0xffffffe2][0xfffffff3][0xffffffd2])[0xffffffa0][0xffffff90]<R[0xffffffa2]0[0xffffffa9][0xffffffa4]H![0xffffffd9]$L1%[0xffffffb4][0x1e][0x15]SN[0xffffffb3]T[0xffffffa1]5J[0xffffffb3][0xffffffc2][0xffffffb5]*[0xffffffed][\n]"
[DEBUG] 2024-06-23 21:45:26.012 [main] wire - http-outgoing-0 << "-Y[0x12][0x16]s[0xffffffe7]r[0xffffffb2][0xffffff98]+[0xfffffff8]ohq}[0xfffffffe][0x11][0xffffffb7]3[0xffffffb1][0xffffff8f][0xffffffb3][0xffffff97][0xffffffcb][0xffffffe2][0xfffffff7][0xfffffffd]P[0xffffffb0][0xfffffff8]v[0x7][0xffffff98]+[0xffffffa6]{(f[0xffffffc5][0xffffffb7][0xffffffab][0x17][0xffffffab][0xffffffe2][0xffffffbf][0xffffffaf][0xc][0xffffffa3][0xffffffe2]1[0xffffff8a][0xffffffc5][0xffffffa6][0xfffffff8]C [0xffffff8b]I[0xfffffff1][0x18][0xffffffcb]BQ<[0xffffff84][0xffffffb3][0xc][0x14][0xf][0x11][0xffffff8d][0xfffffff0][0xffffffc4]syB[0xffffff9c][0xfffffff8]S[0xffffff97]B[0xffffff9a]x[0xffffffae]V[0x0][0x13]OM[n[0xffffff89][0xffffffa7][0xffffffe2]][0xffffffa0][0xffffffc4]e(q[0xffffffbe]^'E[0xffffff89][0xb][0xffffffa7][0xffffffc4][0x15]@[0xffffff89]K[0xfffffff3]^[0x18][0xfffffff0][0xb][0xffffffa3][0xffffffc4][0xffffff95]D[0x9][0xffffff8d]"C[0x9][0x17]H[0xffffff86][0x12][0x1a][0xffffffcb]zJ[0xffffffcc][0xffffffe1][0xffffffac][0xffffffa6][0xffffffc4][0x1c][0xffffffd1]$J[0xffffff98][0xfffffff2]d)a[0xffffffbb][0xffffff94][0xffffffa5][0xffffff84][0xffffffa9]V[0xffffff8e][0x12][0xffffffd2][0xffffffb4][0x14]%[0xffffffa4]x[0x17](q;J4`H[0xfffffffb][0xfffffff7][0xfffffffd][0xffffffc0][0xffffff94][0xffffffb8]][0xfffffffc][0xffffff8b][0xfffffff3]~k[0xffffffde][0xb][0x3]~c[0xffffff94][0xffffffb8][0xffffff93]([0xffffffa1]Qd([0xffffffe1][0x2][0xffffffc9]PBcYO[0xffffff89]9[0xffffff9c][0xffffffd5][0xffffff94][0xffffff98]#[0xffffff9a]D[0x9]S[0xffffff9e],%l[0xffffff97][0xffffffb2][0xffffff94]0[0xffffffd5][0xffffffca]QB[0xffffff9a][0xffffff96][0xffffffa2][0xffffff84][0x14][0xffffffef][0xffffffdf]S[0xffffffe2]x9J[0xffffff9c][0xffffffc7][0xe]Q[0xffffffe2][0xfffffffd]~XJ[0x1c]/[0x17][0xffffffff][0xffffffda][0xffffffbc][0xffffffff][0xffffffba][0x7][0xffffff84][0x12][0xffffffc7][0xffffff8b][0xffffffa2][0xffffffc4]?W[0xffffff8e][0xffffffa0][0xffffff84][0xffffff89]"B[0x9][0x1b]H[0xffffff84][0x12]&[0xffffff96][0xffffffe5][0xffffff94][0xffffff90]p[0x16]SB"[0x1a]D[0x9]W[0xffffff9e](%|[0xffffff97][0xffffffa2][0xffffff94]p[0xffffffd5][0xffffff8a]QB[0xffffff9b][0x16][0xffffffa2][0xffffff84][0x16][0xffffffef][0x2]%[0xffffffdc][0xfffffffa][0xffffffe5][0xffffffd9][0xffffffdb]FQ[0x2]\[0xffffffbf][0xfffffffc]v[0x7]4%[0xffffffa0][0xfffffff5][0xffffffcb]oWg([0xffffff91][0xffffffb1]~[0xfffffff9][0x18]E[0xffffff86][0x12][0x1][0xffffffeb][0xffffff97][0xffffff8f][0xffffffb1][0xffffffac][0xffffffa7][0x4][0xffffffb6]~[0xfffffff9][0x10][0xffffffd1]$J[0xffffffe4][0xffffffac]_[0xfffffffe][0xffffffa9]KYJd[0xffffffac]_>5-E[0xffffff89][0x1f][0xffffffad]_~[0xfffffffd][\r][0xffffffb7]~y[0xffffff8e][0x1b]{*[0x1][0xffffffae]_~[0xffffffbb][0x3][0xffffff9a][0x12][0xffffffd0][0xfffffffa][0xffffffe5][0xffffffb7][0xffffffab]3[0xffffff94][0xffffffc8]X[0xffffffbf]|[0xffffff8c]"C[0xffffff89][0xffffff80][0xfffffff5][0xffffffcb][0xffffffc7]X[0xffffffd6]S[0x2][[0xffffffbf]|[0xffffff88]h[0x12]%r[0xffffffd6]/[0xffffffff][0xffffffd4][0xffffffa5],%2[0xffffffd6]/[0xffffff9f][0xffffff9a][0xffffff96][0xffffffa2][0xffffffc4][0xffffff8f][0xffffffd6]/[0xffffffbf][0xfffffffe][0xffffff86][[0xffffffbf][0xffffffec][0xffffffdb][0xffffff8b][0xfffffffa][0xffffff82][0xffffffe3][0x0][0xffffffd7]/[0xffffffbf][0xffffffdd][0x1]M[0x9]h[0xfffffffd][0xfffffff2][0xffffffdb][0xffffffd5][0x19]Jd[0xffffffac]_>F[0xffffff91][0xffffffa1]D[0xffffffc0][0xfffffffa][0xffffffe5]c,[0xffffffeb])[0xffffff81][0xffffffad]_>D4[0xffffff89][0x12]9[0xffffffeb][0xffffff97][0x7f][0xffffffea]R[0xffffff96][0x12][0x19][0xffffffeb][0xffffff97]OMKQ[0xffffffe2]G[0xffffffeb][0xffffff97]_[0x7f][0xffffffc3]}[0xc][0xffffffda][0xffffff8f]F[0xffffffbd]vy[0xffffffe0][0x1f][0xffffff83][0x1e][0x1][0x1f][0xffffff83][0x1e][0xffffffe6][0xffffff8b][0xffffffa5][0xffffffc2][0xffffff80]c[0x1f][0xffffff83][0x1e][0xfffffff2]M[0x12]I[0xffffff89][0xffffff90][0xffffff8f]Am [0x19]J[0x4]|[0xc]*[0xffffffe1][0xffffffac][0xffffffa6]D[0xfffffff0][0xffffffc7][0xffffffa0][0xffffffae]<YJ[0xffffffe4]}[0xc][0xffffffea][0xffffffaa][0xffffff95][0xffffffa3]D[0xffffffca][0xffffffc7][0xffffffa0]Z[0xffffffbc][0xb][0xffffff94][0xffffffb8][0xc]%[0xffffffc6][0xffffffbe]c[0xffffff94][0xffffffb8]pJ\[0x1][0xffffff94][0xffffffb8]4[0xffffffef][0xffffff85][0x1][0xffffffbf]0J\I[0xffffff94][0xffffffd0](2[0xffffff94]p[0xffffff81]d([0xffffffa1][0xffffffb1][0xffffffac][0xffffffa7][0xffffffc4][0x1c][0xffffffce]jJ[0xffffffcc][0x11]M[0xffffffa2][0xffffff84])O[0xffffff96][0x12][0xffffffb6]KYJ[0xffffff98]j[0xffffffe5](!MKQB[0xffffff8a][0xfffffff7][0xffffffef])q[0xffffffba]/8[0xffffffc6]uS[0xffffffaf]][0xffffff9e][0xfffffff8][0x17][0x1c]g[0xffffffc0][0x17][0x1c][0xffffffa7]y[0xffffffcd][0xffffffb8].[0xffffffe0]'[0xfffffff6][0x5][0xffffffc7])/[0x12][0xffffff83][0xffffff94]0QD(a[0x3][0xffffff89]P[0xffffffc2][0xffffffc4][0xffffffb2][0xffffff9c][0x12][0x12][0xffffffce]bJHD[0xffffff83]([0xffffffe1][0xffffffca][0x13][0xffffffa5][0xffffff84][0xffffffef]R[0xffffff94][0x12][0xffffffae]Z1Jh[0xffffffd3]B[0xffffff94][0xffffffd0][0xffffffe2]][0xffffffa0][0xffffff84][0xfffffffb][0xffffff82][0xffffffe3][0xffffffda][0xffffff80]C[0xffffffc7][0x7f][0xffffffdf][0xf]L[0xffffff89][0xffffff80]/8N[0xfffffff3][0xffffff9a]qa[0xffffffc0][0xffffffb1]/8Ny[0xffffff91][0xffffff98][0xffffffa4]D[0xffffffc8][0x17][0x1c]6[0xffffff90][0xc]%[0x2][0xffffffbe]"
[DEBUG] 2024-06-23 21:45:26.018 [main] wire - http-outgoing-0 << "[0xffffffe0][0xffffff90]pVS"[0xfffffff8][0xb][0xe]W[0xffffff9e],%[0xfffffff2][0xffffffbe][0xffffffe0]p[0xffffffd5][0xffffffca]Q"[0xffffffe5][0xb][0xe]-[0xffffffde][0x5]J[0xffffffb8]/8[0xffffffae][0xffffffed][0xffffffbe])J[0xffffffe0]_p[0xffffff9c][0x1]_p[0xffffff9c][0xffffffe6]5[0xffffffe3][0xffffffc2][0xffffff80]c_p[0xffffff9c][0xfffffff2]"1I[0xffffff89][0xffffff90]/8l [0x19]J[0x4]|[0xffffffc1]![0xffffffe1][0xffffffac][0xffffffa6]D[0xfffffff0][0x17][0x1c][0xffffffae]<YJ[0xffffffe4]}[0xffffffc1][0xffffffe1][0xffffffaa][0xffffff95][0xffffffa3]D[0xffffffca][0x17][0x1c]Z[0xffffffbc][0xb][0xffffff94]p_p\[0xfffffffb][0xb][0xfffffffb][0xffffff81][0x3][0xffffffff][0xffffff82][0xffffffe3][0xc][0xfffffff8][0xffffff82][0xffffffe3]4[0xffffffaf][0x19][0x17][0x6][0x1c][0xfffffffb][0xffffff82][0xffffffe3][0xffffff94][0x17][0xffffff89]IJ[0xffffff84]|[0xffffffc1]a[0x3][0xffffffc9]P"[0xffffffe0][0xb][0xe][0x9]g5%[0xffffff82][0xffffffbf][0xffffffe0]p[0xffffffe5][0xffffffc9]R"[0xffffffef][0xb][0xe]W[0xffffffad][0x1c]%R[0xffffffbe][0xffffffe0][0xffffffd0][0xffffffe2][0xfffffffd]#%[0xfffffffe][0xfffffff7][0xffffffff][0xfffffffe][0xffffffe7][0xffffffff][0x1][0x6][0xffffffc4])Q[0xffffffe4][0x7f][0x15][0x0]"
[DEBUG] 2024-06-23 21:45:26.265 [main] InternalHttpClient - ep-0000000001 releasing valid endpoint
[DEBUG] 2024-06-23 21:45:26.277 [main] PoolingHttpClientConnectionManager - ep-0000000001 releasing endpoint
[DEBUG] 2024-06-23 21:45:26.278 [main] PoolingHttpClientConnectionManager - ep-0000000001 connection http-outgoing-0 can be kept alive for 3 MINUTES
[DEBUG] 2024-06-23 21:45:26.278 [main] PoolingHttpClientConnectionManager - ep-0000000001 connection released [route: {s}->https://googlechromelabs.github.io:443][total available: 1; route allocated: 1 of 5; total allocated: 1 of 25]
[INFO ] 2024-06-23 21:45:26.278 [main] WebDriverManager - Using chromedriver 126.0.6478.63 (resolved driver for Chrome 126)
[DEBUG] 2024-06-23 21:45:26.285 [main] ResolutionCache - Storing resolution chrome126=126.0.6478.63 in cache (valid until 21:45:26 24/06/2024 IST)
[DEBUG] 2024-06-23 21:45:26.361 [main] WebDriverManager - Driver chromedriver 126.0.6478.63 found in cache
[INFO ] 2024-06-23 21:45:26.361 [main] WebDriverManager - Exporting webdriver.chrome.driver as C:\Users\anjalisachan\.cache\selenium\chromedriver\win64\126.0.6478.63\chromedriver.exe
[INFO ] 2024-06-23 21:45:36.474 [main] SellerTest - User launches Chrome browser and navigates to the Flipkart homepage
[INFO ] 2024-06-23 21:45:41.103 [main] SellerTest - User clicks on the Become a Seller link
[INFO ] 2024-06-23 21:45:43.184 [main] SellerTest - Start Selling button is present on the page
]]></system-out>
    <system-err><![CDATA[Jun 23, 2024 9:45:29 PM org.openqa.selenium.devtools.CdpVersionFinder findNearestMatch
WARNING: Unable to find an exact match for CDP version 126, returning the closest version; found: 125; Please update to a Selenium version that supports CDP version 126
]]></system-err>
  </testcase>
</testsuite>