<?xml version="1.0" encoding="UTF-8"?>
<!-- Generated by org.testng.reporters.JUnitXMLReporter -->
<testsuite ignored="0" hostname="IN-D80D5S3" failures="0" tests="4" name="ProductFilter" time="8.765" errors="0" timestamp="2024-06-17T11:12:13 IST">
  <testcase classname="Test.ProductFilter" name="testApplySamsungFilter" time="0.0"/>
  <testcase classname="Test.ProductFilter" name="testApplySamsungFilter" time="0.011"/>
  <testcase classname="Test.ProductFilter" name="testApplySamsungFilter" time="0.003"/>
  <testcase classname="Test.ProductFilter" name="testApplySamsungFilter" time="4.729"/>
</testsuite> <!-- ProductFilter -->
